I
Traceback (most recent call last):
  File "train_rnn.py", line 42, in <module>
    tunes = tune_parser.loadTrainingSet()
  File "E:\Documents\projects\ducth-folk-songs\tune_parser.py", line 169, in loadTrainingSet
    return [Tune(i) for i in DutchFolkTunes.tune_strings]
  File "E:\Documents\projects\ducth-folk-songs\tune_parser.py", line 144, in __init__
    self.parseLine(line)
  File "E:\Documents\projects\ducth-folk-songs\tune_parser.py", line 130, in parseLine
    self.parseBodyLine(line)
  File "E:\Documents\projects\ducth-folk-songs\tune_parser.py", line 113, in parseBodyLine
    self.parseBodyLine(line[end:])
  File "E:\Documents\projects\ducth-folk-songs\tune_parser.py", line 113, in parseBodyLine
    self.parseBodyLine(line[end:])
  File "E:\Documents\projects\ducth-folk-songs\tune_parser.py", line 112, in parseBodyLine
    self.addToken(token)
  File "E:\Documents\projects\ducth-folk-songs\tune_parser.py", line 83, in addToken
    note = Note(token)
  File "E:\Documents\projects\ducth-folk-songs\tune_parser.py", line 68, in __init__
    self.pitch = height2pitch(pitch2height(self.pitch))
  File "E:\Documents\projects\ducth-folk-songs\tune_parser.py", line 55, in pitch2height
    result = pitches[g.group()]
AttributeError: 'NoneType' object has no attribute 'group'
