vocabulary size: 13035
<type 'int'>
<type 'numpy.float64'>
n tunes: 999
n train tunes: 951
n validation tunes: 48
min, max length 39 835
Building the model
  number of parameters: 208545956
  layer output shapes:               #params:   output shape:
    InputLayer                       0          (16, None)
    EmbeddingLayer                   169911225  (16, None, 13035)
    InputLayer                       0          (16, None)
    LSTMLayer                        27747328   (16, None, 512)
    DropoutLayer                     0          (16, None, 512)
    LSTMLayer                        2100224    (16, None, 512)
    DropoutLayer                     0          (16, None, 512)
    LSTMLayer                        2100224    (16, None, 512)
    DropoutLayer                     0          (16, None, 512)
    ReshapeLayer                     0          (None, 512)
    DenseLayer                       6686955    (None, 13035)
Train model
1/1180 (epoch 0.017) train_loss=696.54327393 time/batch=1.02s
2/1180 (epoch 0.034) train_loss=1312.10107422 time/batch=0.51s
3/1180 (epoch 0.051) train_loss=626.85412598 time/batch=0.37s
4/1180 (epoch 0.068) train_loss=716.73291016 time/batch=0.38s
5/1180 (epoch 0.085) train_loss=978.01147461 time/batch=0.63s
6/1180 (epoch 0.102) train_loss=979.77307129 time/batch=0.77s
7/1180 (epoch 0.119) train_loss=600.67694092 time/batch=0.41s
8/1180 (epoch 0.136) train_loss=441.05630493 time/batch=0.27s
9/1180 (epoch 0.153) train_loss=2138.38696289 time/batch=2.65s
10/1180 (epoch 0.169) train_loss=643.14086914 time/batch=0.77s
11/1180 (epoch 0.186) train_loss=640.71252441 time/batch=0.36s
12/1180 (epoch 0.203) train_loss=470.57650757 time/batch=0.28s
13/1180 (epoch 0.220) train_loss=618.66351318 time/batch=0.37s
14/1180 (epoch 0.237) train_loss=466.31695557 time/batch=0.28s
15/1180 (epoch 0.254) train_loss=319.41073608 time/batch=0.20s
16/1180 (epoch 0.271) train_loss=699.53692627 time/batch=0.38s
17/1180 (epoch 0.288) train_loss=382.69876099 time/batch=0.25s
18/1180 (epoch 0.305) train_loss=265.11822510 time/batch=0.19s
19/1180 (epoch 0.322) train_loss=268.88040161 time/batch=0.17s
20/1180 (epoch 0.339) train_loss=749.96166992 time/batch=0.39s
21/1180 (epoch 0.356) train_loss=616.52197266 time/batch=0.37s
22/1180 (epoch 0.373) train_loss=322.64062500 time/batch=0.22s
23/1180 (epoch 0.390) train_loss=664.78338623 time/batch=0.38s
24/1180 (epoch 0.407) train_loss=377.71505737 time/batch=0.27s
25/1180 (epoch 0.424) train_loss=403.43869019 time/batch=0.25s
26/1180 (epoch 0.441) train_loss=255.07090759 time/batch=0.19s
27/1180 (epoch 0.458) train_loss=502.30990601 time/batch=0.28s
28/1180 (epoch 0.475) train_loss=551.33862305 time/batch=0.33s
29/1180 (epoch 0.492) train_loss=516.06097412 time/batch=0.33s
30/1180 (epoch 0.508) train_loss=630.34667969 time/batch=0.38s
31/1180 (epoch 0.525) train_loss=522.33441162 time/batch=0.31s
32/1180 (epoch 0.542) train_loss=273.01928711 time/batch=0.18s
33/1180 (epoch 0.559) train_loss=473.92962646 time/batch=0.28s
34/1180 (epoch 0.576) train_loss=489.83160400 time/batch=0.30s
35/1180 (epoch 0.593) train_loss=271.61663818 time/batch=0.19s
36/1180 (epoch 0.610) train_loss=579.42700195 time/batch=1.75s
37/1180 (epoch 0.627) train_loss=298.16070557 time/batch=0.47s
38/1180 (epoch 0.644) train_loss=416.27926636 time/batch=0.27s
39/1180 (epoch 0.661) train_loss=253.71286011 time/batch=0.19s
40/1180 (epoch 0.678) train_loss=517.06445312 time/batch=0.30s
41/1180 (epoch 0.695) train_loss=719.52459717 time/batch=0.42s
42/1180 (epoch 0.712) train_loss=566.67724609 time/batch=0.47s
43/1180 (epoch 0.729) train_loss=469.30944824 time/batch=0.31s
44/1180 (epoch 0.746) train_loss=341.20373535 time/batch=0.22s
45/1180 (epoch 0.763) train_loss=511.40026855 time/batch=0.31s
46/1180 (epoch 0.780) train_loss=244.33247375 time/batch=0.20s
47/1180 (epoch 0.797) train_loss=406.33398438 time/batch=0.30s
48/1180 (epoch 0.814) train_loss=270.91699219 time/batch=0.22s
49/1180 (epoch 0.831) train_loss=234.09997559 time/batch=0.17s
50/1180 (epoch 0.847) train_loss=232.20230103 time/batch=0.17s
51/1180 (epoch 0.864) train_loss=282.89031982 time/batch=0.19s
52/1180 (epoch 0.881) train_loss=262.32382202 time/batch=0.18s
53/1180 (epoch 0.898) train_loss=262.06976318 time/batch=0.19s
54/1180 (epoch 0.915) train_loss=246.31080627 time/batch=0.17s
55/1180 (epoch 0.932) train_loss=242.73289490 time/batch=0.18s
56/1180 (epoch 0.949) train_loss=239.22212219 time/batch=0.17s
57/1180 (epoch 0.966) train_loss=248.84718323 time/batch=0.19s
58/1180 (epoch 0.983) train_loss=243.64413452 time/batch=0.19s
59/1180 (epoch 1.000) train_loss=237.36328125 time/batch=0.17s
60/1180 (epoch 1.017) train_loss=222.14382935 time/batch=0.17s
61/1180 (epoch 1.034) train_loss=532.84875488 time/batch=0.31s
62/1180 (epoch 1.051) train_loss=2765.50732422 time/batch=2.64s
63/1180 (epoch 1.068) train_loss=514.48150635 time/batch=2.19s
64/1180 (epoch 1.085) train_loss=824.46160889 time/batch=0.78s
65/1180 (epoch 1.102) train_loss=384.38092041 time/batch=0.28s
66/1180 (epoch 1.119) train_loss=609.24621582 time/batch=0.39s
67/1180 (epoch 1.136) train_loss=459.41802979 time/batch=0.33s
68/1180 (epoch 1.153) train_loss=689.00726318 time/batch=0.44s
69/1180 (epoch 1.169) train_loss=688.50769043 time/batch=0.44s
70/1180 (epoch 1.186) train_loss=506.35366821 time/batch=0.34s
71/1180 (epoch 1.203) train_loss=398.45153809 time/batch=0.27s
72/1180 (epoch 1.220) train_loss=374.56884766 time/batch=0.25s
73/1180 (epoch 1.237) train_loss=792.35418701 time/batch=0.55s
74/1180 (epoch 1.254) train_loss=823.01367188 time/batch=0.67s
75/1180 (epoch 1.271) train_loss=488.57641602 time/batch=0.38s
76/1180 (epoch 1.288) train_loss=513.95782471 time/batch=0.33s
77/1180 (epoch 1.305) train_loss=337.41784668 time/batch=0.23s
78/1180 (epoch 1.322) train_loss=519.14807129 time/batch=0.33s
79/1180 (epoch 1.339) train_loss=594.25695801 time/batch=0.41s
80/1180 (epoch 1.356) train_loss=347.29067993 time/batch=0.25s
81/1180 (epoch 1.373) train_loss=561.48864746 time/batch=0.36s
82/1180 (epoch 1.390) train_loss=265.05920410 time/batch=0.20s
83/1180 (epoch 1.407) train_loss=396.45782471 time/batch=0.25s
84/1180 (epoch 1.424) train_loss=357.35827637 time/batch=0.25s
85/1180 (epoch 1.441) train_loss=525.77783203 time/batch=0.34s
86/1180 (epoch 1.458) train_loss=392.82318115 time/batch=0.28s
87/1180 (epoch 1.475) train_loss=231.95739746 time/batch=0.19s
88/1180 (epoch 1.492) train_loss=444.60177612 time/batch=0.28s
89/1180 (epoch 1.508) train_loss=324.59512329 time/batch=0.28s
90/1180 (epoch 1.525) train_loss=616.67041016 time/batch=0.41s
91/1180 (epoch 1.542) train_loss=643.23773193 time/batch=0.65s
92/1180 (epoch 1.559) train_loss=218.86169434 time/batch=0.25s
93/1180 (epoch 1.576) train_loss=252.04420471 time/batch=0.19s
94/1180 (epoch 1.593) train_loss=481.31970215 time/batch=0.31s
95/1180 (epoch 1.610) train_loss=238.81605530 time/batch=0.20s
96/1180 (epoch 1.627) train_loss=707.20556641 time/batch=0.33s
97/1180 (epoch 1.644) train_loss=484.56390381 time/batch=0.31s
98/1180 (epoch 1.661) train_loss=478.73229980 time/batch=0.37s
99/1180 (epoch 1.678) train_loss=606.64672852 time/batch=0.65s
100/1180 (epoch 1.695) train_loss=432.40353394 time/batch=0.34s
101/1180 (epoch 1.712) train_loss=263.24688721 time/batch=0.21s
102/1180 (epoch 1.729) train_loss=434.81982422 time/batch=0.28s
103/1180 (epoch 1.746) train_loss=257.06094360 time/batch=0.19s
104/1180 (epoch 1.763) train_loss=236.88763428 time/batch=0.19s
105/1180 (epoch 1.780) train_loss=254.80244446 time/batch=0.26s
106/1180 (epoch 1.797) train_loss=227.64512634 time/batch=0.19s
107/1180 (epoch 1.814) train_loss=398.59570312 time/batch=0.34s
108/1180 (epoch 1.831) train_loss=241.77157593 time/batch=0.22s
109/1180 (epoch 1.847) train_loss=225.08575439 time/batch=0.19s
110/1180 (epoch 1.864) train_loss=231.74183655 time/batch=0.17s
111/1180 (epoch 1.881) train_loss=249.97213745 time/batch=0.36s
112/1180 (epoch 1.898) train_loss=208.70098877 time/batch=0.20s
113/1180 (epoch 1.915) train_loss=210.11022949 time/batch=0.17s
114/1180 (epoch 1.932) train_loss=200.53475952 time/batch=0.19s
115/1180 (epoch 1.949) train_loss=202.50155640 time/batch=0.18s
116/1180 (epoch 1.966) train_loss=206.13430786 time/batch=0.19s
117/1180 (epoch 1.983) train_loss=314.40270996 time/batch=0.34s
118/1180 (epoch 2.000) train_loss=225.89086914 time/batch=0.20s
119/1180 (epoch 2.017) train_loss=718.15014648 time/batch=0.45s
120/1180 (epoch 2.034) train_loss=1459.04125977 time/batch=2.06s
121/1180 (epoch 2.051) train_loss=533.39666748 time/batch=0.65s
122/1180 (epoch 2.068) train_loss=751.55438232 time/batch=0.49s
123/1180 (epoch 2.085) train_loss=585.27746582 time/batch=0.39s
124/1180 (epoch 2.102) train_loss=1311.94299316 time/batch=2.68s
125/1180 (epoch 2.119) train_loss=271.65643311 time/batch=0.64s
126/1180 (epoch 2.136) train_loss=447.40628052 time/batch=0.28s
127/1180 (epoch 2.153) train_loss=771.74792480 time/batch=0.53s
128/1180 (epoch 2.169) train_loss=485.89038086 time/batch=0.36s
129/1180 (epoch 2.186) train_loss=488.40029907 time/batch=0.35s
130/1180 (epoch 2.203) train_loss=426.06219482 time/batch=0.32s
131/1180 (epoch 2.220) train_loss=605.44738770 time/batch=0.41s
132/1180 (epoch 2.237) train_loss=368.04168701 time/batch=0.27s
133/1180 (epoch 2.254) train_loss=485.47705078 time/batch=1.77s
134/1180 (epoch 2.271) train_loss=582.15832520 time/batch=0.66s
135/1180 (epoch 2.288) train_loss=405.56793213 time/batch=0.33s
136/1180 (epoch 2.305) train_loss=442.58941650 time/batch=0.29s
137/1180 (epoch 2.322) train_loss=257.49969482 time/batch=0.22s
138/1180 (epoch 2.339) train_loss=533.08227539 time/batch=0.34s
139/1180 (epoch 2.356) train_loss=307.61456299 time/batch=0.24s
140/1180 (epoch 2.373) train_loss=354.92834473 time/batch=0.26s
141/1180 (epoch 2.390) train_loss=466.45895386 time/batch=0.29s
142/1180 (epoch 2.407) train_loss=503.01605225 time/batch=0.36s
143/1180 (epoch 2.424) train_loss=393.29571533 time/batch=0.28s
144/1180 (epoch 2.441) train_loss=536.82574463 time/batch=0.38s
145/1180 (epoch 2.458) train_loss=392.77966309 time/batch=0.30s
146/1180 (epoch 2.475) train_loss=569.54980469 time/batch=0.38s
147/1180 (epoch 2.492) train_loss=373.56198120 time/batch=0.27s
148/1180 (epoch 2.508) train_loss=637.89978027 time/batch=0.42s
149/1180 (epoch 2.525) train_loss=573.65161133 time/batch=0.43s
150/1180 (epoch 2.542) train_loss=272.00622559 time/batch=0.27s
151/1180 (epoch 2.559) train_loss=374.65365601 time/batch=0.27s
152/1180 (epoch 2.576) train_loss=381.39013672 time/batch=0.28s
153/1180 (epoch 2.593) train_loss=426.52474976 time/batch=0.31s
154/1180 (epoch 2.610) train_loss=469.47805786 time/batch=0.32s
155/1180 (epoch 2.627) train_loss=493.07998657 time/batch=0.41s
156/1180 (epoch 2.644) train_loss=203.11419678 time/batch=0.23s
157/1180 (epoch 2.661) train_loss=198.44723511 time/batch=0.17s
158/1180 (epoch 2.678) train_loss=224.47512817 time/batch=0.18s
159/1180 (epoch 2.695) train_loss=217.38229370 time/batch=0.19s
160/1180 (epoch 2.712) train_loss=460.99066162 time/batch=0.32s
161/1180 (epoch 2.729) train_loss=199.52291870 time/batch=0.20s
162/1180 (epoch 2.746) train_loss=351.24450684 time/batch=0.25s
163/1180 (epoch 2.763) train_loss=209.80276489 time/batch=0.20s
164/1180 (epoch 2.780) train_loss=224.55752563 time/batch=0.19s
165/1180 (epoch 2.797) train_loss=248.34283447 time/batch=0.24s
166/1180 (epoch 2.814) train_loss=236.72137451 time/batch=0.19s
167/1180 (epoch 2.831) train_loss=230.49205017 time/batch=0.18s
168/1180 (epoch 2.847) train_loss=208.32624817 time/batch=0.18s
169/1180 (epoch 2.864) train_loss=198.43771362 time/batch=0.18s
170/1180 (epoch 2.881) train_loss=189.22894287 time/batch=0.18s
171/1180 (epoch 2.898) train_loss=207.11807251 time/batch=0.19s
172/1180 (epoch 2.915) train_loss=211.35853577 time/batch=0.18s
173/1180 (epoch 2.932) train_loss=213.75115967 time/batch=0.18s
174/1180 (epoch 2.949) train_loss=195.11431885 time/batch=0.18s
175/1180 (epoch 2.966) train_loss=190.04983521 time/batch=0.18s
176/1180 (epoch 2.983) train_loss=192.96218872 time/batch=0.18s
177/1180 (epoch 3.000) train_loss=199.23886108 time/batch=0.19s
178/1180 (epoch 3.017) train_loss=408.00393677 time/batch=0.26s
179/1180 (epoch 3.034) train_loss=901.28405762 time/batch=0.60s
180/1180 (epoch 3.051) train_loss=614.86407471 time/batch=0.46s
181/1180 (epoch 3.068) train_loss=635.53302002 time/batch=0.44s
182/1180 (epoch 3.085) train_loss=319.10278320 time/batch=0.25s
183/1180 (epoch 3.102) train_loss=334.96902466 time/batch=0.25s
184/1180 (epoch 3.119) train_loss=1871.58276367 time/batch=2.64s
185/1180 (epoch 3.136) train_loss=538.61419678 time/batch=0.78s
186/1180 (epoch 3.153) train_loss=418.26467896 time/batch=0.31s
187/1180 (epoch 3.169) train_loss=808.32647705 time/batch=0.65s
188/1180 (epoch 3.186) train_loss=400.55404663 time/batch=0.36s
189/1180 (epoch 3.203) train_loss=521.06152344 time/batch=0.38s
190/1180 (epoch 3.220) train_loss=487.77233887 time/batch=0.37s
191/1180 (epoch 3.237) train_loss=351.30706787 time/batch=0.28s
192/1180 (epoch 3.254) train_loss=674.29040527 time/batch=0.44s
193/1180 (epoch 3.271) train_loss=248.98347473 time/batch=0.26s
194/1180 (epoch 3.288) train_loss=228.71649170 time/batch=0.18s
195/1180 (epoch 3.305) train_loss=452.32339478 time/batch=0.31s
196/1180 (epoch 3.322) train_loss=663.70043945 time/batch=0.48s
197/1180 (epoch 3.339) train_loss=346.32385254 time/batch=0.30s
198/1180 (epoch 3.356) train_loss=393.56561279 time/batch=0.30s
199/1180 (epoch 3.373) train_loss=367.33801270 time/batch=0.27s
200/1180 (epoch 3.390) train_loss=518.85235596 time/batch=0.34s
201/1180 (epoch 3.407) train_loss=198.77409363 time/batch=0.22s
202/1180 (epoch 3.424) train_loss=441.68969727 time/batch=0.28s
203/1180 (epoch 3.441) train_loss=318.26565552 time/batch=0.28s
204/1180 (epoch 3.458) train_loss=465.41589355 time/batch=0.33s
205/1180 (epoch 3.475) train_loss=234.04780579 time/batch=0.23s
206/1180 (epoch 3.492) train_loss=349.06909180 time/batch=0.27s
207/1180 (epoch 3.508) train_loss=292.40856934 time/batch=0.28s
208/1180 (epoch 3.525) train_loss=562.73828125 time/batch=0.38s
209/1180 (epoch 3.542) train_loss=233.89721680 time/batch=0.22s
210/1180 (epoch 3.559) train_loss=409.77612305 time/batch=0.30s
211/1180 (epoch 3.576) train_loss=392.01406860 time/batch=0.28s
212/1180 (epoch 3.593) train_loss=507.02026367 time/batch=0.36s
213/1180 (epoch 3.610) train_loss=440.38296509 time/batch=0.33s
214/1180 (epoch 3.627) train_loss=190.67098999 time/batch=0.21s
215/1180 (epoch 3.644) train_loss=590.01776123 time/batch=0.39s
216/1180 (epoch 3.661) train_loss=337.33270264 time/batch=1.77s
217/1180 (epoch 3.678) train_loss=540.06042480 time/batch=0.65s
218/1180 (epoch 3.695) train_loss=425.89224243 time/batch=0.33s
219/1180 (epoch 3.712) train_loss=338.23339844 time/batch=1.70s
220/1180 (epoch 3.729) train_loss=198.54946899 time/batch=0.46s
221/1180 (epoch 3.746) train_loss=265.15582275 time/batch=0.30s
222/1180 (epoch 3.763) train_loss=196.47259521 time/batch=0.19s
223/1180 (epoch 3.780) train_loss=190.05761719 time/batch=0.19s
224/1180 (epoch 3.797) train_loss=198.82565308 time/batch=0.19s
225/1180 (epoch 3.814) train_loss=451.42620850 time/batch=0.34s
226/1180 (epoch 3.831) train_loss=404.63571167 time/batch=0.39s
227/1180 (epoch 3.847) train_loss=189.36596680 time/batch=0.20s
228/1180 (epoch 3.864) train_loss=198.87698364 time/batch=0.19s
229/1180 (epoch 3.881) train_loss=182.97685242 time/batch=0.17s
230/1180 (epoch 3.898) train_loss=179.55880737 time/batch=0.19s
231/1180 (epoch 3.915) train_loss=181.71865845 time/batch=0.17s
232/1180 (epoch 3.932) train_loss=184.72866821 time/batch=0.19s
233/1180 (epoch 3.949) train_loss=193.64889526 time/batch=0.17s
234/1180 (epoch 3.966) train_loss=185.28344727 time/batch=0.19s
235/1180 (epoch 3.983) train_loss=184.51910400 time/batch=0.19s
236/1180 (epoch 4.000) train_loss=205.51599121 time/batch=0.19s
237/1180 (epoch 4.017) train_loss=974.29632568 time/batch=0.61s
238/1180 (epoch 4.034) train_loss=551.44116211 time/batch=0.42s
239/1180 (epoch 4.051) train_loss=615.32495117 time/batch=0.47s
240/1180 (epoch 4.068) train_loss=506.95553589 time/batch=0.35s
241/1180 (epoch 4.085) train_loss=598.47961426 time/batch=0.41s
242/1180 (epoch 4.102) train_loss=238.99343872 time/batch=0.23s
243/1180 (epoch 4.119) train_loss=1871.99963379 time/batch=2.61s
244/1180 (epoch 4.136) train_loss=459.24096680 time/batch=0.75s
245/1180 (epoch 4.153) train_loss=409.15017700 time/batch=0.30s
246/1180 (epoch 4.169) train_loss=338.94198608 time/batch=0.27s
247/1180 (epoch 4.186) train_loss=297.59078979 time/batch=0.23s
248/1180 (epoch 4.203) train_loss=327.30816650 time/batch=0.25s
249/1180 (epoch 4.220) train_loss=637.16052246 time/batch=0.45s
250/1180 (epoch 4.237) train_loss=380.10351562 time/batch=0.31s
251/1180 (epoch 4.254) train_loss=754.44287109 time/batch=0.62s
252/1180 (epoch 4.271) train_loss=603.40124512 time/batch=0.46s
253/1180 (epoch 4.288) train_loss=400.57040405 time/batch=0.31s
254/1180 (epoch 4.305) train_loss=487.86767578 time/batch=1.75s
255/1180 (epoch 4.322) train_loss=349.83813477 time/batch=0.53s
256/1180 (epoch 4.339) train_loss=392.53906250 time/batch=0.30s
257/1180 (epoch 4.356) train_loss=637.26818848 time/batch=0.47s
258/1180 (epoch 4.373) train_loss=350.99200439 time/batch=0.31s
259/1180 (epoch 4.390) train_loss=389.39715576 time/batch=0.31s
260/1180 (epoch 4.407) train_loss=455.25036621 time/batch=0.33s
261/1180 (epoch 4.424) train_loss=438.92642212 time/batch=0.34s
262/1180 (epoch 4.441) train_loss=205.22917175 time/batch=0.20s
263/1180 (epoch 4.458) train_loss=224.36520386 time/batch=0.19s
264/1180 (epoch 4.475) train_loss=239.47555542 time/batch=0.20s
265/1180 (epoch 4.492) train_loss=188.90805054 time/batch=0.17s
266/1180 (epoch 4.508) train_loss=287.17150879 time/batch=0.23s
267/1180 (epoch 4.525) train_loss=544.01690674 time/batch=0.37s
268/1180 (epoch 4.542) train_loss=445.84832764 time/batch=0.33s
269/1180 (epoch 4.559) train_loss=449.87515259 time/batch=0.31s
270/1180 (epoch 4.576) train_loss=444.71826172 time/batch=0.34s
271/1180 (epoch 4.593) train_loss=549.73834229 time/batch=0.38s
272/1180 (epoch 4.610) train_loss=413.74771118 time/batch=0.36s
273/1180 (epoch 4.627) train_loss=311.74755859 time/batch=0.28s
274/1180 (epoch 4.644) train_loss=499.81042480 time/batch=0.34s
275/1180 (epoch 4.661) train_loss=447.83499146 time/batch=0.36s
276/1180 (epoch 4.678) train_loss=479.68084717 time/batch=0.35s
277/1180 (epoch 4.695) train_loss=216.65783691 time/batch=0.22s
278/1180 (epoch 4.712) train_loss=279.76608276 time/batch=0.25s
279/1180 (epoch 4.729) train_loss=452.59805298 time/batch=0.34s
280/1180 (epoch 4.746) train_loss=195.26025391 time/batch=0.20s
281/1180 (epoch 4.763) train_loss=188.91946411 time/batch=0.17s
282/1180 (epoch 4.780) train_loss=179.98986816 time/batch=0.18s
283/1180 (epoch 4.797) train_loss=181.01657104 time/batch=0.19s
284/1180 (epoch 4.814) train_loss=176.90481567 time/batch=0.17s
285/1180 (epoch 4.831) train_loss=202.16342163 time/batch=0.19s
286/1180 (epoch 4.847) train_loss=210.55393982 time/batch=0.19s
287/1180 (epoch 4.864) train_loss=186.77908325 time/batch=0.17s
288/1180 (epoch 4.881) train_loss=177.74365234 time/batch=0.19s
289/1180 (epoch 4.898) train_loss=167.53198242 time/batch=0.19s
290/1180 (epoch 4.915) train_loss=176.17474365 time/batch=0.17s
291/1180 (epoch 4.932) train_loss=178.23872375 time/batch=0.19s
292/1180 (epoch 4.949) train_loss=208.13134766 time/batch=0.17s
293/1180 (epoch 4.966) train_loss=183.98593140 time/batch=0.19s
294/1180 (epoch 4.983) train_loss=167.00865173 time/batch=0.19s
295/1180 (epoch 5.000) train_loss=169.29597473 time/batch=0.17s
296/1180 (epoch 5.017) train_loss=1380.59082031 time/batch=2.01s
297/1180 (epoch 5.034) train_loss=317.89416504 time/batch=0.57s
298/1180 (epoch 5.051) train_loss=554.95117188 time/batch=0.39s
299/1180 (epoch 5.068) train_loss=582.92950439 time/batch=0.42s
300/1180 (epoch 5.085) train_loss=461.23477173 time/batch=0.36s
301/1180 (epoch 5.102) train_loss=390.19567871 time/batch=0.31s
302/1180 (epoch 5.119) train_loss=250.01266479 time/batch=0.22s
303/1180 (epoch 5.136) train_loss=712.00115967 time/batch=0.50s
304/1180 (epoch 5.153) train_loss=547.32031250 time/batch=0.42s
305/1180 (epoch 5.169) train_loss=539.30236816 time/batch=0.42s
306/1180 (epoch 5.186) train_loss=1368.22790527 time/batch=2.66s
307/1180 (epoch 5.203) train_loss=185.77041626 time/batch=0.62s
308/1180 (epoch 5.220) train_loss=374.58508301 time/batch=0.27s
309/1180 (epoch 5.237) train_loss=326.61807251 time/batch=0.25s
310/1180 (epoch 5.254) train_loss=291.58767700 time/batch=0.25s
311/1180 (epoch 5.271) train_loss=396.27096558 time/batch=0.30s
312/1180 (epoch 5.288) train_loss=417.98046875 time/batch=0.33s
313/1180 (epoch 5.305) train_loss=695.09637451 time/batch=0.51s
314/1180 (epoch 5.322) train_loss=518.49188232 time/batch=0.41s
315/1180 (epoch 5.339) train_loss=371.01690674 time/batch=0.30s
316/1180 (epoch 5.356) train_loss=333.96868896 time/batch=1.75s
317/1180 (epoch 5.373) train_loss=465.16735840 time/batch=0.60s
318/1180 (epoch 5.390) train_loss=346.53118896 time/batch=0.28s
319/1180 (epoch 5.407) train_loss=326.03820801 time/batch=0.25s
320/1180 (epoch 5.424) train_loss=612.03106689 time/batch=0.44s
321/1180 (epoch 5.441) train_loss=470.46868896 time/batch=0.38s
322/1180 (epoch 5.458) train_loss=610.80810547 time/batch=0.43s
323/1180 (epoch 5.475) train_loss=343.93475342 time/batch=0.30s
324/1180 (epoch 5.492) train_loss=472.67510986 time/batch=0.36s
325/1180 (epoch 5.508) train_loss=463.71316528 time/batch=0.36s
326/1180 (epoch 5.525) train_loss=499.49588013 time/batch=0.37s
327/1180 (epoch 5.542) train_loss=181.84591675 time/batch=0.21s
328/1180 (epoch 5.559) train_loss=201.57737732 time/batch=0.17s
329/1180 (epoch 5.576) train_loss=432.09805298 time/batch=0.34s
330/1180 (epoch 5.593) train_loss=424.94866943 time/batch=0.33s
331/1180 (epoch 5.610) train_loss=326.52001953 time/batch=1.73s
332/1180 (epoch 5.627) train_loss=219.86143494 time/batch=0.47s
333/1180 (epoch 5.644) train_loss=229.34211731 time/batch=0.19s
334/1180 (epoch 5.661) train_loss=390.96737671 time/batch=0.30s
335/1180 (epoch 5.678) train_loss=207.08877563 time/batch=0.20s
336/1180 (epoch 5.695) train_loss=388.08224487 time/batch=0.28s
337/1180 (epoch 5.712) train_loss=248.78062439 time/batch=0.27s
338/1180 (epoch 5.729) train_loss=365.62963867 time/batch=0.30s
339/1180 (epoch 5.746) train_loss=200.28639221 time/batch=0.20s
340/1180 (epoch 5.763) train_loss=223.05256653 time/batch=0.25s
341/1180 (epoch 5.780) train_loss=306.38977051 time/batch=0.31s
342/1180 (epoch 5.797) train_loss=178.53918457 time/batch=0.19s
343/1180 (epoch 5.814) train_loss=343.93869019 time/batch=0.31s
344/1180 (epoch 5.831) train_loss=184.98332214 time/batch=0.20s
345/1180 (epoch 5.847) train_loss=176.51145935 time/batch=0.17s
346/1180 (epoch 5.864) train_loss=181.85388184 time/batch=0.19s
347/1180 (epoch 5.881) train_loss=185.97909546 time/batch=0.19s
348/1180 (epoch 5.898) train_loss=162.63073730 time/batch=0.18s
349/1180 (epoch 5.915) train_loss=166.42034912 time/batch=0.19s
350/1180 (epoch 5.932) train_loss=167.58654785 time/batch=0.19s
351/1180 (epoch 5.949) train_loss=166.36871338 time/batch=0.17s
352/1180 (epoch 5.966) train_loss=174.60626221 time/batch=0.19s
353/1180 (epoch 5.983) train_loss=169.23046875 time/batch=0.19s
354/1180 (epoch 6.000) train_loss=158.87257385 time/batch=0.17s
355/1180 (epoch 6.017) train_loss=427.63507080 time/batch=0.30s
356/1180 (epoch 6.034) train_loss=330.17114258 time/batch=0.25s
357/1180 (epoch 6.051) train_loss=278.26690674 time/batch=0.23s
358/1180 (epoch 6.068) train_loss=390.13394165 time/batch=0.28s
359/1180 (epoch 6.085) train_loss=452.80065918 time/batch=0.33s
360/1180 (epoch 6.102) train_loss=625.38885498 time/batch=0.45s
361/1180 (epoch 6.119) train_loss=426.58160400 time/batch=0.34s
362/1180 (epoch 6.136) train_loss=325.79754639 time/batch=0.27s
363/1180 (epoch 6.153) train_loss=380.31988525 time/batch=0.30s
364/1180 (epoch 6.169) train_loss=382.44564819 time/batch=0.30s
365/1180 (epoch 6.186) train_loss=583.10473633 time/batch=0.41s
366/1180 (epoch 6.203) train_loss=461.42633057 time/batch=1.80s
367/1180 (epoch 6.220) train_loss=541.99542236 time/batch=0.64s
368/1180 (epoch 6.237) train_loss=172.05084229 time/batch=0.20s
369/1180 (epoch 6.254) train_loss=211.83456421 time/batch=0.20s
370/1180 (epoch 6.271) train_loss=517.68756104 time/batch=0.35s
371/1180 (epoch 6.288) train_loss=463.80718994 time/batch=0.36s
372/1180 (epoch 6.305) train_loss=608.22540283 time/batch=0.47s
373/1180 (epoch 6.322) train_loss=831.40393066 time/batch=0.63s
374/1180 (epoch 6.339) train_loss=492.82821655 time/batch=0.42s
375/1180 (epoch 6.356) train_loss=701.86920166 time/batch=0.49s
376/1180 (epoch 6.373) train_loss=416.32080078 time/batch=0.36s
377/1180 (epoch 6.390) train_loss=651.06176758 time/batch=0.63s
378/1180 (epoch 6.407) train_loss=200.53347778 time/batch=0.25s
379/1180 (epoch 6.424) train_loss=563.21520996 time/batch=0.38s
380/1180 (epoch 6.441) train_loss=244.85330200 time/batch=0.23s
381/1180 (epoch 6.458) train_loss=1834.95947266 time/batch=2.64s
382/1180 (epoch 6.475) train_loss=342.16253662 time/batch=0.70s
383/1180 (epoch 6.492) train_loss=179.98889160 time/batch=0.19s
384/1180 (epoch 6.508) train_loss=371.96881104 time/batch=0.28s
385/1180 (epoch 6.525) train_loss=336.31915283 time/batch=0.27s
386/1180 (epoch 6.542) train_loss=204.16384888 time/batch=0.20s
387/1180 (epoch 6.559) train_loss=311.43829346 time/batch=0.22s
388/1180 (epoch 6.576) train_loss=434.56420898 time/batch=0.32s
389/1180 (epoch 6.593) train_loss=248.22924805 time/batch=0.28s
390/1180 (epoch 6.610) train_loss=177.54608154 time/batch=0.19s
391/1180 (epoch 6.627) train_loss=460.45950317 time/batch=0.36s
392/1180 (epoch 6.644) train_loss=435.72634888 time/batch=0.36s
393/1180 (epoch 6.661) train_loss=451.68029785 time/batch=0.34s
394/1180 (epoch 6.678) train_loss=551.67340088 time/batch=0.41s
395/1180 (epoch 6.695) train_loss=335.55242920 time/batch=0.28s
396/1180 (epoch 6.712) train_loss=514.88818359 time/batch=0.62s
397/1180 (epoch 6.729) train_loss=174.90110779 time/batch=0.25s
398/1180 (epoch 6.746) train_loss=397.86578369 time/batch=0.28s
399/1180 (epoch 6.763) train_loss=258.90270996 time/batch=0.30s
400/1180 (epoch 6.780) train_loss=180.14672852 time/batch=0.20s
401/1180 (epoch 6.797) train_loss=185.68917847 time/batch=0.17s
402/1180 (epoch 6.814) train_loss=169.89100647 time/batch=0.19s
403/1180 (epoch 6.831) train_loss=169.52461243 time/batch=0.17s
404/1180 (epoch 6.847) train_loss=164.29653931 time/batch=0.17s
405/1180 (epoch 6.864) train_loss=162.85827637 time/batch=0.19s
406/1180 (epoch 6.881) train_loss=223.05998230 time/batch=0.27s
407/1180 (epoch 6.898) train_loss=156.08905029 time/batch=0.20s
408/1180 (epoch 6.915) train_loss=164.93638611 time/batch=0.19s
409/1180 (epoch 6.932) train_loss=180.71307373 time/batch=0.17s
410/1180 (epoch 6.949) train_loss=180.87646484 time/batch=0.18s
411/1180 (epoch 6.966) train_loss=164.94851685 time/batch=0.19s
412/1180 (epoch 6.983) train_loss=164.69906616 time/batch=0.19s
413/1180 (epoch 7.000) train_loss=172.00639343 time/batch=0.17s
414/1180 (epoch 7.017) train_loss=396.05984497 time/batch=0.28s
415/1180 (epoch 7.034) train_loss=276.54675293 time/batch=0.23s
416/1180 (epoch 7.051) train_loss=448.89019775 time/batch=0.35s
417/1180 (epoch 7.068) train_loss=560.34014893 time/batch=0.39s
418/1180 (epoch 7.085) train_loss=515.33227539 time/batch=0.38s
419/1180 (epoch 7.102) train_loss=1253.41210938 time/batch=2.05s
420/1180 (epoch 7.119) train_loss=467.85122681 time/batch=2.09s
421/1180 (epoch 7.136) train_loss=505.07568359 time/batch=0.62s
422/1180 (epoch 7.153) train_loss=723.34783936 time/batch=0.55s
423/1180 (epoch 7.169) train_loss=853.18182373 time/batch=0.89s
424/1180 (epoch 7.186) train_loss=345.51727295 time/batch=0.37s
425/1180 (epoch 7.203) train_loss=462.86956787 time/batch=0.35s
426/1180 (epoch 7.220) train_loss=591.86938477 time/batch=0.44s
427/1180 (epoch 7.237) train_loss=345.04864502 time/batch=0.31s
428/1180 (epoch 7.254) train_loss=307.53942871 time/batch=0.24s
429/1180 (epoch 7.271) train_loss=566.47253418 time/batch=0.40s
430/1180 (epoch 7.288) train_loss=419.61804199 time/batch=0.33s
431/1180 (epoch 7.305) train_loss=381.16369629 time/batch=0.30s
432/1180 (epoch 7.322) train_loss=330.36907959 time/batch=0.28s
433/1180 (epoch 7.339) train_loss=597.98962402 time/batch=0.41s
434/1180 (epoch 7.356) train_loss=524.63024902 time/batch=0.39s
435/1180 (epoch 7.373) train_loss=292.59326172 time/batch=0.27s
436/1180 (epoch 7.390) train_loss=176.11419678 time/batch=0.19s
437/1180 (epoch 7.407) train_loss=385.18472290 time/batch=0.27s
438/1180 (epoch 7.424) train_loss=1159.02880859 time/batch=2.65s
439/1180 (epoch 7.441) train_loss=348.58917236 time/batch=0.72s
440/1180 (epoch 7.458) train_loss=210.34649658 time/batch=0.19s
441/1180 (epoch 7.475) train_loss=340.92950439 time/batch=0.27s
442/1180 (epoch 7.492) train_loss=420.53863525 time/batch=0.33s
443/1180 (epoch 7.508) train_loss=348.31924438 time/batch=0.30s
444/1180 (epoch 7.525) train_loss=536.49255371 time/batch=0.39s
445/1180 (epoch 7.542) train_loss=228.61112976 time/batch=0.23s
446/1180 (epoch 7.559) train_loss=505.05606079 time/batch=0.44s
447/1180 (epoch 7.576) train_loss=407.83963013 time/batch=0.34s
448/1180 (epoch 7.593) train_loss=439.12670898 time/batch=0.33s
449/1180 (epoch 7.610) train_loss=435.94580078 time/batch=0.35s
450/1180 (epoch 7.627) train_loss=274.84393311 time/batch=0.30s
451/1180 (epoch 7.644) train_loss=184.94761658 time/batch=0.20s
452/1180 (epoch 7.661) train_loss=396.41131592 time/batch=0.30s
453/1180 (epoch 7.678) train_loss=159.02853394 time/batch=0.19s
454/1180 (epoch 7.695) train_loss=363.95532227 time/batch=0.28s
455/1180 (epoch 7.712) train_loss=197.21794128 time/batch=0.22s
456/1180 (epoch 7.729) train_loss=191.54669189 time/batch=0.19s
457/1180 (epoch 7.746) train_loss=371.81954956 time/batch=0.30s
458/1180 (epoch 7.763) train_loss=190.15379333 time/batch=0.22s
459/1180 (epoch 7.780) train_loss=166.35281372 time/batch=0.17s
460/1180 (epoch 7.797) train_loss=186.05470276 time/batch=0.19s
461/1180 (epoch 7.814) train_loss=198.87318420 time/batch=0.17s
462/1180 (epoch 7.831) train_loss=158.93023682 time/batch=0.19s
463/1180 (epoch 7.847) train_loss=159.10989380 time/batch=0.17s
464/1180 (epoch 7.864) train_loss=158.26219177 time/batch=0.19s
465/1180 (epoch 7.881) train_loss=144.91162109 time/batch=0.17s
466/1180 (epoch 7.898) train_loss=159.58576965 time/batch=0.19s
467/1180 (epoch 7.915) train_loss=159.08312988 time/batch=0.17s
468/1180 (epoch 7.932) train_loss=152.17134094 time/batch=0.19s
469/1180 (epoch 7.949) train_loss=144.93267822 time/batch=0.19s
470/1180 (epoch 7.966) train_loss=137.38807678 time/batch=0.17s
471/1180 (epoch 7.983) train_loss=149.88175964 time/batch=0.19s
472/1180 (epoch 8.000) train_loss=173.92955017 time/batch=0.17s
473/1180 (epoch 8.017) train_loss=173.52316284 time/batch=0.19s
474/1180 (epoch 8.034) train_loss=445.41619873 time/batch=0.30s
475/1180 (epoch 8.051) train_loss=514.79748535 time/batch=0.36s
476/1180 (epoch 8.068) train_loss=550.04077148 time/batch=0.42s
477/1180 (epoch 8.085) train_loss=430.73788452 time/batch=0.36s
478/1180 (epoch 8.102) train_loss=772.11791992 time/batch=0.58s
479/1180 (epoch 8.119) train_loss=351.30447388 time/batch=0.34s
480/1180 (epoch 8.136) train_loss=328.54583740 time/batch=1.78s
481/1180 (epoch 8.153) train_loss=242.07429504 time/batch=0.49s
482/1180 (epoch 8.169) train_loss=593.60363770 time/batch=0.46s
483/1180 (epoch 8.186) train_loss=572.66845703 time/batch=0.45s
484/1180 (epoch 8.203) train_loss=1218.96337891 time/batch=2.06s
485/1180 (epoch 8.220) train_loss=591.53381348 time/batch=0.78s
486/1180 (epoch 8.237) train_loss=723.10266113 time/batch=0.87s
487/1180 (epoch 8.254) train_loss=359.43286133 time/batch=0.39s
488/1180 (epoch 8.271) train_loss=381.91589355 time/batch=0.33s
489/1180 (epoch 8.288) train_loss=478.85998535 time/batch=0.37s
490/1180 (epoch 8.305) train_loss=462.09378052 time/batch=0.38s
491/1180 (epoch 8.322) train_loss=460.16546631 time/batch=0.39s
492/1180 (epoch 8.339) train_loss=490.56076050 time/batch=0.40s
493/1180 (epoch 8.356) train_loss=479.86569214 time/batch=0.41s
494/1180 (epoch 8.373) train_loss=156.98605347 time/batch=0.22s
495/1180 (epoch 8.390) train_loss=297.86300659 time/batch=0.23s
496/1180 (epoch 8.407) train_loss=297.79855347 time/batch=0.25s
497/1180 (epoch 8.424) train_loss=389.82089233 time/batch=0.31s
498/1180 (epoch 8.441) train_loss=296.42373657 time/batch=0.27s
499/1180 (epoch 8.458) train_loss=340.05047607 time/batch=0.28s
500/1180 (epoch 8.475) train_loss=389.03829956 time/batch=0.32s
501/1180 (epoch 8.492) train_loss=1032.30102539 time/batch=2.67s
502/1180 (epoch 8.508) train_loss=290.74090576 time/batch=0.69s
503/1180 (epoch 8.525) train_loss=193.44299316 time/batch=0.20s
504/1180 (epoch 8.542) train_loss=333.80743408 time/batch=1.73s
505/1180 (epoch 8.559) train_loss=395.59033203 time/batch=0.57s
506/1180 (epoch 8.576) train_loss=180.94146729 time/batch=0.22s
507/1180 (epoch 8.593) train_loss=248.16271973 time/batch=0.25s
508/1180 (epoch 8.610) train_loss=419.82821655 time/batch=0.34s
509/1180 (epoch 8.627) train_loss=314.84796143 time/batch=0.28s
510/1180 (epoch 8.644) train_loss=338.26971436 time/batch=0.30s
511/1180 (epoch 8.661) train_loss=377.58074951 time/batch=0.34s
512/1180 (epoch 8.678) train_loss=303.72668457 time/batch=0.27s
513/1180 (epoch 8.695) train_loss=353.09057617 time/batch=0.30s
514/1180 (epoch 8.712) train_loss=273.46780396 time/batch=0.28s
515/1180 (epoch 8.729) train_loss=169.31031799 time/batch=0.20s
516/1180 (epoch 8.746) train_loss=183.56713867 time/batch=0.19s
517/1180 (epoch 8.763) train_loss=185.15907288 time/batch=0.25s
518/1180 (epoch 8.780) train_loss=172.62123108 time/batch=0.20s
519/1180 (epoch 8.797) train_loss=134.64855957 time/batch=0.17s
520/1180 (epoch 8.814) train_loss=135.96897888 time/batch=0.19s
521/1180 (epoch 8.831) train_loss=132.26049805 time/batch=0.17s
522/1180 (epoch 8.847) train_loss=153.02880859 time/batch=0.19s
523/1180 (epoch 8.864) train_loss=127.82032776 time/batch=0.17s
524/1180 (epoch 8.881) train_loss=136.77011108 time/batch=0.19s
525/1180 (epoch 8.898) train_loss=138.70948792 time/batch=0.17s
526/1180 (epoch 8.915) train_loss=141.35209656 time/batch=0.19s
527/1180 (epoch 8.932) train_loss=123.49394989 time/batch=0.19s
528/1180 (epoch 8.949) train_loss=126.72380829 time/batch=0.17s
529/1180 (epoch 8.966) train_loss=120.41702271 time/batch=0.17s
530/1180 (epoch 8.983) train_loss=120.28277588 time/batch=0.19s
531/1180 (epoch 9.000) train_loss=157.81481934 time/batch=0.19s
532/1180 (epoch 9.017) train_loss=595.91540527 time/batch=0.39s
533/1180 (epoch 9.034) train_loss=303.23284912 time/batch=0.28s
534/1180 (epoch 9.051) train_loss=1720.44042969 time/batch=2.66s
535/1180 (epoch 9.068) train_loss=196.67770386 time/batch=0.64s
536/1180 (epoch 9.085) train_loss=689.33557129 time/batch=0.46s
537/1180 (epoch 9.102) train_loss=617.65124512 time/batch=0.55s
538/1180 (epoch 9.119) train_loss=414.84436035 time/batch=0.39s
539/1180 (epoch 9.136) train_loss=304.10675049 time/batch=1.78s
540/1180 (epoch 9.153) train_loss=408.36608887 time/batch=0.61s
541/1180 (epoch 9.169) train_loss=325.37283325 time/batch=0.30s
542/1180 (epoch 9.186) train_loss=495.21356201 time/batch=0.39s
543/1180 (epoch 9.203) train_loss=359.29028320 time/batch=0.33s
544/1180 (epoch 9.220) train_loss=169.07907104 time/batch=0.20s
545/1180 (epoch 9.237) train_loss=381.53985596 time/batch=0.30s
546/1180 (epoch 9.254) train_loss=374.89682007 time/batch=0.33s
547/1180 (epoch 9.271) train_loss=827.20141602 time/batch=0.64s
548/1180 (epoch 9.288) train_loss=280.69641113 time/batch=0.33s
549/1180 (epoch 9.305) train_loss=296.06018066 time/batch=0.28s
550/1180 (epoch 9.322) train_loss=256.60797119 time/batch=0.25s
551/1180 (epoch 9.339) train_loss=200.18655396 time/batch=0.22s
552/1180 (epoch 9.356) train_loss=156.20266724 time/batch=0.19s
553/1180 (epoch 9.373) train_loss=331.77474976 time/batch=0.28s
554/1180 (epoch 9.390) train_loss=575.93011475 time/batch=0.52s
555/1180 (epoch 9.407) train_loss=453.38061523 time/batch=0.41s
556/1180 (epoch 9.424) train_loss=209.33331299 time/batch=0.23s
557/1180 (epoch 9.441) train_loss=477.79046631 time/batch=0.38s
558/1180 (epoch 9.458) train_loss=376.08404541 time/batch=0.34s
559/1180 (epoch 9.475) train_loss=273.80218506 time/batch=0.28s
560/1180 (epoch 9.492) train_loss=535.34881592 time/batch=0.41s
561/1180 (epoch 9.508) train_loss=224.07205200 time/batch=0.27s
562/1180 (epoch 9.525) train_loss=442.57672119 time/batch=0.35s
563/1180 (epoch 9.542) train_loss=417.04840088 time/batch=0.39s
564/1180 (epoch 9.559) train_loss=289.54217529 time/batch=0.31s
565/1180 (epoch 9.576) train_loss=410.56906128 time/batch=0.35s
566/1180 (epoch 9.593) train_loss=304.86352539 time/batch=0.31s
567/1180 (epoch 9.610) train_loss=383.86508179 time/batch=0.33s
568/1180 (epoch 9.627) train_loss=336.08227539 time/batch=0.33s
569/1180 (epoch 9.644) train_loss=296.53820801 time/batch=0.30s
570/1180 (epoch 9.661) train_loss=276.45266724 time/batch=1.73s
571/1180 (epoch 9.678) train_loss=410.47433472 time/batch=0.67s
572/1180 (epoch 9.695) train_loss=120.12655640 time/batch=0.22s
573/1180 (epoch 9.712) train_loss=113.58883667 time/batch=0.19s
574/1180 (epoch 9.729) train_loss=114.68824768 time/batch=0.17s
575/1180 (epoch 9.746) train_loss=309.21636963 time/batch=0.28s
576/1180 (epoch 9.763) train_loss=200.66941833 time/batch=0.33s
577/1180 (epoch 9.780) train_loss=115.31563568 time/batch=0.20s
578/1180 (epoch 9.797) train_loss=131.16415405 time/batch=0.19s
579/1180 (epoch 9.814) train_loss=119.61437988 time/batch=0.19s
580/1180 (epoch 9.831) train_loss=137.94044495 time/batch=0.19s
581/1180 (epoch 9.847) train_loss=154.11373901 time/batch=0.17s
582/1180 (epoch 9.864) train_loss=140.74649048 time/batch=0.19s
583/1180 (epoch 9.881) train_loss=117.71386719 time/batch=0.19s
584/1180 (epoch 9.898) train_loss=112.33067322 time/batch=0.17s
585/1180 (epoch 9.915) train_loss=107.95162964 time/batch=0.19s
586/1180 (epoch 9.932) train_loss=111.03924561 time/batch=0.17s
587/1180 (epoch 9.949) train_loss=107.17810059 time/batch=0.19s
588/1180 (epoch 9.966) train_loss=113.65936279 time/batch=0.17s
589/1180 (epoch 9.983) train_loss=111.61679840 time/batch=0.19s
590/1180 (epoch 10.000) train_loss=109.65444946 time/batch=0.19s
  saved to metadata/config5--20190119-182125.pkl
591/1180 (epoch 10.017) train_loss=397.71612549 time/batch=8.29s
592/1180 (epoch 10.034) train_loss=1682.10791016 time/batch=2.91s
593/1180 (epoch 10.051) train_loss=532.91430664 time/batch=0.84s
594/1180 (epoch 10.068) train_loss=321.46832275 time/batch=0.31s
595/1180 (epoch 10.085) train_loss=184.95248413 time/batch=0.23s
596/1180 (epoch 10.102) train_loss=243.27702332 time/batch=0.25s
597/1180 (epoch 10.119) train_loss=442.00982666 time/batch=0.38s
598/1180 (epoch 10.136) train_loss=293.43298340 time/batch=0.31s
599/1180 (epoch 10.153) train_loss=559.16192627 time/batch=0.47s
600/1180 (epoch 10.169) train_loss=502.11038208 time/batch=0.44s
601/1180 (epoch 10.186) train_loss=225.28750610 time/batch=0.28s
602/1180 (epoch 10.203) train_loss=625.94604492 time/batch=0.54s
603/1180 (epoch 10.220) train_loss=748.60095215 time/batch=0.67s
604/1180 (epoch 10.237) train_loss=385.06457520 time/batch=0.41s
605/1180 (epoch 10.254) train_loss=347.26574707 time/batch=0.34s
606/1180 (epoch 10.271) train_loss=408.15136719 time/batch=0.37s
607/1180 (epoch 10.288) train_loss=115.75979614 time/batch=0.20s
608/1180 (epoch 10.305) train_loss=107.32243347 time/batch=0.17s
609/1180 (epoch 10.322) train_loss=247.99275208 time/batch=0.25s
610/1180 (epoch 10.339) train_loss=213.65402222 time/batch=0.23s
611/1180 (epoch 10.356) train_loss=357.31546021 time/batch=0.33s
612/1180 (epoch 10.373) train_loss=385.72839355 time/batch=0.36s
613/1180 (epoch 10.390) train_loss=469.66204834 time/batch=0.44s
614/1180 (epoch 10.407) train_loss=427.57418823 time/batch=0.44s
615/1180 (epoch 10.424) train_loss=184.82781982 time/batch=0.30s
616/1180 (epoch 10.441) train_loss=258.60418701 time/batch=0.27s
617/1180 (epoch 10.458) train_loss=272.68569946 time/batch=0.28s
618/1180 (epoch 10.475) train_loss=322.29730225 time/batch=0.31s
619/1180 (epoch 10.492) train_loss=111.76374817 time/batch=0.20s
620/1180 (epoch 10.508) train_loss=106.18322754 time/batch=0.17s
621/1180 (epoch 10.525) train_loss=470.77282715 time/batch=0.45s
622/1180 (epoch 10.542) train_loss=269.37411499 time/batch=0.33s
623/1180 (epoch 10.559) train_loss=356.15380859 time/batch=0.34s
624/1180 (epoch 10.576) train_loss=348.98199463 time/batch=0.31s
625/1180 (epoch 10.593) train_loss=401.25463867 time/batch=0.36s
626/1180 (epoch 10.610) train_loss=327.66201782 time/batch=0.31s
627/1180 (epoch 10.627) train_loss=307.79025269 time/batch=0.30s
628/1180 (epoch 10.644) train_loss=129.86386108 time/batch=0.20s
629/1180 (epoch 10.661) train_loss=380.26306152 time/batch=0.34s
630/1180 (epoch 10.678) train_loss=289.61364746 time/batch=0.31s
631/1180 (epoch 10.695) train_loss=126.48127747 time/batch=0.20s
632/1180 (epoch 10.712) train_loss=323.81954956 time/batch=0.30s
633/1180 (epoch 10.729) train_loss=126.14781952 time/batch=0.20s
634/1180 (epoch 10.746) train_loss=121.68460083 time/batch=0.17s
635/1180 (epoch 10.763) train_loss=166.57000732 time/batch=0.25s
636/1180 (epoch 10.780) train_loss=124.62340546 time/batch=0.20s
637/1180 (epoch 10.797) train_loss=108.30837250 time/batch=0.17s
638/1180 (epoch 10.814) train_loss=120.02907562 time/batch=0.19s
639/1180 (epoch 10.831) train_loss=297.62768555 time/batch=0.30s
640/1180 (epoch 10.847) train_loss=108.20825195 time/batch=0.20s
641/1180 (epoch 10.864) train_loss=143.61520386 time/batch=0.19s
642/1180 (epoch 10.881) train_loss=107.78294373 time/batch=0.19s
643/1180 (epoch 10.898) train_loss=113.71067810 time/batch=0.19s
644/1180 (epoch 10.915) train_loss=109.99287415 time/batch=0.17s
645/1180 (epoch 10.932) train_loss=107.33009338 time/batch=0.19s
646/1180 (epoch 10.949) train_loss=103.99987030 time/batch=0.19s
647/1180 (epoch 10.966) train_loss=104.16970825 time/batch=0.17s
648/1180 (epoch 10.983) train_loss=104.45285797 time/batch=0.19s
649/1180 (epoch 11.000) train_loss=104.30773926 time/batch=0.17s
650/1180 (epoch 11.017) train_loss=1572.47033691 time/batch=2.64s
651/1180 (epoch 11.034) train_loss=429.49224854 time/batch=0.78s
652/1180 (epoch 11.051) train_loss=677.42260742 time/batch=0.56s
653/1180 (epoch 11.068) train_loss=326.60632324 time/batch=0.36s
654/1180 (epoch 11.085) train_loss=468.77862549 time/batch=0.44s
655/1180 (epoch 11.102) train_loss=295.41336060 time/batch=0.33s
656/1180 (epoch 11.119) train_loss=492.67590332 time/batch=0.47s
657/1180 (epoch 11.136) train_loss=235.08935547 time/batch=0.28s
658/1180 (epoch 11.153) train_loss=156.14086914 time/batch=0.22s
659/1180 (epoch 11.169) train_loss=455.90527344 time/batch=0.39s
660/1180 (epoch 11.186) train_loss=404.87701416 time/batch=0.41s
661/1180 (epoch 11.203) train_loss=435.59069824 time/batch=0.42s
662/1180 (epoch 11.220) train_loss=219.57000732 time/batch=0.26s
663/1180 (epoch 11.237) train_loss=111.65159607 time/batch=0.17s
664/1180 (epoch 11.254) train_loss=679.65802002 time/batch=0.62s
665/1180 (epoch 11.271) train_loss=228.54364014 time/batch=1.83s
666/1180 (epoch 11.288) train_loss=349.68551636 time/batch=0.60s
667/1180 (epoch 11.305) train_loss=528.75494385 time/batch=0.48s
668/1180 (epoch 11.322) train_loss=240.93344116 time/batch=1.77s
669/1180 (epoch 11.339) train_loss=121.82843018 time/batch=0.46s
670/1180 (epoch 11.356) train_loss=373.30020142 time/batch=0.33s
671/1180 (epoch 11.373) train_loss=295.63830566 time/batch=0.31s
672/1180 (epoch 11.390) train_loss=330.37506104 time/batch=0.31s
673/1180 (epoch 11.407) train_loss=206.11489868 time/batch=0.23s
674/1180 (epoch 11.424) train_loss=460.82427979 time/batch=0.38s
675/1180 (epoch 11.441) train_loss=325.21960449 time/batch=0.33s
676/1180 (epoch 11.458) train_loss=278.69970703 time/batch=0.28s
677/1180 (epoch 11.475) train_loss=224.31018066 time/batch=0.25s
678/1180 (epoch 11.492) train_loss=112.20124054 time/batch=0.19s
679/1180 (epoch 11.508) train_loss=340.59527588 time/batch=0.31s
680/1180 (epoch 11.525) train_loss=273.98989868 time/batch=0.31s
681/1180 (epoch 11.542) train_loss=389.03067017 time/batch=0.37s
682/1180 (epoch 11.559) train_loss=114.97893524 time/batch=0.20s
683/1180 (epoch 11.576) train_loss=103.96712494 time/batch=0.17s
684/1180 (epoch 11.593) train_loss=102.72719574 time/batch=0.19s
685/1180 (epoch 11.610) train_loss=327.08801270 time/batch=0.30s
686/1180 (epoch 11.627) train_loss=216.95407104 time/batch=0.27s
687/1180 (epoch 11.644) train_loss=371.25906372 time/batch=0.35s
688/1180 (epoch 11.661) train_loss=269.79144287 time/batch=0.30s
689/1180 (epoch 11.678) train_loss=240.99856567 time/batch=0.28s
690/1180 (epoch 11.695) train_loss=254.62474060 time/batch=0.28s
691/1180 (epoch 11.712) train_loss=138.34872437 time/batch=0.20s
692/1180 (epoch 11.729) train_loss=243.43559265 time/batch=0.28s
693/1180 (epoch 11.746) train_loss=106.69078827 time/batch=0.19s
694/1180 (epoch 11.763) train_loss=108.23960876 time/batch=0.19s
695/1180 (epoch 11.780) train_loss=119.84490967 time/batch=0.19s
696/1180 (epoch 11.797) train_loss=339.75985718 time/batch=0.34s
697/1180 (epoch 11.814) train_loss=106.34847260 time/batch=0.21s
698/1180 (epoch 11.831) train_loss=129.82986450 time/batch=0.20s
699/1180 (epoch 11.847) train_loss=108.21220398 time/batch=0.17s
700/1180 (epoch 11.864) train_loss=342.41864014 time/batch=0.34s
701/1180 (epoch 11.881) train_loss=220.36380005 time/batch=0.38s
702/1180 (epoch 11.898) train_loss=119.75226593 time/batch=0.22s
703/1180 (epoch 11.915) train_loss=115.51358032 time/batch=0.19s
704/1180 (epoch 11.932) train_loss=110.69860840 time/batch=0.19s
705/1180 (epoch 11.949) train_loss=98.86787415 time/batch=0.17s
706/1180 (epoch 11.966) train_loss=106.10040283 time/batch=0.19s
707/1180 (epoch 11.983) train_loss=106.77620697 time/batch=0.17s
708/1180 (epoch 12.000) train_loss=106.18406677 time/batch=0.19s
709/1180 (epoch 12.017) train_loss=1153.91674805 time/batch=2.03s
710/1180 (epoch 12.034) train_loss=217.65365601 time/batch=0.56s
711/1180 (epoch 12.051) train_loss=582.27392578 time/batch=0.50s
712/1180 (epoch 12.068) train_loss=399.65225220 time/batch=0.38s
713/1180 (epoch 12.085) train_loss=429.75500488 time/batch=0.39s
714/1180 (epoch 12.102) train_loss=357.87860107 time/batch=0.36s
715/1180 (epoch 12.119) train_loss=903.72961426 time/batch=2.67s
716/1180 (epoch 12.136) train_loss=484.93267822 time/batch=0.84s
717/1180 (epoch 12.153) train_loss=370.38421631 time/batch=0.37s
718/1180 (epoch 12.169) train_loss=192.83210754 time/batch=0.24s
719/1180 (epoch 12.186) train_loss=731.24822998 time/batch=1.38s
720/1180 (epoch 12.203) train_loss=228.16874695 time/batch=0.45s
721/1180 (epoch 12.220) train_loss=457.50308228 time/batch=0.42s
722/1180 (epoch 12.237) train_loss=197.42208862 time/batch=0.27s
723/1180 (epoch 12.254) train_loss=430.70849609 time/batch=0.40s
724/1180 (epoch 12.271) train_loss=356.44754028 time/batch=0.36s
725/1180 (epoch 12.288) train_loss=304.01782227 time/batch=0.33s
726/1180 (epoch 12.305) train_loss=389.77056885 time/batch=0.39s
727/1180 (epoch 12.322) train_loss=312.60781860 time/batch=0.34s
728/1180 (epoch 12.339) train_loss=321.35717773 time/batch=0.33s
729/1180 (epoch 12.356) train_loss=152.80148315 time/batch=0.22s
730/1180 (epoch 12.373) train_loss=106.33133698 time/batch=0.17s
731/1180 (epoch 12.390) train_loss=282.64373779 time/batch=0.28s
732/1180 (epoch 12.407) train_loss=100.75462341 time/batch=0.19s
733/1180 (epoch 12.424) train_loss=367.44000244 time/batch=1.77s
734/1180 (epoch 12.441) train_loss=297.35144043 time/batch=0.62s
735/1180 (epoch 12.458) train_loss=237.52508545 time/batch=0.29s
736/1180 (epoch 12.475) train_loss=253.71026611 time/batch=0.28s
737/1180 (epoch 12.492) train_loss=128.48117065 time/batch=0.20s
738/1180 (epoch 12.508) train_loss=136.56225586 time/batch=0.20s
739/1180 (epoch 12.525) train_loss=346.07006836 time/batch=0.35s
740/1180 (epoch 12.542) train_loss=115.40365601 time/batch=0.22s
741/1180 (epoch 12.559) train_loss=481.73742676 time/batch=0.43s
742/1180 (epoch 12.576) train_loss=307.58898926 time/batch=0.35s
743/1180 (epoch 12.593) train_loss=256.60888672 time/batch=0.28s
744/1180 (epoch 12.610) train_loss=131.78048706 time/batch=0.21s
745/1180 (epoch 12.627) train_loss=274.76885986 time/batch=0.29s
746/1180 (epoch 12.644) train_loss=400.80609131 time/batch=0.42s
747/1180 (epoch 12.661) train_loss=110.24690247 time/batch=0.21s
748/1180 (epoch 12.678) train_loss=356.96575928 time/batch=0.34s
749/1180 (epoch 12.695) train_loss=241.67788696 time/batch=0.30s
750/1180 (epoch 12.712) train_loss=261.10632324 time/batch=0.29s
751/1180 (epoch 12.729) train_loss=238.32675171 time/batch=0.29s
752/1180 (epoch 12.746) train_loss=112.54428101 time/batch=0.20s
753/1180 (epoch 12.763) train_loss=104.43748474 time/batch=0.19s
754/1180 (epoch 12.780) train_loss=300.84182739 time/batch=0.31s
755/1180 (epoch 12.797) train_loss=167.52709961 time/batch=0.31s
756/1180 (epoch 12.814) train_loss=113.07965851 time/batch=0.21s
757/1180 (epoch 12.831) train_loss=117.92620087 time/batch=0.19s
758/1180 (epoch 12.847) train_loss=107.51260376 time/batch=0.18s
759/1180 (epoch 12.864) train_loss=106.83841705 time/batch=0.18s
760/1180 (epoch 12.881) train_loss=99.90161133 time/batch=0.18s
761/1180 (epoch 12.898) train_loss=103.87910461 time/batch=0.18s
762/1180 (epoch 12.915) train_loss=103.44316101 time/batch=0.19s
763/1180 (epoch 12.932) train_loss=103.34262085 time/batch=0.18s
764/1180 (epoch 12.949) train_loss=102.72259521 time/batch=0.18s
765/1180 (epoch 12.966) train_loss=97.79317474 time/batch=0.17s
766/1180 (epoch 12.983) train_loss=100.49234772 time/batch=0.20s
767/1180 (epoch 13.000) train_loss=105.99043274 time/batch=0.18s
768/1180 (epoch 13.017) train_loss=134.05624390 time/batch=0.20s
769/1180 (epoch 13.034) train_loss=567.22277832 time/batch=0.48s
770/1180 (epoch 13.051) train_loss=369.27777100 time/batch=1.83s
771/1180 (epoch 13.068) train_loss=1564.20886230 time/batch=2.96s
772/1180 (epoch 13.085) train_loss=453.78848267 time/batch=0.80s
773/1180 (epoch 13.102) train_loss=444.80334473 time/batch=0.42s
774/1180 (epoch 13.119) train_loss=640.51953125 time/batch=0.60s
775/1180 (epoch 13.136) train_loss=307.17901611 time/batch=0.37s
776/1180 (epoch 13.153) train_loss=443.70574951 time/batch=0.42s
777/1180 (epoch 13.169) train_loss=355.64831543 time/batch=0.36s
778/1180 (epoch 13.186) train_loss=221.80606079 time/batch=0.28s
779/1180 (epoch 13.203) train_loss=263.09396362 time/batch=0.30s
780/1180 (epoch 13.220) train_loss=260.24899292 time/batch=0.28s
781/1180 (epoch 13.237) train_loss=222.31018066 time/batch=0.27s
782/1180 (epoch 13.254) train_loss=390.48034668 time/batch=0.37s
783/1180 (epoch 13.271) train_loss=541.22351074 time/batch=0.61s
784/1180 (epoch 13.288) train_loss=118.18209839 time/batch=0.25s
785/1180 (epoch 13.305) train_loss=186.45483398 time/batch=0.21s
786/1180 (epoch 13.322) train_loss=410.12322998 time/batch=0.38s
787/1180 (epoch 13.339) train_loss=534.05108643 time/batch=0.64s
788/1180 (epoch 13.356) train_loss=422.20050049 time/batch=0.49s
789/1180 (epoch 13.373) train_loss=290.93853760 time/batch=0.33s
790/1180 (epoch 13.390) train_loss=345.94308472 time/batch=0.34s
791/1180 (epoch 13.407) train_loss=355.06567383 time/batch=0.35s
792/1180 (epoch 13.424) train_loss=116.96615601 time/batch=0.22s
793/1180 (epoch 13.441) train_loss=218.59944153 time/batch=0.25s
794/1180 (epoch 13.458) train_loss=374.40014648 time/batch=0.36s
795/1180 (epoch 13.475) train_loss=271.52124023 time/batch=0.31s
796/1180 (epoch 13.492) train_loss=103.53892517 time/batch=0.20s
797/1180 (epoch 13.508) train_loss=268.20382690 time/batch=0.27s
798/1180 (epoch 13.525) train_loss=100.32476807 time/batch=0.20s
799/1180 (epoch 13.542) train_loss=328.00115967 time/batch=0.31s
800/1180 (epoch 13.559) train_loss=364.89367676 time/batch=0.44s
801/1180 (epoch 13.576) train_loss=298.11987305 time/batch=0.33s
802/1180 (epoch 13.593) train_loss=189.85116577 time/batch=0.25s
803/1180 (epoch 13.610) train_loss=304.93524170 time/batch=0.31s
804/1180 (epoch 13.627) train_loss=279.36029053 time/batch=0.31s
805/1180 (epoch 13.644) train_loss=241.78222656 time/batch=0.28s
806/1180 (epoch 13.661) train_loss=312.87762451 time/batch=0.31s
807/1180 (epoch 13.678) train_loss=278.83074951 time/batch=0.34s
808/1180 (epoch 13.695) train_loss=192.51618958 time/batch=0.25s
809/1180 (epoch 13.712) train_loss=110.17242432 time/batch=0.19s
810/1180 (epoch 13.729) train_loss=188.33819580 time/batch=0.26s
811/1180 (epoch 13.746) train_loss=116.76828003 time/batch=0.19s
812/1180 (epoch 13.763) train_loss=102.97723389 time/batch=0.19s
813/1180 (epoch 13.780) train_loss=101.46153259 time/batch=0.17s
814/1180 (epoch 13.797) train_loss=123.41328430 time/batch=0.19s
815/1180 (epoch 13.814) train_loss=119.83839417 time/batch=0.19s
816/1180 (epoch 13.831) train_loss=136.76625061 time/batch=0.26s
817/1180 (epoch 13.847) train_loss=105.87567139 time/batch=0.19s
818/1180 (epoch 13.864) train_loss=104.18611145 time/batch=0.19s
819/1180 (epoch 13.881) train_loss=98.35858154 time/batch=0.19s
820/1180 (epoch 13.898) train_loss=103.16284943 time/batch=0.17s
821/1180 (epoch 13.915) train_loss=100.76513672 time/batch=0.19s
822/1180 (epoch 13.932) train_loss=97.59350586 time/batch=0.19s
823/1180 (epoch 13.949) train_loss=98.24932861 time/batch=0.17s
824/1180 (epoch 13.966) train_loss=99.15029144 time/batch=0.19s
825/1180 (epoch 13.983) train_loss=106.89534760 time/batch=0.17s
826/1180 (epoch 14.000) train_loss=107.10858917 time/batch=0.19s
827/1180 (epoch 14.017) train_loss=313.82080078 time/batch=0.31s
828/1180 (epoch 14.034) train_loss=220.60055542 time/batch=0.26s
829/1180 (epoch 14.051) train_loss=282.75805664 time/batch=0.30s
830/1180 (epoch 14.068) train_loss=463.47360229 time/batch=0.41s
831/1180 (epoch 14.085) train_loss=1459.41015625 time/batch=2.67s
832/1180 (epoch 14.102) train_loss=376.68225098 time/batch=0.80s
833/1180 (epoch 14.119) train_loss=530.13671875 time/batch=0.50s
834/1180 (epoch 14.136) train_loss=366.01153564 time/batch=0.39s
835/1180 (epoch 14.153) train_loss=216.12005615 time/batch=0.27s
836/1180 (epoch 14.169) train_loss=823.61285400 time/batch=1.39s
837/1180 (epoch 14.186) train_loss=216.01298523 time/batch=0.45s
838/1180 (epoch 14.203) train_loss=545.48791504 time/batch=0.51s
839/1180 (epoch 14.220) train_loss=382.11456299 time/batch=0.41s
840/1180 (epoch 14.237) train_loss=237.44708252 time/batch=1.78s
841/1180 (epoch 14.254) train_loss=115.67697906 time/batch=0.47s
842/1180 (epoch 14.271) train_loss=375.04223633 time/batch=0.37s
843/1180 (epoch 14.288) train_loss=302.53366089 time/batch=0.33s
844/1180 (epoch 14.305) train_loss=292.62866211 time/batch=0.31s
845/1180 (epoch 14.322) train_loss=180.95175171 time/batch=0.23s
846/1180 (epoch 14.339) train_loss=471.26986694 time/batch=0.50s
847/1180 (epoch 14.356) train_loss=257.93072510 time/batch=0.33s
848/1180 (epoch 14.373) train_loss=453.95675659 time/batch=0.42s
849/1180 (epoch 14.390) train_loss=254.46629333 time/batch=0.31s
850/1180 (epoch 14.407) train_loss=413.11938477 time/batch=0.39s
851/1180 (epoch 14.424) train_loss=174.90438843 time/batch=0.25s
852/1180 (epoch 14.441) train_loss=305.68084717 time/batch=0.31s
853/1180 (epoch 14.458) train_loss=275.11773682 time/batch=0.30s
854/1180 (epoch 14.475) train_loss=326.37280273 time/batch=0.33s
855/1180 (epoch 14.492) train_loss=264.43630981 time/batch=0.30s
856/1180 (epoch 14.508) train_loss=241.54129028 time/batch=0.28s
857/1180 (epoch 14.525) train_loss=219.63197327 time/batch=1.73s
858/1180 (epoch 14.542) train_loss=282.55059814 time/batch=0.56s
859/1180 (epoch 14.559) train_loss=398.75015259 time/batch=0.39s
860/1180 (epoch 14.576) train_loss=347.57040405 time/batch=0.36s
861/1180 (epoch 14.593) train_loss=317.20285034 time/batch=0.35s
862/1180 (epoch 14.610) train_loss=319.44146729 time/batch=0.36s
863/1180 (epoch 14.627) train_loss=223.55169678 time/batch=0.28s
864/1180 (epoch 14.644) train_loss=303.17395020 time/batch=0.38s
865/1180 (epoch 14.661) train_loss=200.99301147 time/batch=0.28s
866/1180 (epoch 14.678) train_loss=120.78918457 time/batch=0.20s
867/1180 (epoch 14.695) train_loss=127.06894684 time/batch=0.19s
868/1180 (epoch 14.712) train_loss=110.81387329 time/batch=0.19s
869/1180 (epoch 14.729) train_loss=98.96685791 time/batch=0.17s
870/1180 (epoch 14.746) train_loss=99.17011261 time/batch=0.17s
871/1180 (epoch 14.763) train_loss=134.27465820 time/batch=0.20s
872/1180 (epoch 14.780) train_loss=116.16738892 time/batch=0.19s
873/1180 (epoch 14.797) train_loss=109.27742004 time/batch=0.18s
874/1180 (epoch 14.814) train_loss=133.84690857 time/batch=0.19s
875/1180 (epoch 14.831) train_loss=104.20742035 time/batch=0.17s
876/1180 (epoch 14.847) train_loss=104.02542114 time/batch=0.19s
877/1180 (epoch 14.864) train_loss=103.06152344 time/batch=0.17s
878/1180 (epoch 14.881) train_loss=106.17453766 time/batch=0.19s
879/1180 (epoch 14.898) train_loss=118.89129639 time/batch=0.19s
880/1180 (epoch 14.915) train_loss=101.00504303 time/batch=0.19s
881/1180 (epoch 14.932) train_loss=100.81728363 time/batch=0.17s
882/1180 (epoch 14.949) train_loss=95.32289124 time/batch=0.17s
883/1180 (epoch 14.966) train_loss=97.75035858 time/batch=0.19s
884/1180 (epoch 14.983) train_loss=102.90901947 time/batch=0.17s
885/1180 (epoch 15.000) train_loss=103.04946136 time/batch=0.19s
886/1180 (epoch 15.017) train_loss=317.15692139 time/batch=0.30s
887/1180 (epoch 15.034) train_loss=251.89421082 time/batch=0.28s
888/1180 (epoch 15.051) train_loss=134.18815613 time/batch=0.21s
889/1180 (epoch 15.068) train_loss=1473.77270508 time/batch=2.64s
890/1180 (epoch 15.085) train_loss=126.81610870 time/batch=0.63s
891/1180 (epoch 15.102) train_loss=230.51730347 time/batch=0.25s
892/1180 (epoch 15.119) train_loss=746.80059814 time/batch=0.63s
893/1180 (epoch 15.136) train_loss=153.77070618 time/batch=0.27s
894/1180 (epoch 15.153) train_loss=578.56518555 time/batch=0.51s
895/1180 (epoch 15.169) train_loss=347.05368042 time/batch=1.81s
896/1180 (epoch 15.186) train_loss=260.87213135 time/batch=0.56s
897/1180 (epoch 15.203) train_loss=439.39584351 time/batch=0.42s
898/1180 (epoch 15.220) train_loss=142.44213867 time/batch=0.25s
899/1180 (epoch 15.237) train_loss=470.03454590 time/batch=0.44s
900/1180 (epoch 15.254) train_loss=379.85153198 time/batch=0.39s
901/1180 (epoch 15.271) train_loss=321.34014893 time/batch=0.36s
902/1180 (epoch 15.288) train_loss=293.02047729 time/batch=0.31s
903/1180 (epoch 15.305) train_loss=106.68071747 time/batch=0.20s
904/1180 (epoch 15.322) train_loss=444.52154541 time/batch=0.45s
905/1180 (epoch 15.339) train_loss=470.35830688 time/batch=0.50s
906/1180 (epoch 15.356) train_loss=350.26837158 time/batch=0.38s
907/1180 (epoch 15.373) train_loss=381.55154419 time/batch=0.39s
908/1180 (epoch 15.390) train_loss=322.09191895 time/batch=0.36s
909/1180 (epoch 15.407) train_loss=117.35517120 time/batch=0.20s
910/1180 (epoch 15.424) train_loss=265.87719727 time/batch=0.28s
911/1180 (epoch 15.441) train_loss=154.62500000 time/batch=0.23s
912/1180 (epoch 15.458) train_loss=216.46748352 time/batch=0.25s
913/1180 (epoch 15.475) train_loss=224.79087830 time/batch=0.27s
914/1180 (epoch 15.492) train_loss=100.56835175 time/batch=0.19s
915/1180 (epoch 15.508) train_loss=371.99758911 time/batch=0.36s
916/1180 (epoch 15.525) train_loss=173.34613037 time/batch=0.25s
917/1180 (epoch 15.542) train_loss=341.26654053 time/batch=0.34s
918/1180 (epoch 15.559) train_loss=109.61100769 time/batch=0.20s
919/1180 (epoch 15.576) train_loss=97.71617889 time/batch=0.19s
920/1180 (epoch 15.593) train_loss=377.25802612 time/batch=0.33s
921/1180 (epoch 15.610) train_loss=280.82342529 time/batch=0.31s
922/1180 (epoch 15.627) train_loss=101.06054688 time/batch=0.20s
923/1180 (epoch 15.644) train_loss=294.73037720 time/batch=0.30s
924/1180 (epoch 15.661) train_loss=307.45108032 time/batch=0.33s
925/1180 (epoch 15.678) train_loss=306.96569824 time/batch=0.35s
926/1180 (epoch 15.695) train_loss=336.59417725 time/batch=0.37s
927/1180 (epoch 15.712) train_loss=414.70394897 time/batch=0.41s
928/1180 (epoch 15.729) train_loss=243.78474426 time/batch=0.28s
929/1180 (epoch 15.746) train_loss=254.60783386 time/batch=0.29s
930/1180 (epoch 15.763) train_loss=119.79910278 time/batch=0.19s
931/1180 (epoch 15.780) train_loss=103.78189850 time/batch=0.19s
932/1180 (epoch 15.797) train_loss=99.26289368 time/batch=0.17s
933/1180 (epoch 15.814) train_loss=96.80683899 time/batch=0.19s
934/1180 (epoch 15.831) train_loss=97.98812103 time/batch=0.17s
935/1180 (epoch 15.847) train_loss=155.47401428 time/batch=0.22s
936/1180 (epoch 15.864) train_loss=105.22509766 time/batch=0.19s
937/1180 (epoch 15.881) train_loss=138.28330994 time/batch=0.23s
938/1180 (epoch 15.898) train_loss=103.90020752 time/batch=0.19s
939/1180 (epoch 15.915) train_loss=167.71327209 time/batch=0.26s
940/1180 (epoch 15.932) train_loss=278.10534668 time/batch=0.28s
941/1180 (epoch 15.949) train_loss=158.95405579 time/batch=0.40s
942/1180 (epoch 15.966) train_loss=100.49594116 time/batch=0.21s
943/1180 (epoch 15.983) train_loss=98.83507538 time/batch=0.19s
944/1180 (epoch 16.000) train_loss=102.69110870 time/batch=0.17s
945/1180 (epoch 16.017) train_loss=1444.22070312 time/batch=2.65s
946/1180 (epoch 16.034) train_loss=427.19842529 time/batch=0.78s
947/1180 (epoch 16.051) train_loss=283.92565918 time/batch=0.31s
948/1180 (epoch 16.068) train_loss=461.46533203 time/batch=0.42s
949/1180 (epoch 16.085) train_loss=702.52929688 time/batch=0.66s
950/1180 (epoch 16.102) train_loss=212.29989624 time/batch=0.31s
951/1180 (epoch 16.119) train_loss=552.23608398 time/batch=0.51s
952/1180 (epoch 16.136) train_loss=179.58839417 time/batch=0.28s
953/1180 (epoch 16.153) train_loss=495.88671875 time/batch=0.45s
954/1180 (epoch 16.169) train_loss=109.69283295 time/batch=0.23s
955/1180 (epoch 16.186) train_loss=223.11172485 time/batch=0.25s
956/1180 (epoch 16.203) train_loss=444.94525146 time/batch=0.47s
957/1180 (epoch 16.220) train_loss=251.50833130 time/batch=0.31s
958/1180 (epoch 16.237) train_loss=328.66790771 time/batch=0.34s
959/1180 (epoch 16.254) train_loss=99.08699799 time/batch=0.20s
960/1180 (epoch 16.271) train_loss=248.88110352 time/batch=0.28s
961/1180 (epoch 16.288) train_loss=363.95172119 time/batch=0.36s
962/1180 (epoch 16.305) train_loss=324.65667725 time/batch=0.36s
963/1180 (epoch 16.322) train_loss=235.00387573 time/batch=0.28s
964/1180 (epoch 16.339) train_loss=345.57382202 time/batch=0.35s
965/1180 (epoch 16.356) train_loss=145.46203613 time/batch=0.22s
966/1180 (epoch 16.373) train_loss=235.57714844 time/batch=0.26s
967/1180 (epoch 16.390) train_loss=209.81375122 time/batch=0.26s
968/1180 (epoch 16.407) train_loss=105.59810638 time/batch=0.19s
969/1180 (epoch 16.424) train_loss=433.18447876 time/batch=0.40s
970/1180 (epoch 16.441) train_loss=291.42990112 time/batch=0.33s
971/1180 (epoch 16.458) train_loss=403.11596680 time/batch=0.40s
972/1180 (epoch 16.475) train_loss=311.65814209 time/batch=0.34s
973/1180 (epoch 16.492) train_loss=383.11798096 time/batch=0.39s
974/1180 (epoch 16.508) train_loss=170.00497437 time/batch=0.25s
975/1180 (epoch 16.525) train_loss=334.40530396 time/batch=0.33s
976/1180 (epoch 16.542) train_loss=98.87151337 time/batch=0.20s
977/1180 (epoch 16.559) train_loss=268.70007324 time/batch=0.28s
978/1180 (epoch 16.576) train_loss=346.38769531 time/batch=1.78s
979/1180 (epoch 16.593) train_loss=291.57525635 time/batch=0.58s
980/1180 (epoch 16.610) train_loss=302.34265137 time/batch=0.33s
981/1180 (epoch 16.627) train_loss=127.59452820 time/batch=0.20s
982/1180 (epoch 16.644) train_loss=329.36355591 time/batch=0.34s
983/1180 (epoch 16.661) train_loss=102.49173737 time/batch=0.22s
984/1180 (epoch 16.678) train_loss=105.70969391 time/batch=0.17s
985/1180 (epoch 16.695) train_loss=340.14028931 time/batch=0.36s
986/1180 (epoch 16.712) train_loss=314.08352661 time/batch=0.39s
987/1180 (epoch 16.729) train_loss=102.59237671 time/batch=0.20s
988/1180 (epoch 16.746) train_loss=98.87799072 time/batch=0.17s
989/1180 (epoch 16.763) train_loss=256.43582153 time/batch=0.28s
990/1180 (epoch 16.780) train_loss=305.17095947 time/batch=0.39s
991/1180 (epoch 16.797) train_loss=164.20861816 time/batch=0.26s
992/1180 (epoch 16.814) train_loss=102.60514832 time/batch=0.19s
993/1180 (epoch 16.831) train_loss=120.62508392 time/batch=0.19s
994/1180 (epoch 16.847) train_loss=98.41094971 time/batch=0.17s
995/1180 (epoch 16.864) train_loss=96.79910278 time/batch=0.19s
996/1180 (epoch 16.881) train_loss=97.95994568 time/batch=0.17s
997/1180 (epoch 16.898) train_loss=109.80183411 time/batch=0.19s
998/1180 (epoch 16.915) train_loss=112.36350250 time/batch=0.19s
999/1180 (epoch 16.932) train_loss=116.97901917 time/batch=0.19s
Validating
    loss:	221.829961

1000/1180 (epoch 16.949) train_loss=106.71486664 time/batch=0.61s
1001/1180 (epoch 16.966) train_loss=103.23310852 time/batch=0.19s
1002/1180 (epoch 16.983) train_loss=100.31066895 time/batch=0.17s
1003/1180 (epoch 17.000) train_loss=104.68231201 time/batch=0.19s
1004/1180 (epoch 17.017) train_loss=157.16047668 time/batch=0.20s
1005/1180 (epoch 17.034) train_loss=420.36947632 time/batch=0.39s
1006/1180 (epoch 17.051) train_loss=1437.12719727 time/batch=2.67s
1007/1180 (epoch 17.068) train_loss=401.65765381 time/batch=0.80s
1008/1180 (epoch 17.085) train_loss=224.62767029 time/batch=0.25s
1009/1180 (epoch 17.102) train_loss=703.73718262 time/batch=0.62s
1010/1180 (epoch 17.119) train_loss=269.43795776 time/batch=0.34s
1011/1180 (epoch 17.136) train_loss=232.54241943 time/batch=0.28s
1012/1180 (epoch 17.153) train_loss=368.08401489 time/batch=0.39s
1013/1180 (epoch 17.169) train_loss=512.53027344 time/batch=0.50s
1014/1180 (epoch 17.186) train_loss=440.87292480 time/batch=0.46s
1015/1180 (epoch 17.203) train_loss=215.97354126 time/batch=0.29s
1016/1180 (epoch 17.220) train_loss=418.89007568 time/batch=0.42s
1017/1180 (epoch 17.237) train_loss=293.02593994 time/batch=0.35s
1018/1180 (epoch 17.254) train_loss=532.77514648 time/batch=0.52s
1019/1180 (epoch 17.271) train_loss=354.70190430 time/batch=0.41s
1020/1180 (epoch 17.288) train_loss=179.23028564 time/batch=0.25s
1021/1180 (epoch 17.305) train_loss=391.29815674 time/batch=0.38s
1022/1180 (epoch 17.322) train_loss=360.40402222 time/batch=0.38s
1023/1180 (epoch 17.339) train_loss=285.29626465 time/batch=0.31s
1024/1180 (epoch 17.356) train_loss=269.67349243 time/batch=0.30s
1025/1180 (epoch 17.373) train_loss=203.00059509 time/batch=0.26s
1026/1180 (epoch 17.390) train_loss=354.85443115 time/batch=0.36s
1027/1180 (epoch 17.407) train_loss=315.82775879 time/batch=0.36s
1028/1180 (epoch 17.424) train_loss=163.65013123 time/batch=0.24s
1029/1180 (epoch 17.441) train_loss=251.05812073 time/batch=0.28s
1030/1180 (epoch 17.458) train_loss=332.46990967 time/batch=0.33s
1031/1180 (epoch 17.475) train_loss=404.59451294 time/batch=0.45s
1032/1180 (epoch 17.492) train_loss=118.09810638 time/batch=0.23s
1033/1180 (epoch 17.508) train_loss=110.95542145 time/batch=0.17s
1034/1180 (epoch 17.525) train_loss=342.39633179 time/batch=1.75s
1035/1180 (epoch 17.542) train_loss=307.25827026 time/batch=0.59s
1036/1180 (epoch 17.559) train_loss=100.61247253 time/batch=0.20s
1037/1180 (epoch 17.576) train_loss=267.52899170 time/batch=0.28s
1038/1180 (epoch 17.593) train_loss=253.53585815 time/batch=0.28s
1039/1180 (epoch 17.610) train_loss=95.39794159 time/batch=0.19s
1040/1180 (epoch 17.627) train_loss=293.08251953 time/batch=0.30s
1041/1180 (epoch 17.644) train_loss=115.47770691 time/batch=0.21s
1042/1180 (epoch 17.661) train_loss=97.26200867 time/batch=0.17s
1043/1180 (epoch 17.678) train_loss=326.29132080 time/batch=0.33s
1044/1180 (epoch 17.695) train_loss=242.21630859 time/batch=0.30s
1045/1180 (epoch 17.712) train_loss=242.92784119 time/batch=0.30s
1046/1180 (epoch 17.729) train_loss=268.32034302 time/batch=0.33s
1047/1180 (epoch 17.746) train_loss=141.93551636 time/batch=0.27s
1048/1180 (epoch 17.763) train_loss=102.25834656 time/batch=0.19s
1049/1180 (epoch 17.780) train_loss=99.73661804 time/batch=0.19s
1050/1180 (epoch 17.797) train_loss=110.75779724 time/batch=0.17s
1051/1180 (epoch 17.814) train_loss=117.11295319 time/batch=0.19s
1052/1180 (epoch 17.831) train_loss=101.84758759 time/batch=0.19s
1053/1180 (epoch 17.847) train_loss=118.38086700 time/batch=0.19s
1054/1180 (epoch 17.864) train_loss=103.01656342 time/batch=0.19s
1055/1180 (epoch 17.881) train_loss=97.62051392 time/batch=0.17s
1056/1180 (epoch 17.898) train_loss=108.60008240 time/batch=0.19s
1057/1180 (epoch 17.915) train_loss=95.48271179 time/batch=0.19s
1058/1180 (epoch 17.932) train_loss=102.15086365 time/batch=0.19s
1059/1180 (epoch 17.949) train_loss=97.33930969 time/batch=0.17s
1060/1180 (epoch 17.966) train_loss=97.29934692 time/batch=0.19s
1061/1180 (epoch 17.983) train_loss=98.90797424 time/batch=0.19s
1062/1180 (epoch 18.000) train_loss=105.79361725 time/batch=0.17s
1063/1180 (epoch 18.017) train_loss=123.87560272 time/batch=0.19s
1064/1180 (epoch 18.034) train_loss=262.52648926 time/batch=0.27s
1065/1180 (epoch 18.051) train_loss=396.44372559 time/batch=0.39s
1066/1180 (epoch 18.068) train_loss=534.70239258 time/batch=0.53s
1067/1180 (epoch 18.085) train_loss=347.61062622 time/batch=0.38s
1068/1180 (epoch 18.102) train_loss=188.80541992 time/batch=0.26s
1069/1180 (epoch 18.119) train_loss=436.38659668 time/batch=0.41s
1070/1180 (epoch 18.136) train_loss=224.25686646 time/batch=0.28s
1071/1180 (epoch 18.153) train_loss=208.27919006 time/batch=0.26s
1072/1180 (epoch 18.169) train_loss=137.28335571 time/batch=0.21s
1073/1180 (epoch 18.186) train_loss=305.57037354 time/batch=0.31s
1074/1180 (epoch 18.203) train_loss=365.82043457 time/batch=0.40s
1075/1180 (epoch 18.220) train_loss=346.81085205 time/batch=0.38s
1076/1180 (epoch 18.237) train_loss=270.75225830 time/batch=0.33s
1077/1180 (epoch 18.254) train_loss=703.03247070 time/batch=0.69s
1078/1180 (epoch 18.271) train_loss=388.50323486 time/batch=0.46s
1079/1180 (epoch 18.288) train_loss=295.52838135 time/batch=0.34s
1080/1180 (epoch 18.305) train_loss=527.42230225 time/batch=0.55s
1081/1180 (epoch 18.322) train_loss=849.31750488 time/batch=2.08s
1082/1180 (epoch 18.339) train_loss=247.48860168 time/batch=0.60s
1083/1180 (epoch 18.356) train_loss=169.60678101 time/batch=0.22s
1084/1180 (epoch 18.373) train_loss=96.80703735 time/batch=0.19s
1085/1180 (epoch 18.390) train_loss=288.21160889 time/batch=0.30s
1086/1180 (epoch 18.407) train_loss=818.31677246 time/batch=2.66s
1087/1180 (epoch 18.424) train_loss=236.05438232 time/batch=0.72s
1088/1180 (epoch 18.441) train_loss=563.62536621 time/batch=1.38s
1089/1180 (epoch 18.458) train_loss=260.82571411 time/batch=0.51s
1090/1180 (epoch 18.475) train_loss=318.46496582 time/batch=0.33s
1091/1180 (epoch 18.492) train_loss=209.13298035 time/batch=0.28s
1092/1180 (epoch 18.508) train_loss=226.94442749 time/batch=1.77s
1093/1180 (epoch 18.525) train_loss=103.73970032 time/batch=0.47s
1094/1180 (epoch 18.542) train_loss=180.52151489 time/batch=0.23s
1095/1180 (epoch 18.559) train_loss=74.67543030 time/batch=0.19s
1096/1180 (epoch 18.576) train_loss=109.68913269 time/batch=0.19s
1097/1180 (epoch 18.593) train_loss=108.59130859 time/batch=0.17s
1098/1180 (epoch 18.610) train_loss=351.63510132 time/batch=0.34s
1099/1180 (epoch 18.627) train_loss=101.60614014 time/batch=0.22s
1100/1180 (epoch 18.644) train_loss=350.50808716 time/batch=0.33s
1101/1180 (epoch 18.661) train_loss=265.93634033 time/batch=0.33s
1102/1180 (epoch 18.678) train_loss=323.45492554 time/batch=0.34s
1103/1180 (epoch 18.695) train_loss=325.65124512 time/batch=0.36s
1104/1180 (epoch 18.712) train_loss=100.99253845 time/batch=0.22s
1105/1180 (epoch 18.729) train_loss=262.36386108 time/batch=0.27s
1106/1180 (epoch 18.746) train_loss=107.08321381 time/batch=0.20s
1107/1180 (epoch 18.763) train_loss=292.49343872 time/batch=0.30s
1108/1180 (epoch 18.780) train_loss=229.03448486 time/batch=1.73s
1109/1180 (epoch 18.797) train_loss=105.48945618 time/batch=0.47s
1110/1180 (epoch 18.814) train_loss=130.60018921 time/batch=0.19s
1111/1180 (epoch 18.831) train_loss=119.56660461 time/batch=0.19s
1112/1180 (epoch 18.847) train_loss=194.79913330 time/batch=0.25s
1113/1180 (epoch 18.864) train_loss=99.01095581 time/batch=0.19s
1114/1180 (epoch 18.881) train_loss=111.28907013 time/batch=0.19s
1115/1180 (epoch 18.898) train_loss=226.52171326 time/batch=0.29s
1116/1180 (epoch 18.915) train_loss=104.02992249 time/batch=0.21s
1117/1180 (epoch 18.932) train_loss=101.79930115 time/batch=0.19s
1118/1180 (epoch 18.949) train_loss=102.07012939 time/batch=0.19s
1119/1180 (epoch 18.966) train_loss=96.20948792 time/batch=0.17s
1120/1180 (epoch 18.983) train_loss=99.16196442 time/batch=0.19s
1121/1180 (epoch 19.000) train_loss=93.59375000 time/batch=0.17s
1122/1180 (epoch 19.017) train_loss=1293.10424805 time/batch=2.62s
1123/1180 (epoch 19.034) train_loss=358.08645630 time/batch=0.78s
1124/1180 (epoch 19.051) train_loss=796.70019531 time/batch=1.40s
1125/1180 (epoch 19.068) train_loss=545.44494629 time/batch=0.70s
1126/1180 (epoch 19.085) train_loss=304.74804688 time/batch=0.36s
1127/1180 (epoch 19.102) train_loss=338.79882812 time/batch=0.36s
1128/1180 (epoch 19.119) train_loss=406.02807617 time/batch=0.42s
1129/1180 (epoch 19.136) train_loss=444.65740967 time/batch=0.47s
1130/1180 (epoch 19.153) train_loss=284.44439697 time/batch=0.34s
1131/1180 (epoch 19.169) train_loss=284.15905762 time/batch=0.33s
1132/1180 (epoch 19.186) train_loss=363.37475586 time/batch=0.39s
1133/1180 (epoch 19.203) train_loss=232.70425415 time/batch=0.30s
1134/1180 (epoch 19.220) train_loss=96.00386047 time/batch=0.19s
1135/1180 (epoch 19.237) train_loss=201.91267395 time/batch=0.24s
1136/1180 (epoch 19.254) train_loss=477.15893555 time/batch=0.51s
1137/1180 (epoch 19.271) train_loss=381.18829346 time/batch=0.42s
1138/1180 (epoch 19.288) train_loss=184.42060852 time/batch=0.27s
1139/1180 (epoch 19.305) train_loss=206.97872925 time/batch=0.25s
1140/1180 (epoch 19.322) train_loss=328.88043213 time/batch=0.34s
1141/1180 (epoch 19.339) train_loss=295.16070557 time/batch=0.33s
1142/1180 (epoch 19.356) train_loss=132.47070312 time/batch=0.22s
1143/1180 (epoch 19.373) train_loss=247.80233765 time/batch=0.27s
1144/1180 (epoch 19.390) train_loss=309.37179565 time/batch=0.33s
1145/1180 (epoch 19.407) train_loss=217.95938110 time/batch=0.28s
1146/1180 (epoch 19.424) train_loss=204.11219788 time/batch=1.77s
1147/1180 (epoch 19.441) train_loss=317.15325928 time/batch=0.63s
1148/1180 (epoch 19.458) train_loss=433.85632324 time/batch=0.44s
1149/1180 (epoch 19.475) train_loss=174.41918945 time/batch=0.25s
1150/1180 (epoch 19.492) train_loss=244.77101135 time/batch=0.28s
1151/1180 (epoch 19.508) train_loss=118.94052887 time/batch=0.20s
1152/1180 (epoch 19.525) train_loss=395.04364014 time/batch=0.39s
1153/1180 (epoch 19.542) train_loss=134.85333252 time/batch=0.24s
1154/1180 (epoch 19.559) train_loss=232.92533875 time/batch=0.27s
1155/1180 (epoch 19.576) train_loss=358.06246948 time/batch=0.36s
1156/1180 (epoch 19.593) train_loss=335.31561279 time/batch=0.38s
1157/1180 (epoch 19.610) train_loss=105.11685181 time/batch=0.20s
1158/1180 (epoch 19.627) train_loss=279.05303955 time/batch=0.30s
1159/1180 (epoch 19.644) train_loss=189.67382812 time/batch=0.28s
1160/1180 (epoch 19.661) train_loss=97.96127319 time/batch=0.19s
1161/1180 (epoch 19.678) train_loss=107.06631470 time/batch=0.19s
1162/1180 (epoch 19.695) train_loss=94.67007446 time/batch=0.17s
1163/1180 (epoch 19.712) train_loss=96.94061279 time/batch=0.19s
1164/1180 (epoch 19.729) train_loss=109.98866272 time/batch=0.19s
1165/1180 (epoch 19.746) train_loss=262.24426270 time/batch=0.27s
1166/1180 (epoch 19.763) train_loss=249.94821167 time/batch=0.30s
1167/1180 (epoch 19.780) train_loss=260.69839478 time/batch=0.31s
1168/1180 (epoch 19.797) train_loss=101.22965240 time/batch=0.19s
1169/1180 (epoch 19.814) train_loss=224.93684387 time/batch=1.72s
1170/1180 (epoch 19.831) train_loss=167.50567627 time/batch=0.55s
1171/1180 (epoch 19.847) train_loss=109.02239990 time/batch=0.20s
1172/1180 (epoch 19.864) train_loss=104.15400696 time/batch=0.19s
1173/1180 (epoch 19.881) train_loss=102.35979462 time/batch=0.19s
1174/1180 (epoch 19.898) train_loss=99.03833008 time/batch=0.17s
1175/1180 (epoch 19.915) train_loss=99.02075958 time/batch=0.19s
1176/1180 (epoch 19.932) train_loss=94.89047241 time/batch=0.19s
1177/1180 (epoch 19.949) train_loss=112.09931946 time/batch=0.17s
1178/1180 (epoch 19.966) train_loss=104.95082855 time/batch=0.19s
1179/1180 (epoch 19.983) train_loss=103.91690826 time/batch=0.19s
1180/1180 (epoch 20.000) train_loss=99.47025299 time/batch=0.17s
  saved to metadata/config5--20190119-182125.pkl
