vocabulary size: 13035
<type 'int'>
<type 'numpy.float64'>
n tunes: 999
n train tunes: 951
n validation tunes: 48
min, max length 39 835
Building the model
  number of parameters: 208545956
  layer output shapes:               #params:   output shape:
    InputLayer                       0          (16, None)
    EmbeddingLayer                   169911225  (16, None, 13035)
    InputLayer                       0          (16, None)
    LSTMLayer                        27747328   (16, None, 512)
    DropoutLayer                     0          (16, None, 512)
    LSTMLayer                        2100224    (16, None, 512)
    DropoutLayer                     0          (16, None, 512)
    LSTMLayer                        2100224    (16, None, 512)
    DropoutLayer                     0          (16, None, 512)
    ReshapeLayer                     0          (None, 512)
    DenseLayer                       6686955    (None, 13035)
Train model
1/1180 (epoch 0.017) train_loss=696.51220703 time/batch=0.99s
2/1180 (epoch 0.034) train_loss=1352.63195801 time/batch=0.49s
3/1180 (epoch 0.051) train_loss=638.54345703 time/batch=0.38s
4/1180 (epoch 0.068) train_loss=712.39007568 time/batch=0.40s
5/1180 (epoch 0.085) train_loss=973.47247314 time/batch=0.61s
6/1180 (epoch 0.102) train_loss=991.68170166 time/batch=0.76s
7/1180 (epoch 0.119) train_loss=615.73168945 time/batch=0.41s
8/1180 (epoch 0.136) train_loss=442.87957764 time/batch=0.28s
9/1180 (epoch 0.153) train_loss=2144.85449219 time/batch=2.66s
10/1180 (epoch 0.169) train_loss=658.63439941 time/batch=0.78s
11/1180 (epoch 0.186) train_loss=628.97460938 time/batch=0.36s
12/1180 (epoch 0.203) train_loss=460.76373291 time/batch=0.29s
13/1180 (epoch 0.220) train_loss=622.05114746 time/batch=0.36s
14/1180 (epoch 0.237) train_loss=469.99414062 time/batch=0.28s
15/1180 (epoch 0.254) train_loss=318.97406006 time/batch=0.20s
16/1180 (epoch 0.271) train_loss=703.66442871 time/batch=0.39s
17/1180 (epoch 0.288) train_loss=379.31832886 time/batch=0.25s
18/1180 (epoch 0.305) train_loss=265.38006592 time/batch=0.19s
19/1180 (epoch 0.322) train_loss=268.41186523 time/batch=0.17s
20/1180 (epoch 0.339) train_loss=750.07800293 time/batch=0.41s
21/1180 (epoch 0.356) train_loss=608.03680420 time/batch=0.39s
22/1180 (epoch 0.373) train_loss=317.60366821 time/batch=0.22s
23/1180 (epoch 0.390) train_loss=659.39874268 time/batch=0.39s
24/1180 (epoch 0.407) train_loss=375.22589111 time/batch=0.25s
25/1180 (epoch 0.424) train_loss=408.09921265 time/batch=0.25s
26/1180 (epoch 0.441) train_loss=265.13778687 time/batch=0.19s
27/1180 (epoch 0.458) train_loss=509.92443848 time/batch=0.28s
28/1180 (epoch 0.475) train_loss=555.80438232 time/batch=0.33s
29/1180 (epoch 0.492) train_loss=520.52575684 time/batch=0.32s
30/1180 (epoch 0.508) train_loss=597.55346680 time/batch=0.38s
31/1180 (epoch 0.525) train_loss=485.51315308 time/batch=0.31s
32/1180 (epoch 0.542) train_loss=271.84274292 time/batch=0.19s
33/1180 (epoch 0.559) train_loss=465.35705566 time/batch=0.27s
34/1180 (epoch 0.576) train_loss=485.88302612 time/batch=0.30s
35/1180 (epoch 0.593) train_loss=265.69647217 time/batch=0.20s
36/1180 (epoch 0.610) train_loss=567.60351562 time/batch=1.75s
37/1180 (epoch 0.627) train_loss=289.11972046 time/batch=0.47s
38/1180 (epoch 0.644) train_loss=458.62896729 time/batch=0.25s
39/1180 (epoch 0.661) train_loss=263.84851074 time/batch=0.19s
40/1180 (epoch 0.678) train_loss=533.66345215 time/batch=0.30s
41/1180 (epoch 0.695) train_loss=724.43164062 time/batch=0.44s
42/1180 (epoch 0.712) train_loss=576.04199219 time/batch=0.47s
43/1180 (epoch 0.729) train_loss=483.36837769 time/batch=0.31s
44/1180 (epoch 0.746) train_loss=335.49551392 time/batch=0.22s
45/1180 (epoch 0.763) train_loss=522.71600342 time/batch=0.31s
46/1180 (epoch 0.780) train_loss=253.65933228 time/batch=0.19s
47/1180 (epoch 0.797) train_loss=399.15399170 time/batch=0.30s
48/1180 (epoch 0.814) train_loss=280.66540527 time/batch=0.22s
49/1180 (epoch 0.831) train_loss=237.25898743 time/batch=0.17s
50/1180 (epoch 0.847) train_loss=232.78659058 time/batch=0.17s
51/1180 (epoch 0.864) train_loss=246.15177917 time/batch=0.19s
52/1180 (epoch 0.881) train_loss=261.05749512 time/batch=0.19s
53/1180 (epoch 0.898) train_loss=260.45834351 time/batch=0.17s
54/1180 (epoch 0.915) train_loss=246.63284302 time/batch=0.19s
55/1180 (epoch 0.932) train_loss=245.77105713 time/batch=0.19s
56/1180 (epoch 0.949) train_loss=233.99502563 time/batch=0.17s
57/1180 (epoch 0.966) train_loss=244.01216125 time/batch=0.19s
58/1180 (epoch 0.983) train_loss=250.02905273 time/batch=0.19s
59/1180 (epoch 1.000) train_loss=235.44454956 time/batch=0.17s
60/1180 (epoch 1.017) train_loss=220.27664185 time/batch=0.19s
61/1180 (epoch 1.034) train_loss=551.98437500 time/batch=0.30s
62/1180 (epoch 1.051) train_loss=2120.50317383 time/batch=2.64s
63/1180 (epoch 1.068) train_loss=721.79809570 time/batch=2.20s
64/1180 (epoch 1.085) train_loss=825.42114258 time/batch=0.79s
65/1180 (epoch 1.102) train_loss=389.04559326 time/batch=0.28s
66/1180 (epoch 1.119) train_loss=617.78515625 time/batch=0.38s
67/1180 (epoch 1.136) train_loss=477.82995605 time/batch=0.33s
68/1180 (epoch 1.153) train_loss=700.85845947 time/batch=0.44s
69/1180 (epoch 1.169) train_loss=670.55279541 time/batch=0.44s
70/1180 (epoch 1.186) train_loss=483.96084595 time/batch=0.34s
71/1180 (epoch 1.203) train_loss=391.03024292 time/batch=0.27s
72/1180 (epoch 1.220) train_loss=379.93298340 time/batch=0.27s
73/1180 (epoch 1.237) train_loss=788.09222412 time/batch=0.55s
74/1180 (epoch 1.254) train_loss=833.77148438 time/batch=0.66s
75/1180 (epoch 1.271) train_loss=482.68890381 time/batch=0.38s
76/1180 (epoch 1.288) train_loss=488.02264404 time/batch=0.34s
77/1180 (epoch 1.305) train_loss=306.46636963 time/batch=0.22s
78/1180 (epoch 1.322) train_loss=535.84558105 time/batch=0.33s
79/1180 (epoch 1.339) train_loss=610.00299072 time/batch=0.41s
80/1180 (epoch 1.356) train_loss=355.53381348 time/batch=0.25s
81/1180 (epoch 1.373) train_loss=561.78491211 time/batch=0.36s
82/1180 (epoch 1.390) train_loss=254.16450500 time/batch=0.20s
83/1180 (epoch 1.407) train_loss=410.71542358 time/batch=0.26s
84/1180 (epoch 1.424) train_loss=372.65991211 time/batch=0.25s
85/1180 (epoch 1.441) train_loss=533.82531738 time/batch=0.34s
86/1180 (epoch 1.458) train_loss=390.55517578 time/batch=0.28s
87/1180 (epoch 1.475) train_loss=224.39064026 time/batch=0.19s
88/1180 (epoch 1.492) train_loss=436.14141846 time/batch=0.28s
89/1180 (epoch 1.508) train_loss=357.83630371 time/batch=0.28s
90/1180 (epoch 1.525) train_loss=618.53717041 time/batch=0.39s
91/1180 (epoch 1.542) train_loss=629.08959961 time/batch=0.64s
92/1180 (epoch 1.559) train_loss=216.89474487 time/batch=0.25s
93/1180 (epoch 1.576) train_loss=252.41976929 time/batch=0.19s
94/1180 (epoch 1.593) train_loss=490.11413574 time/batch=0.31s
95/1180 (epoch 1.610) train_loss=275.36325073 time/batch=0.20s
96/1180 (epoch 1.627) train_loss=534.10437012 time/batch=0.33s
97/1180 (epoch 1.644) train_loss=469.73205566 time/batch=0.33s
98/1180 (epoch 1.661) train_loss=453.92678833 time/batch=0.36s
99/1180 (epoch 1.678) train_loss=598.77087402 time/batch=0.63s
100/1180 (epoch 1.695) train_loss=420.94763184 time/batch=0.36s
101/1180 (epoch 1.712) train_loss=264.32040405 time/batch=0.20s
102/1180 (epoch 1.729) train_loss=451.29266357 time/batch=0.27s
103/1180 (epoch 1.746) train_loss=278.28872681 time/batch=0.19s
104/1180 (epoch 1.763) train_loss=249.89544678 time/batch=0.19s
105/1180 (epoch 1.780) train_loss=255.12188721 time/batch=0.27s
106/1180 (epoch 1.797) train_loss=225.26052856 time/batch=0.19s
107/1180 (epoch 1.814) train_loss=399.16625977 time/batch=0.36s
108/1180 (epoch 1.831) train_loss=224.75315857 time/batch=0.21s
109/1180 (epoch 1.847) train_loss=234.29920959 time/batch=0.19s
110/1180 (epoch 1.864) train_loss=236.76164246 time/batch=0.17s
111/1180 (epoch 1.881) train_loss=249.40319824 time/batch=0.34s
112/1180 (epoch 1.898) train_loss=207.01664734 time/batch=0.20s
113/1180 (epoch 1.915) train_loss=206.88943481 time/batch=0.17s
114/1180 (epoch 1.932) train_loss=210.25733948 time/batch=0.19s
115/1180 (epoch 1.949) train_loss=240.64854431 time/batch=0.19s
116/1180 (epoch 1.966) train_loss=211.36515808 time/batch=0.17s
117/1180 (epoch 1.983) train_loss=291.50524902 time/batch=0.34s
118/1180 (epoch 2.000) train_loss=199.48796082 time/batch=0.21s
119/1180 (epoch 2.017) train_loss=712.63549805 time/batch=0.45s
120/1180 (epoch 2.034) train_loss=1456.22729492 time/batch=2.07s
121/1180 (epoch 2.051) train_loss=527.52758789 time/batch=0.66s
122/1180 (epoch 2.068) train_loss=734.30407715 time/batch=0.48s
123/1180 (epoch 2.085) train_loss=566.11291504 time/batch=0.39s
124/1180 (epoch 2.102) train_loss=1298.51025391 time/batch=2.68s
125/1180 (epoch 2.119) train_loss=260.65689087 time/batch=0.64s
126/1180 (epoch 2.136) train_loss=431.27227783 time/batch=0.28s
127/1180 (epoch 2.153) train_loss=758.45373535 time/batch=0.52s
128/1180 (epoch 2.169) train_loss=484.57293701 time/batch=0.37s
129/1180 (epoch 2.186) train_loss=498.38159180 time/batch=0.35s
130/1180 (epoch 2.203) train_loss=424.38610840 time/batch=0.31s
131/1180 (epoch 2.220) train_loss=590.08770752 time/batch=0.41s
132/1180 (epoch 2.237) train_loss=329.86553955 time/batch=0.27s
133/1180 (epoch 2.254) train_loss=482.17898560 time/batch=1.76s
134/1180 (epoch 2.271) train_loss=599.74200439 time/batch=0.67s
135/1180 (epoch 2.288) train_loss=411.23596191 time/batch=0.31s
136/1180 (epoch 2.305) train_loss=457.83718872 time/batch=0.31s
137/1180 (epoch 2.322) train_loss=275.15594482 time/batch=0.22s
138/1180 (epoch 2.339) train_loss=540.37902832 time/batch=0.35s
139/1180 (epoch 2.356) train_loss=266.56838989 time/batch=0.23s
140/1180 (epoch 2.373) train_loss=341.65777588 time/batch=0.25s
141/1180 (epoch 2.390) train_loss=428.50201416 time/batch=0.31s
142/1180 (epoch 2.407) train_loss=547.75939941 time/batch=0.34s
143/1180 (epoch 2.424) train_loss=418.80725098 time/batch=0.28s
144/1180 (epoch 2.441) train_loss=538.90045166 time/batch=0.37s
145/1180 (epoch 2.458) train_loss=391.88729858 time/batch=0.30s
146/1180 (epoch 2.475) train_loss=551.56732178 time/batch=0.38s
147/1180 (epoch 2.492) train_loss=318.25366211 time/batch=0.27s
148/1180 (epoch 2.508) train_loss=630.04406738 time/batch=0.42s
149/1180 (epoch 2.525) train_loss=599.26330566 time/batch=0.42s
150/1180 (epoch 2.542) train_loss=269.49493408 time/batch=0.28s
151/1180 (epoch 2.559) train_loss=372.93356323 time/batch=0.25s
152/1180 (epoch 2.576) train_loss=382.95825195 time/batch=0.29s
153/1180 (epoch 2.593) train_loss=427.68103027 time/batch=0.31s
154/1180 (epoch 2.610) train_loss=461.89102173 time/batch=0.31s
155/1180 (epoch 2.627) train_loss=476.39907837 time/batch=0.41s
156/1180 (epoch 2.644) train_loss=198.77818298 time/batch=0.22s
157/1180 (epoch 2.661) train_loss=198.80659485 time/batch=0.17s
158/1180 (epoch 2.678) train_loss=215.34965515 time/batch=0.19s
159/1180 (epoch 2.695) train_loss=208.04275513 time/batch=0.17s
160/1180 (epoch 2.712) train_loss=459.73117065 time/batch=0.31s
161/1180 (epoch 2.729) train_loss=223.31950378 time/batch=0.19s
162/1180 (epoch 2.746) train_loss=348.06445312 time/batch=0.25s
163/1180 (epoch 2.763) train_loss=211.53680420 time/batch=0.20s
164/1180 (epoch 2.780) train_loss=232.54348755 time/batch=0.19s
165/1180 (epoch 2.797) train_loss=246.11970520 time/batch=0.24s
166/1180 (epoch 2.814) train_loss=203.66448975 time/batch=0.20s
167/1180 (epoch 2.831) train_loss=208.30598450 time/batch=0.17s
168/1180 (epoch 2.847) train_loss=196.62100220 time/batch=0.18s
169/1180 (epoch 2.864) train_loss=193.17266846 time/batch=0.18s
170/1180 (epoch 2.881) train_loss=183.61364746 time/batch=0.18s
171/1180 (epoch 2.898) train_loss=195.80313110 time/batch=0.19s
172/1180 (epoch 2.915) train_loss=200.59378052 time/batch=0.19s
173/1180 (epoch 2.932) train_loss=217.92686462 time/batch=0.19s
174/1180 (epoch 2.949) train_loss=213.35884094 time/batch=0.17s
175/1180 (epoch 2.966) train_loss=202.35008240 time/batch=0.19s
176/1180 (epoch 2.983) train_loss=191.95541382 time/batch=0.17s
177/1180 (epoch 3.000) train_loss=189.50413513 time/batch=0.19s
178/1180 (epoch 3.017) train_loss=379.54028320 time/batch=0.25s
179/1180 (epoch 3.034) train_loss=882.07788086 time/batch=0.61s
180/1180 (epoch 3.051) train_loss=606.85485840 time/batch=0.46s
181/1180 (epoch 3.068) train_loss=613.52105713 time/batch=0.45s
182/1180 (epoch 3.085) train_loss=283.48504639 time/batch=0.26s
183/1180 (epoch 3.102) train_loss=335.60394287 time/batch=0.26s
184/1180 (epoch 3.119) train_loss=1833.54833984 time/batch=2.64s
185/1180 (epoch 3.136) train_loss=543.51446533 time/batch=0.77s
186/1180 (epoch 3.153) train_loss=428.47729492 time/batch=0.31s
187/1180 (epoch 3.169) train_loss=805.26647949 time/batch=0.64s
188/1180 (epoch 3.186) train_loss=391.91021729 time/batch=0.35s
189/1180 (epoch 3.203) train_loss=523.62823486 time/batch=0.37s
190/1180 (epoch 3.220) train_loss=482.42404175 time/batch=0.36s
191/1180 (epoch 3.237) train_loss=340.29010010 time/batch=0.27s
192/1180 (epoch 3.254) train_loss=650.88171387 time/batch=0.47s
193/1180 (epoch 3.271) train_loss=242.86059570 time/batch=0.25s
194/1180 (epoch 3.288) train_loss=223.86639404 time/batch=0.19s
195/1180 (epoch 3.305) train_loss=443.10543823 time/batch=0.32s
196/1180 (epoch 3.322) train_loss=653.87573242 time/batch=0.47s
197/1180 (epoch 3.339) train_loss=343.39807129 time/batch=0.30s
198/1180 (epoch 3.356) train_loss=407.76165771 time/batch=0.30s
199/1180 (epoch 3.373) train_loss=403.34411621 time/batch=0.27s
200/1180 (epoch 3.390) train_loss=487.18817139 time/batch=0.34s
201/1180 (epoch 3.407) train_loss=210.01799011 time/batch=0.20s
202/1180 (epoch 3.424) train_loss=449.37203979 time/batch=0.30s
203/1180 (epoch 3.441) train_loss=317.92773438 time/batch=0.28s
204/1180 (epoch 3.458) train_loss=462.93341064 time/batch=0.31s
205/1180 (epoch 3.475) train_loss=231.78157043 time/batch=0.23s
206/1180 (epoch 3.492) train_loss=342.76947021 time/batch=0.26s
207/1180 (epoch 3.508) train_loss=272.97790527 time/batch=0.29s
208/1180 (epoch 3.525) train_loss=560.88775635 time/batch=0.37s
209/1180 (epoch 3.542) train_loss=226.66180420 time/batch=0.22s
210/1180 (epoch 3.559) train_loss=406.29101562 time/batch=0.29s
211/1180 (epoch 3.576) train_loss=388.84716797 time/batch=0.30s
212/1180 (epoch 3.593) train_loss=500.26550293 time/batch=0.36s
213/1180 (epoch 3.610) train_loss=434.92407227 time/batch=0.33s
214/1180 (epoch 3.627) train_loss=186.19949341 time/batch=0.19s
215/1180 (epoch 3.644) train_loss=586.57312012 time/batch=0.39s
216/1180 (epoch 3.661) train_loss=327.01702881 time/batch=1.77s
217/1180 (epoch 3.678) train_loss=542.17321777 time/batch=0.66s
218/1180 (epoch 3.695) train_loss=429.86505127 time/batch=0.33s
219/1180 (epoch 3.712) train_loss=341.66461182 time/batch=1.73s
220/1180 (epoch 3.729) train_loss=199.67245483 time/batch=0.45s
221/1180 (epoch 3.746) train_loss=257.53289795 time/batch=0.31s
222/1180 (epoch 3.763) train_loss=182.07202148 time/batch=0.20s
223/1180 (epoch 3.780) train_loss=184.58114624 time/batch=0.18s
224/1180 (epoch 3.797) train_loss=191.86508179 time/batch=0.20s
225/1180 (epoch 3.814) train_loss=445.63775635 time/batch=0.33s
226/1180 (epoch 3.831) train_loss=395.99368286 time/batch=0.41s
227/1180 (epoch 3.847) train_loss=183.97879028 time/batch=0.20s
228/1180 (epoch 3.864) train_loss=187.46855164 time/batch=0.19s
229/1180 (epoch 3.881) train_loss=181.71136475 time/batch=0.17s
230/1180 (epoch 3.898) train_loss=173.78881836 time/batch=0.19s
231/1180 (epoch 3.915) train_loss=177.37060547 time/batch=0.17s
232/1180 (epoch 3.932) train_loss=172.89930725 time/batch=0.17s
233/1180 (epoch 3.949) train_loss=195.54563904 time/batch=0.19s
234/1180 (epoch 3.966) train_loss=214.89562988 time/batch=0.19s
235/1180 (epoch 3.983) train_loss=189.24621582 time/batch=0.19s
236/1180 (epoch 4.000) train_loss=183.10684204 time/batch=0.19s
237/1180 (epoch 4.017) train_loss=908.49938965 time/batch=0.61s
238/1180 (epoch 4.034) train_loss=567.14611816 time/batch=0.44s
239/1180 (epoch 4.051) train_loss=614.51489258 time/batch=0.45s
240/1180 (epoch 4.068) train_loss=453.42218018 time/batch=0.36s
241/1180 (epoch 4.085) train_loss=584.90856934 time/batch=0.41s
242/1180 (epoch 4.102) train_loss=218.58480835 time/batch=0.23s
243/1180 (epoch 4.119) train_loss=1879.28100586 time/batch=2.63s
244/1180 (epoch 4.136) train_loss=458.92382812 time/batch=0.75s
245/1180 (epoch 4.153) train_loss=405.85931396 time/batch=0.28s
246/1180 (epoch 4.169) train_loss=332.72784424 time/batch=0.27s
247/1180 (epoch 4.186) train_loss=295.73559570 time/batch=0.23s
248/1180 (epoch 4.203) train_loss=322.38690186 time/batch=0.25s
249/1180 (epoch 4.220) train_loss=635.49133301 time/batch=0.45s
250/1180 (epoch 4.237) train_loss=375.71145630 time/batch=0.30s
251/1180 (epoch 4.254) train_loss=748.00366211 time/batch=0.62s
252/1180 (epoch 4.271) train_loss=596.23822021 time/batch=0.47s
253/1180 (epoch 4.288) train_loss=387.14840698 time/batch=0.31s
254/1180 (epoch 4.305) train_loss=485.88412476 time/batch=1.78s
255/1180 (epoch 4.322) train_loss=338.40777588 time/batch=0.53s
256/1180 (epoch 4.339) train_loss=384.69085693 time/batch=0.30s
257/1180 (epoch 4.356) train_loss=636.55560303 time/batch=0.47s
258/1180 (epoch 4.373) train_loss=344.81878662 time/batch=0.30s
259/1180 (epoch 4.390) train_loss=381.13348389 time/batch=0.30s
260/1180 (epoch 4.407) train_loss=439.89447021 time/batch=0.33s
261/1180 (epoch 4.424) train_loss=428.78240967 time/batch=0.34s
262/1180 (epoch 4.441) train_loss=193.39233398 time/batch=0.20s
263/1180 (epoch 4.458) train_loss=221.77430725 time/batch=0.19s
264/1180 (epoch 4.475) train_loss=237.41313171 time/batch=0.20s
265/1180 (epoch 4.492) train_loss=190.70953369 time/batch=0.17s
266/1180 (epoch 4.508) train_loss=281.14648438 time/batch=0.23s
267/1180 (epoch 4.525) train_loss=542.03491211 time/batch=0.36s
268/1180 (epoch 4.542) train_loss=441.96176147 time/batch=0.34s
269/1180 (epoch 4.559) train_loss=447.60180664 time/batch=0.31s
270/1180 (epoch 4.576) train_loss=432.83337402 time/batch=0.34s
271/1180 (epoch 4.593) train_loss=540.41912842 time/batch=0.39s
272/1180 (epoch 4.610) train_loss=409.73236084 time/batch=0.36s
273/1180 (epoch 4.627) train_loss=306.74084473 time/batch=0.27s
274/1180 (epoch 4.644) train_loss=493.27426147 time/batch=0.36s
275/1180 (epoch 4.661) train_loss=442.30465698 time/batch=0.35s
276/1180 (epoch 4.678) train_loss=471.77685547 time/batch=0.36s
277/1180 (epoch 4.695) train_loss=199.87452698 time/batch=0.22s
278/1180 (epoch 4.712) train_loss=261.35922241 time/batch=0.25s
279/1180 (epoch 4.729) train_loss=453.67364502 time/batch=0.35s
280/1180 (epoch 4.746) train_loss=189.36117554 time/batch=0.22s
281/1180 (epoch 4.763) train_loss=185.05700684 time/batch=0.17s
282/1180 (epoch 4.780) train_loss=173.33285522 time/batch=0.18s
283/1180 (epoch 4.797) train_loss=173.29504395 time/batch=0.17s
284/1180 (epoch 4.814) train_loss=173.10182190 time/batch=0.17s
285/1180 (epoch 4.831) train_loss=200.06541443 time/batch=0.19s
286/1180 (epoch 4.847) train_loss=199.15176392 time/batch=0.19s
287/1180 (epoch 4.864) train_loss=175.66647339 time/batch=0.19s
288/1180 (epoch 4.881) train_loss=167.55891418 time/batch=0.18s
289/1180 (epoch 4.898) train_loss=159.85986328 time/batch=0.19s
290/1180 (epoch 4.915) train_loss=175.04333496 time/batch=0.19s
291/1180 (epoch 4.932) train_loss=177.82620239 time/batch=0.17s
292/1180 (epoch 4.949) train_loss=185.68014526 time/batch=0.19s
293/1180 (epoch 4.966) train_loss=168.81892395 time/batch=0.17s
294/1180 (epoch 4.983) train_loss=156.43052673 time/batch=0.17s
295/1180 (epoch 5.000) train_loss=160.13032532 time/batch=0.19s
296/1180 (epoch 5.017) train_loss=1352.10998535 time/batch=2.02s
297/1180 (epoch 5.034) train_loss=318.56298828 time/batch=0.56s
298/1180 (epoch 5.051) train_loss=650.43127441 time/batch=0.38s
299/1180 (epoch 5.068) train_loss=590.36657715 time/batch=0.43s
300/1180 (epoch 5.085) train_loss=448.98818970 time/batch=0.35s
301/1180 (epoch 5.102) train_loss=412.82809448 time/batch=0.31s
302/1180 (epoch 5.119) train_loss=296.27807617 time/batch=0.22s
303/1180 (epoch 5.136) train_loss=710.83337402 time/batch=0.50s
304/1180 (epoch 5.153) train_loss=550.41516113 time/batch=0.42s
305/1180 (epoch 5.169) train_loss=535.73681641 time/batch=0.41s
306/1180 (epoch 5.186) train_loss=1332.15356445 time/batch=2.66s
307/1180 (epoch 5.203) train_loss=177.29624939 time/batch=0.62s
308/1180 (epoch 5.220) train_loss=374.06692505 time/batch=0.27s
309/1180 (epoch 5.237) train_loss=324.81152344 time/batch=0.26s
310/1180 (epoch 5.254) train_loss=290.01971436 time/batch=0.24s
311/1180 (epoch 5.271) train_loss=392.67895508 time/batch=0.30s
312/1180 (epoch 5.288) train_loss=413.46185303 time/batch=0.33s
313/1180 (epoch 5.305) train_loss=698.61517334 time/batch=0.52s
314/1180 (epoch 5.322) train_loss=508.36190796 time/batch=0.41s
315/1180 (epoch 5.339) train_loss=360.99670410 time/batch=0.30s
316/1180 (epoch 5.356) train_loss=322.11041260 time/batch=1.76s
317/1180 (epoch 5.373) train_loss=463.71566772 time/batch=0.60s
318/1180 (epoch 5.390) train_loss=343.23266602 time/batch=0.28s
319/1180 (epoch 5.407) train_loss=322.35137939 time/batch=0.25s
320/1180 (epoch 5.424) train_loss=605.29992676 time/batch=0.44s
321/1180 (epoch 5.441) train_loss=460.24914551 time/batch=0.37s
322/1180 (epoch 5.458) train_loss=600.43182373 time/batch=0.42s
323/1180 (epoch 5.475) train_loss=330.73748779 time/batch=0.30s
324/1180 (epoch 5.492) train_loss=465.52606201 time/batch=0.35s
325/1180 (epoch 5.508) train_loss=460.24841309 time/batch=0.36s
326/1180 (epoch 5.525) train_loss=498.85351562 time/batch=0.38s
327/1180 (epoch 5.542) train_loss=179.72169495 time/batch=0.20s
328/1180 (epoch 5.559) train_loss=190.38012695 time/batch=0.17s
329/1180 (epoch 5.576) train_loss=425.46649170 time/batch=0.34s
330/1180 (epoch 5.593) train_loss=417.55029297 time/batch=0.33s
331/1180 (epoch 5.610) train_loss=323.37924194 time/batch=1.72s
332/1180 (epoch 5.627) train_loss=216.20446777 time/batch=0.47s
333/1180 (epoch 5.644) train_loss=217.62396240 time/batch=0.19s
334/1180 (epoch 5.661) train_loss=379.33306885 time/batch=0.30s
335/1180 (epoch 5.678) train_loss=201.85997009 time/batch=0.22s
336/1180 (epoch 5.695) train_loss=386.35418701 time/batch=0.28s
337/1180 (epoch 5.712) train_loss=241.96166992 time/batch=0.27s
338/1180 (epoch 5.729) train_loss=357.83782959 time/batch=0.30s
339/1180 (epoch 5.746) train_loss=186.56665039 time/batch=0.19s
340/1180 (epoch 5.763) train_loss=213.34585571 time/batch=0.26s
341/1180 (epoch 5.780) train_loss=295.39422607 time/batch=0.30s
342/1180 (epoch 5.797) train_loss=225.23712158 time/batch=0.20s
343/1180 (epoch 5.814) train_loss=347.59228516 time/batch=0.30s
344/1180 (epoch 5.831) train_loss=180.89039612 time/batch=0.21s
345/1180 (epoch 5.847) train_loss=166.26094055 time/batch=0.19s
346/1180 (epoch 5.864) train_loss=166.01498413 time/batch=0.19s
347/1180 (epoch 5.881) train_loss=169.77243042 time/batch=0.19s
348/1180 (epoch 5.898) train_loss=170.34962463 time/batch=0.17s
349/1180 (epoch 5.915) train_loss=204.89935303 time/batch=0.17s
350/1180 (epoch 5.932) train_loss=178.53337097 time/batch=0.19s
351/1180 (epoch 5.949) train_loss=173.25421143 time/batch=0.17s
352/1180 (epoch 5.966) train_loss=166.90832520 time/batch=0.19s
353/1180 (epoch 5.983) train_loss=156.85052490 time/batch=0.17s
354/1180 (epoch 6.000) train_loss=151.50018311 time/batch=0.17s
355/1180 (epoch 6.017) train_loss=425.03515625 time/batch=0.30s
356/1180 (epoch 6.034) train_loss=326.95379639 time/batch=0.25s
357/1180 (epoch 6.051) train_loss=273.12884521 time/batch=0.24s
358/1180 (epoch 6.068) train_loss=383.60455322 time/batch=0.27s
359/1180 (epoch 6.085) train_loss=442.61590576 time/batch=0.33s
360/1180 (epoch 6.102) train_loss=615.21099854 time/batch=0.45s
361/1180 (epoch 6.119) train_loss=429.31274414 time/batch=0.34s
362/1180 (epoch 6.136) train_loss=320.59356689 time/batch=0.27s
363/1180 (epoch 6.153) train_loss=373.82446289 time/batch=0.30s
364/1180 (epoch 6.169) train_loss=377.14819336 time/batch=0.30s
365/1180 (epoch 6.186) train_loss=581.15698242 time/batch=0.41s
366/1180 (epoch 6.203) train_loss=461.52197266 time/batch=1.80s
367/1180 (epoch 6.220) train_loss=540.67510986 time/batch=0.64s
368/1180 (epoch 6.237) train_loss=170.30282593 time/batch=0.20s
369/1180 (epoch 6.254) train_loss=213.27404785 time/batch=0.20s
370/1180 (epoch 6.271) train_loss=508.79443359 time/batch=0.35s
371/1180 (epoch 6.288) train_loss=457.42279053 time/batch=0.36s
372/1180 (epoch 6.305) train_loss=601.15808105 time/batch=0.47s
373/1180 (epoch 6.322) train_loss=830.63183594 time/batch=0.63s
374/1180 (epoch 6.339) train_loss=491.07189941 time/batch=0.42s
375/1180 (epoch 6.356) train_loss=695.42993164 time/batch=0.50s
376/1180 (epoch 6.373) train_loss=411.15551758 time/batch=0.36s
377/1180 (epoch 6.390) train_loss=649.97302246 time/batch=0.61s
378/1180 (epoch 6.407) train_loss=195.64837646 time/batch=0.26s
379/1180 (epoch 6.424) train_loss=556.35449219 time/batch=0.37s
380/1180 (epoch 6.441) train_loss=233.86685181 time/batch=0.23s
381/1180 (epoch 6.458) train_loss=1827.66430664 time/batch=2.64s
382/1180 (epoch 6.475) train_loss=342.65759277 time/batch=0.69s
383/1180 (epoch 6.492) train_loss=178.26043701 time/batch=0.20s
384/1180 (epoch 6.508) train_loss=369.50393677 time/batch=0.27s
385/1180 (epoch 6.525) train_loss=334.11743164 time/batch=0.27s
386/1180 (epoch 6.542) train_loss=198.19348145 time/batch=0.20s
387/1180 (epoch 6.559) train_loss=306.13500977 time/batch=0.22s
388/1180 (epoch 6.576) train_loss=426.86773682 time/batch=0.33s
389/1180 (epoch 6.593) train_loss=240.88232422 time/batch=0.27s
390/1180 (epoch 6.610) train_loss=171.48640442 time/batch=0.20s
391/1180 (epoch 6.627) train_loss=452.76153564 time/batch=0.36s
392/1180 (epoch 6.644) train_loss=435.19274902 time/batch=0.35s
393/1180 (epoch 6.661) train_loss=447.30773926 time/batch=0.36s
394/1180 (epoch 6.678) train_loss=551.86425781 time/batch=0.39s
395/1180 (epoch 6.695) train_loss=332.48370361 time/batch=0.30s
396/1180 (epoch 6.712) train_loss=511.20898438 time/batch=0.62s
397/1180 (epoch 6.729) train_loss=178.59375000 time/batch=0.25s
398/1180 (epoch 6.746) train_loss=396.34887695 time/batch=0.28s
399/1180 (epoch 6.763) train_loss=250.70576477 time/batch=0.30s
400/1180 (epoch 6.780) train_loss=181.23022461 time/batch=0.20s
401/1180 (epoch 6.797) train_loss=174.87649536 time/batch=0.17s
402/1180 (epoch 6.814) train_loss=161.43550110 time/batch=0.19s
403/1180 (epoch 6.831) train_loss=190.21786499 time/batch=0.18s
404/1180 (epoch 6.847) train_loss=167.64501953 time/batch=0.17s
405/1180 (epoch 6.864) train_loss=159.86901855 time/batch=0.19s
406/1180 (epoch 6.881) train_loss=220.03901672 time/batch=0.28s
407/1180 (epoch 6.898) train_loss=147.45370483 time/batch=0.20s
408/1180 (epoch 6.915) train_loss=151.14852905 time/batch=0.17s
409/1180 (epoch 6.932) train_loss=181.52093506 time/batch=0.19s
410/1180 (epoch 6.949) train_loss=178.98269653 time/batch=0.19s
411/1180 (epoch 6.966) train_loss=157.53952026 time/batch=0.19s
412/1180 (epoch 6.983) train_loss=149.45274353 time/batch=0.17s
413/1180 (epoch 7.000) train_loss=151.58541870 time/batch=0.19s
414/1180 (epoch 7.017) train_loss=387.94046021 time/batch=0.29s
415/1180 (epoch 7.034) train_loss=272.63647461 time/batch=0.24s
416/1180 (epoch 7.051) train_loss=442.43914795 time/batch=0.33s
417/1180 (epoch 7.068) train_loss=557.49951172 time/batch=0.39s
418/1180 (epoch 7.085) train_loss=510.69613647 time/batch=0.38s
419/1180 (epoch 7.102) train_loss=1253.34350586 time/batch=2.06s
420/1180 (epoch 7.119) train_loss=471.76281738 time/batch=2.09s
421/1180 (epoch 7.136) train_loss=506.17938232 time/batch=0.63s
422/1180 (epoch 7.153) train_loss=715.90869141 time/batch=0.56s
423/1180 (epoch 7.169) train_loss=837.22338867 time/batch=0.89s
424/1180 (epoch 7.186) train_loss=339.46014404 time/batch=0.38s
425/1180 (epoch 7.203) train_loss=449.59661865 time/batch=0.34s
426/1180 (epoch 7.220) train_loss=574.43859863 time/batch=0.44s
427/1180 (epoch 7.237) train_loss=383.69793701 time/batch=0.31s
428/1180 (epoch 7.254) train_loss=310.27966309 time/batch=0.24s
429/1180 (epoch 7.271) train_loss=560.49859619 time/batch=0.39s
430/1180 (epoch 7.288) train_loss=416.69183350 time/batch=0.34s
431/1180 (epoch 7.305) train_loss=375.73645020 time/batch=0.30s
432/1180 (epoch 7.322) train_loss=319.34176636 time/batch=0.27s
433/1180 (epoch 7.339) train_loss=596.23834229 time/batch=0.42s
434/1180 (epoch 7.356) train_loss=514.20788574 time/batch=0.39s
435/1180 (epoch 7.373) train_loss=284.74841309 time/batch=0.27s
436/1180 (epoch 7.390) train_loss=174.85946655 time/batch=0.19s
437/1180 (epoch 7.407) train_loss=379.94732666 time/batch=0.28s
438/1180 (epoch 7.424) train_loss=1137.48632812 time/batch=2.64s
439/1180 (epoch 7.441) train_loss=342.01654053 time/batch=0.72s
440/1180 (epoch 7.458) train_loss=212.60989380 time/batch=0.19s
441/1180 (epoch 7.475) train_loss=325.85375977 time/batch=0.27s
442/1180 (epoch 7.492) train_loss=407.53366089 time/batch=0.33s
443/1180 (epoch 7.508) train_loss=344.64282227 time/batch=0.30s
444/1180 (epoch 7.525) train_loss=534.23461914 time/batch=0.41s
445/1180 (epoch 7.542) train_loss=216.55093384 time/batch=0.22s
446/1180 (epoch 7.559) train_loss=487.23400879 time/batch=0.44s
447/1180 (epoch 7.576) train_loss=402.04580688 time/batch=0.34s
448/1180 (epoch 7.593) train_loss=430.98583984 time/batch=0.33s
449/1180 (epoch 7.610) train_loss=422.62683105 time/batch=0.36s
450/1180 (epoch 7.627) train_loss=268.70141602 time/batch=0.29s
451/1180 (epoch 7.644) train_loss=177.49678040 time/batch=0.19s
452/1180 (epoch 7.661) train_loss=385.62500000 time/batch=0.31s
453/1180 (epoch 7.678) train_loss=150.85008240 time/batch=0.20s
454/1180 (epoch 7.695) train_loss=349.69274902 time/batch=0.28s
455/1180 (epoch 7.712) train_loss=177.03561401 time/batch=0.20s
456/1180 (epoch 7.729) train_loss=167.42382812 time/batch=0.19s
457/1180 (epoch 7.746) train_loss=362.51483154 time/batch=0.31s
458/1180 (epoch 7.763) train_loss=178.54690552 time/batch=0.21s
459/1180 (epoch 7.780) train_loss=161.21400452 time/batch=0.19s
460/1180 (epoch 7.797) train_loss=189.96908569 time/batch=0.19s
461/1180 (epoch 7.814) train_loss=226.33468628 time/batch=0.18s
462/1180 (epoch 7.831) train_loss=149.07803345 time/batch=0.19s
463/1180 (epoch 7.847) train_loss=145.99346924 time/batch=0.18s
464/1180 (epoch 7.864) train_loss=145.32809448 time/batch=0.19s
465/1180 (epoch 7.881) train_loss=132.05307007 time/batch=0.17s
466/1180 (epoch 7.898) train_loss=146.12948608 time/batch=0.17s
467/1180 (epoch 7.915) train_loss=141.94606018 time/batch=0.19s
468/1180 (epoch 7.932) train_loss=138.58943176 time/batch=0.19s
469/1180 (epoch 7.949) train_loss=133.11807251 time/batch=0.19s
470/1180 (epoch 7.966) train_loss=127.20964813 time/batch=0.17s
471/1180 (epoch 7.983) train_loss=142.61663818 time/batch=0.19s
472/1180 (epoch 8.000) train_loss=161.75198364 time/batch=0.19s
473/1180 (epoch 8.017) train_loss=142.40499878 time/batch=0.17s
474/1180 (epoch 8.034) train_loss=436.91043091 time/batch=0.31s
475/1180 (epoch 8.051) train_loss=505.71972656 time/batch=0.36s
476/1180 (epoch 8.068) train_loss=535.30004883 time/batch=0.42s
477/1180 (epoch 8.085) train_loss=415.99682617 time/batch=0.36s
478/1180 (epoch 8.102) train_loss=759.21539307 time/batch=0.59s
479/1180 (epoch 8.119) train_loss=341.76129150 time/batch=0.34s
480/1180 (epoch 8.136) train_loss=321.76864624 time/batch=1.77s
481/1180 (epoch 8.153) train_loss=232.21917725 time/batch=0.48s
482/1180 (epoch 8.169) train_loss=575.69067383 time/batch=0.45s
483/1180 (epoch 8.186) train_loss=569.14929199 time/batch=0.45s
484/1180 (epoch 8.203) train_loss=1223.07312012 time/batch=2.06s
485/1180 (epoch 8.220) train_loss=579.16845703 time/batch=0.78s
486/1180 (epoch 8.237) train_loss=717.23443604 time/batch=0.87s
487/1180 (epoch 8.254) train_loss=357.44692993 time/batch=0.39s
488/1180 (epoch 8.271) train_loss=373.72869873 time/batch=0.31s
489/1180 (epoch 8.288) train_loss=467.98132324 time/batch=0.36s
490/1180 (epoch 8.305) train_loss=449.39804077 time/batch=0.39s
491/1180 (epoch 8.322) train_loss=447.56658936 time/batch=0.39s
492/1180 (epoch 8.339) train_loss=480.71875000 time/batch=0.40s
493/1180 (epoch 8.356) train_loss=474.45291138 time/batch=0.42s
494/1180 (epoch 8.373) train_loss=155.02253723 time/batch=0.20s
495/1180 (epoch 8.390) train_loss=292.79977417 time/batch=0.24s
496/1180 (epoch 8.407) train_loss=291.48962402 time/batch=0.25s
497/1180 (epoch 8.424) train_loss=384.47161865 time/batch=0.31s
498/1180 (epoch 8.441) train_loss=291.34765625 time/batch=0.27s
499/1180 (epoch 8.458) train_loss=332.79095459 time/batch=0.28s
500/1180 (epoch 8.475) train_loss=378.91104126 time/batch=0.33s
501/1180 (epoch 8.492) train_loss=1014.23547363 time/batch=2.64s
502/1180 (epoch 8.508) train_loss=280.03991699 time/batch=0.70s
503/1180 (epoch 8.525) train_loss=187.88035583 time/batch=0.20s
504/1180 (epoch 8.542) train_loss=330.89889526 time/batch=1.72s
505/1180 (epoch 8.559) train_loss=408.95281982 time/batch=0.56s
506/1180 (epoch 8.576) train_loss=178.82559204 time/batch=0.22s
507/1180 (epoch 8.593) train_loss=244.57852173 time/batch=0.25s
508/1180 (epoch 8.610) train_loss=419.99621582 time/batch=0.33s
509/1180 (epoch 8.627) train_loss=310.57159424 time/batch=0.28s
510/1180 (epoch 8.644) train_loss=332.46569824 time/batch=0.30s
511/1180 (epoch 8.661) train_loss=374.24340820 time/batch=0.34s
512/1180 (epoch 8.678) train_loss=296.94204712 time/batch=0.28s
513/1180 (epoch 8.695) train_loss=345.41430664 time/batch=0.30s
514/1180 (epoch 8.712) train_loss=265.69180298 time/batch=0.28s
515/1180 (epoch 8.729) train_loss=169.47830200 time/batch=0.20s
516/1180 (epoch 8.746) train_loss=184.72944641 time/batch=0.19s
517/1180 (epoch 8.763) train_loss=175.66552734 time/batch=0.25s
518/1180 (epoch 8.780) train_loss=170.57963562 time/batch=0.19s
519/1180 (epoch 8.797) train_loss=129.06936646 time/batch=0.19s
520/1180 (epoch 8.814) train_loss=131.46426392 time/batch=0.17s
521/1180 (epoch 8.831) train_loss=127.24938965 time/batch=0.19s
522/1180 (epoch 8.847) train_loss=157.12049866 time/batch=0.17s
523/1180 (epoch 8.864) train_loss=120.54601288 time/batch=0.18s
524/1180 (epoch 8.881) train_loss=130.31584167 time/batch=0.19s
525/1180 (epoch 8.898) train_loss=128.52635193 time/batch=0.17s
526/1180 (epoch 8.915) train_loss=144.65124512 time/batch=0.19s
527/1180 (epoch 8.932) train_loss=130.70396423 time/batch=0.19s
528/1180 (epoch 8.949) train_loss=126.10643005 time/batch=0.17s
529/1180 (epoch 8.966) train_loss=111.51237488 time/batch=0.19s
530/1180 (epoch 8.983) train_loss=113.01422882 time/batch=0.17s
531/1180 (epoch 9.000) train_loss=140.29100037 time/batch=0.19s
532/1180 (epoch 9.017) train_loss=580.23071289 time/batch=0.39s
533/1180 (epoch 9.034) train_loss=303.70825195 time/batch=0.28s
534/1180 (epoch 9.051) train_loss=1783.98559570 time/batch=2.64s
535/1180 (epoch 9.068) train_loss=189.35972595 time/batch=0.65s
536/1180 (epoch 9.085) train_loss=680.63000488 time/batch=0.46s
537/1180 (epoch 9.102) train_loss=613.61499023 time/batch=0.54s
538/1180 (epoch 9.119) train_loss=399.60174561 time/batch=0.38s
539/1180 (epoch 9.136) train_loss=304.03186035 time/batch=1.78s
540/1180 (epoch 9.153) train_loss=400.90216064 time/batch=0.62s
541/1180 (epoch 9.169) train_loss=321.03350830 time/batch=0.30s
542/1180 (epoch 9.186) train_loss=493.77941895 time/batch=0.39s
543/1180 (epoch 9.203) train_loss=353.01647949 time/batch=0.33s
544/1180 (epoch 9.220) train_loss=164.62179565 time/batch=0.20s
545/1180 (epoch 9.237) train_loss=378.76156616 time/batch=0.29s
546/1180 (epoch 9.254) train_loss=376.12545776 time/batch=0.33s
547/1180 (epoch 9.271) train_loss=824.95019531 time/batch=0.64s
548/1180 (epoch 9.288) train_loss=275.76849365 time/batch=0.33s
549/1180 (epoch 9.305) train_loss=295.57513428 time/batch=0.27s
550/1180 (epoch 9.322) train_loss=260.26153564 time/batch=0.25s
551/1180 (epoch 9.339) train_loss=215.15643311 time/batch=0.22s
552/1180 (epoch 9.356) train_loss=167.55014038 time/batch=0.19s
553/1180 (epoch 9.373) train_loss=334.50421143 time/batch=0.28s
554/1180 (epoch 9.390) train_loss=561.17333984 time/batch=0.52s
555/1180 (epoch 9.407) train_loss=446.84222412 time/batch=0.41s
556/1180 (epoch 9.424) train_loss=198.82424927 time/batch=0.24s
557/1180 (epoch 9.441) train_loss=466.05807495 time/batch=0.38s
558/1180 (epoch 9.458) train_loss=365.10552979 time/batch=0.34s
559/1180 (epoch 9.475) train_loss=273.64883423 time/batch=0.27s
560/1180 (epoch 9.492) train_loss=525.91186523 time/batch=0.42s
561/1180 (epoch 9.508) train_loss=216.52355957 time/batch=0.25s
562/1180 (epoch 9.525) train_loss=440.53784180 time/batch=0.36s
563/1180 (epoch 9.542) train_loss=412.90441895 time/batch=0.38s
564/1180 (epoch 9.559) train_loss=284.66564941 time/batch=0.31s
565/1180 (epoch 9.576) train_loss=400.34094238 time/batch=0.35s
566/1180 (epoch 9.593) train_loss=295.10400391 time/batch=0.31s
567/1180 (epoch 9.610) train_loss=375.91751099 time/batch=0.33s
568/1180 (epoch 9.627) train_loss=363.12591553 time/batch=0.33s
569/1180 (epoch 9.644) train_loss=353.06561279 time/batch=0.30s
570/1180 (epoch 9.661) train_loss=290.45037842 time/batch=1.73s
571/1180 (epoch 9.678) train_loss=408.20355225 time/batch=0.67s
572/1180 (epoch 9.695) train_loss=121.29022217 time/batch=0.22s
573/1180 (epoch 9.712) train_loss=119.57717896 time/batch=0.17s
574/1180 (epoch 9.729) train_loss=120.33487701 time/batch=0.19s
575/1180 (epoch 9.746) train_loss=308.21163940 time/batch=0.28s
576/1180 (epoch 9.763) train_loss=202.98281860 time/batch=0.33s
577/1180 (epoch 9.780) train_loss=119.76495361 time/batch=0.20s
578/1180 (epoch 9.797) train_loss=136.96372986 time/batch=0.19s
579/1180 (epoch 9.814) train_loss=115.74102783 time/batch=0.17s
580/1180 (epoch 9.831) train_loss=124.14513397 time/batch=0.19s
581/1180 (epoch 9.847) train_loss=112.98006439 time/batch=0.17s
582/1180 (epoch 9.864) train_loss=131.24478149 time/batch=0.19s
583/1180 (epoch 9.881) train_loss=116.40950775 time/batch=0.19s
584/1180 (epoch 9.898) train_loss=110.08110046 time/batch=0.19s
585/1180 (epoch 9.915) train_loss=107.52779388 time/batch=0.19s
586/1180 (epoch 9.932) train_loss=110.64844513 time/batch=0.17s
587/1180 (epoch 9.949) train_loss=106.22627258 time/batch=0.19s
588/1180 (epoch 9.966) train_loss=114.94509888 time/batch=0.19s
589/1180 (epoch 9.983) train_loss=110.43777466 time/batch=0.17s
590/1180 (epoch 10.000) train_loss=109.11575317 time/batch=0.19s
  saved to metadata/config5--20190119-183812.pkl
591/1180 (epoch 10.017) train_loss=426.31610107 time/batch=8.93s
592/1180 (epoch 10.034) train_loss=1641.82861328 time/batch=2.94s
593/1180 (epoch 10.051) train_loss=566.38757324 time/batch=0.83s
594/1180 (epoch 10.068) train_loss=367.62701416 time/batch=0.33s
595/1180 (epoch 10.085) train_loss=214.88372803 time/batch=0.23s
596/1180 (epoch 10.102) train_loss=256.02368164 time/batch=0.25s
597/1180 (epoch 10.119) train_loss=449.55664062 time/batch=0.38s
598/1180 (epoch 10.136) train_loss=292.14151001 time/batch=0.31s
599/1180 (epoch 10.153) train_loss=547.53417969 time/batch=0.47s
600/1180 (epoch 10.169) train_loss=514.69427490 time/batch=0.44s
601/1180 (epoch 10.186) train_loss=233.56112671 time/batch=0.28s
602/1180 (epoch 10.203) train_loss=623.76611328 time/batch=0.53s
603/1180 (epoch 10.220) train_loss=771.34240723 time/batch=0.67s
604/1180 (epoch 10.237) train_loss=390.42510986 time/batch=0.41s
605/1180 (epoch 10.254) train_loss=350.96221924 time/batch=0.34s
606/1180 (epoch 10.271) train_loss=415.27056885 time/batch=0.38s
607/1180 (epoch 10.288) train_loss=127.98786926 time/batch=0.20s
608/1180 (epoch 10.305) train_loss=111.99737549 time/batch=0.19s
609/1180 (epoch 10.322) train_loss=254.04748535 time/batch=0.25s
610/1180 (epoch 10.339) train_loss=217.89691162 time/batch=0.24s
611/1180 (epoch 10.356) train_loss=358.06872559 time/batch=0.33s
612/1180 (epoch 10.373) train_loss=389.26138306 time/batch=0.36s
613/1180 (epoch 10.390) train_loss=470.68066406 time/batch=0.44s
614/1180 (epoch 10.407) train_loss=423.25299072 time/batch=0.45s
615/1180 (epoch 10.424) train_loss=180.75032043 time/batch=0.28s
616/1180 (epoch 10.441) train_loss=257.32205200 time/batch=0.27s
617/1180 (epoch 10.458) train_loss=274.53793335 time/batch=0.28s
618/1180 (epoch 10.475) train_loss=324.15576172 time/batch=0.33s
619/1180 (epoch 10.492) train_loss=114.88978577 time/batch=0.19s
620/1180 (epoch 10.508) train_loss=113.55826569 time/batch=0.19s
621/1180 (epoch 10.525) train_loss=484.09429932 time/batch=0.45s
622/1180 (epoch 10.542) train_loss=273.82482910 time/batch=0.31s
623/1180 (epoch 10.559) train_loss=355.82879639 time/batch=0.33s
624/1180 (epoch 10.576) train_loss=333.27459717 time/batch=0.33s
625/1180 (epoch 10.593) train_loss=367.56829834 time/batch=0.36s
626/1180 (epoch 10.610) train_loss=285.28814697 time/batch=0.31s
627/1180 (epoch 10.627) train_loss=294.54885864 time/batch=0.30s
628/1180 (epoch 10.644) train_loss=119.68917847 time/batch=0.20s
629/1180 (epoch 10.661) train_loss=376.42272949 time/batch=0.34s
630/1180 (epoch 10.678) train_loss=292.99151611 time/batch=0.31s
631/1180 (epoch 10.695) train_loss=128.29708862 time/batch=0.20s
632/1180 (epoch 10.712) train_loss=325.85400391 time/batch=0.30s
633/1180 (epoch 10.729) train_loss=122.90560913 time/batch=0.20s
634/1180 (epoch 10.746) train_loss=120.92065430 time/batch=0.19s
635/1180 (epoch 10.763) train_loss=169.66966248 time/batch=0.25s
636/1180 (epoch 10.780) train_loss=132.81896973 time/batch=0.20s
637/1180 (epoch 10.797) train_loss=111.76070404 time/batch=0.19s
638/1180 (epoch 10.814) train_loss=134.87127686 time/batch=0.17s
639/1180 (epoch 10.831) train_loss=373.99945068 time/batch=0.32s
640/1180 (epoch 10.847) train_loss=114.47241211 time/batch=0.20s
641/1180 (epoch 10.864) train_loss=145.71124268 time/batch=0.19s
642/1180 (epoch 10.881) train_loss=108.04393005 time/batch=0.19s
643/1180 (epoch 10.898) train_loss=113.84178162 time/batch=0.19s
644/1180 (epoch 10.915) train_loss=111.79770660 time/batch=0.17s
645/1180 (epoch 10.932) train_loss=108.48836517 time/batch=0.19s
646/1180 (epoch 10.949) train_loss=105.02844238 time/batch=0.17s
647/1180 (epoch 10.966) train_loss=104.90557861 time/batch=0.19s
648/1180 (epoch 10.983) train_loss=105.29862976 time/batch=0.19s
649/1180 (epoch 11.000) train_loss=105.04870605 time/batch=0.17s
650/1180 (epoch 11.017) train_loss=1589.99047852 time/batch=2.64s
651/1180 (epoch 11.034) train_loss=404.09222412 time/batch=0.78s
652/1180 (epoch 11.051) train_loss=686.01232910 time/batch=0.56s
653/1180 (epoch 11.068) train_loss=337.95697021 time/batch=0.36s
654/1180 (epoch 11.085) train_loss=469.97747803 time/batch=0.44s
655/1180 (epoch 11.102) train_loss=295.66198730 time/batch=0.33s
656/1180 (epoch 11.119) train_loss=490.73428345 time/batch=0.45s
657/1180 (epoch 11.136) train_loss=238.26757812 time/batch=0.30s
658/1180 (epoch 11.153) train_loss=156.00851440 time/batch=0.20s
659/1180 (epoch 11.169) train_loss=457.11367798 time/batch=0.40s
660/1180 (epoch 11.186) train_loss=403.69708252 time/batch=0.41s
661/1180 (epoch 11.203) train_loss=436.08230591 time/batch=0.42s
662/1180 (epoch 11.220) train_loss=216.01910400 time/batch=0.25s
663/1180 (epoch 11.237) train_loss=111.51079559 time/batch=0.19s
664/1180 (epoch 11.254) train_loss=680.30096436 time/batch=0.61s
665/1180 (epoch 11.271) train_loss=237.24807739 time/batch=1.83s
666/1180 (epoch 11.288) train_loss=354.73388672 time/batch=0.59s
667/1180 (epoch 11.305) train_loss=535.38513184 time/batch=0.48s
668/1180 (epoch 11.322) train_loss=245.98513794 time/batch=1.75s
669/1180 (epoch 11.339) train_loss=121.60138702 time/batch=0.47s
670/1180 (epoch 11.356) train_loss=369.48852539 time/batch=0.33s
671/1180 (epoch 11.373) train_loss=290.93353271 time/batch=0.30s
672/1180 (epoch 11.390) train_loss=325.53894043 time/batch=0.33s
673/1180 (epoch 11.407) train_loss=193.49548340 time/batch=0.22s
674/1180 (epoch 11.424) train_loss=413.09066772 time/batch=0.39s
675/1180 (epoch 11.441) train_loss=292.78338623 time/batch=0.31s
676/1180 (epoch 11.458) train_loss=276.46725464 time/batch=0.28s
677/1180 (epoch 11.475) train_loss=228.10919189 time/batch=0.25s
678/1180 (epoch 11.492) train_loss=112.49742126 time/batch=0.20s
679/1180 (epoch 11.508) train_loss=339.48034668 time/batch=0.31s
680/1180 (epoch 11.525) train_loss=274.49615479 time/batch=0.31s
681/1180 (epoch 11.542) train_loss=391.59466553 time/batch=0.36s
682/1180 (epoch 11.559) train_loss=114.22623444 time/batch=0.20s
683/1180 (epoch 11.576) train_loss=105.45201874 time/batch=0.19s
684/1180 (epoch 11.593) train_loss=102.61636353 time/batch=0.17s
685/1180 (epoch 11.610) train_loss=329.52603149 time/batch=0.30s
686/1180 (epoch 11.627) train_loss=216.26889038 time/batch=0.27s
687/1180 (epoch 11.644) train_loss=370.22753906 time/batch=0.35s
688/1180 (epoch 11.661) train_loss=268.32318115 time/batch=0.30s
689/1180 (epoch 11.678) train_loss=240.62342834 time/batch=0.27s
690/1180 (epoch 11.695) train_loss=255.00041199 time/batch=0.30s
691/1180 (epoch 11.712) train_loss=138.43673706 time/batch=0.20s
692/1180 (epoch 11.729) train_loss=242.82530212 time/batch=0.28s
693/1180 (epoch 11.746) train_loss=106.53433990 time/batch=0.19s
694/1180 (epoch 11.763) train_loss=107.99674988 time/batch=0.19s
695/1180 (epoch 11.780) train_loss=118.59565735 time/batch=0.17s
696/1180 (epoch 11.797) train_loss=343.89270020 time/batch=0.34s
697/1180 (epoch 11.814) train_loss=106.40394592 time/batch=0.20s
698/1180 (epoch 11.831) train_loss=131.08291626 time/batch=0.19s
699/1180 (epoch 11.847) train_loss=111.96806335 time/batch=0.19s
700/1180 (epoch 11.864) train_loss=356.00885010 time/batch=0.33s
701/1180 (epoch 11.881) train_loss=222.64277649 time/batch=0.37s
702/1180 (epoch 11.898) train_loss=121.26220703 time/batch=0.22s
703/1180 (epoch 11.915) train_loss=116.17160034 time/batch=0.19s
704/1180 (epoch 11.932) train_loss=111.08291626 time/batch=0.19s
705/1180 (epoch 11.949) train_loss=100.35726929 time/batch=0.19s
706/1180 (epoch 11.966) train_loss=106.91386414 time/batch=0.17s
707/1180 (epoch 11.983) train_loss=106.36383057 time/batch=0.19s
708/1180 (epoch 12.000) train_loss=104.41789246 time/batch=0.19s
709/1180 (epoch 12.017) train_loss=1149.27014160 time/batch=2.02s
710/1180 (epoch 12.034) train_loss=224.58447266 time/batch=0.56s
711/1180 (epoch 12.051) train_loss=595.13031006 time/batch=0.50s
712/1180 (epoch 12.068) train_loss=436.88638306 time/batch=0.39s
713/1180 (epoch 12.085) train_loss=429.85711670 time/batch=0.38s
714/1180 (epoch 12.102) train_loss=357.95339966 time/batch=0.36s
715/1180 (epoch 12.119) train_loss=896.19628906 time/batch=2.66s
716/1180 (epoch 12.136) train_loss=466.46563721 time/batch=0.82s
717/1180 (epoch 12.153) train_loss=372.29620361 time/batch=0.36s
718/1180 (epoch 12.169) train_loss=190.64476013 time/batch=0.23s
719/1180 (epoch 12.186) train_loss=729.99206543 time/batch=1.37s
720/1180 (epoch 12.203) train_loss=226.98580933 time/batch=0.47s
721/1180 (epoch 12.220) train_loss=453.18804932 time/batch=0.42s
722/1180 (epoch 12.237) train_loss=198.68038940 time/batch=0.28s
723/1180 (epoch 12.254) train_loss=429.67553711 time/batch=0.39s
724/1180 (epoch 12.271) train_loss=358.31018066 time/batch=0.37s
725/1180 (epoch 12.288) train_loss=303.67434692 time/batch=0.33s
726/1180 (epoch 12.305) train_loss=387.89746094 time/batch=0.39s
727/1180 (epoch 12.322) train_loss=312.94854736 time/batch=0.34s
728/1180 (epoch 12.339) train_loss=319.44201660 time/batch=0.33s
729/1180 (epoch 12.356) train_loss=151.46617126 time/batch=0.22s
730/1180 (epoch 12.373) train_loss=108.01779175 time/batch=0.19s
731/1180 (epoch 12.390) train_loss=282.59509277 time/batch=0.27s
732/1180 (epoch 12.407) train_loss=101.84598541 time/batch=0.19s
733/1180 (epoch 12.424) train_loss=362.78546143 time/batch=1.77s
734/1180 (epoch 12.441) train_loss=297.12939453 time/batch=0.58s
735/1180 (epoch 12.458) train_loss=234.77574158 time/batch=0.27s
736/1180 (epoch 12.475) train_loss=253.38159180 time/batch=0.27s
737/1180 (epoch 12.492) train_loss=126.61837006 time/batch=0.20s
738/1180 (epoch 12.508) train_loss=135.12939453 time/batch=0.20s
739/1180 (epoch 12.525) train_loss=347.36602783 time/batch=0.34s
740/1180 (epoch 12.542) train_loss=116.52905273 time/batch=0.21s
741/1180 (epoch 12.559) train_loss=481.15847778 time/batch=0.44s
742/1180 (epoch 12.576) train_loss=311.27069092 time/batch=0.33s
743/1180 (epoch 12.593) train_loss=255.98861694 time/batch=0.28s
744/1180 (epoch 12.610) train_loss=130.39743042 time/batch=0.20s
745/1180 (epoch 12.627) train_loss=274.76608276 time/batch=0.28s
746/1180 (epoch 12.644) train_loss=400.51855469 time/batch=0.41s
747/1180 (epoch 12.661) train_loss=108.80842590 time/batch=0.22s
748/1180 (epoch 12.678) train_loss=355.82394409 time/batch=0.34s
749/1180 (epoch 12.695) train_loss=243.16342163 time/batch=0.28s
750/1180 (epoch 12.712) train_loss=264.65811157 time/batch=0.29s
751/1180 (epoch 12.729) train_loss=238.51039124 time/batch=0.28s
752/1180 (epoch 12.746) train_loss=113.41358948 time/batch=0.20s
753/1180 (epoch 12.763) train_loss=104.53164673 time/batch=0.17s
754/1180 (epoch 12.780) train_loss=302.24987793 time/batch=0.30s
755/1180 (epoch 12.797) train_loss=168.32899475 time/batch=0.33s
756/1180 (epoch 12.814) train_loss=113.56768036 time/batch=0.20s
757/1180 (epoch 12.831) train_loss=117.53331757 time/batch=0.19s
758/1180 (epoch 12.847) train_loss=106.07351685 time/batch=0.17s
759/1180 (epoch 12.864) train_loss=108.02659607 time/batch=0.19s
760/1180 (epoch 12.881) train_loss=100.21606445 time/batch=0.17s
761/1180 (epoch 12.898) train_loss=104.79306793 time/batch=0.19s
762/1180 (epoch 12.915) train_loss=102.58921814 time/batch=0.17s
763/1180 (epoch 12.932) train_loss=104.25936890 time/batch=0.19s
764/1180 (epoch 12.949) train_loss=101.52418518 time/batch=0.19s
765/1180 (epoch 12.966) train_loss=97.61527252 time/batch=0.17s
766/1180 (epoch 12.983) train_loss=100.14400482 time/batch=0.19s
767/1180 (epoch 13.000) train_loss=103.89322662 time/batch=0.19s
768/1180 (epoch 13.017) train_loss=135.36407471 time/batch=0.19s
769/1180 (epoch 13.034) train_loss=569.89581299 time/batch=0.48s
770/1180 (epoch 13.051) train_loss=372.17028809 time/batch=1.81s
771/1180 (epoch 13.068) train_loss=1575.28503418 time/batch=2.91s
772/1180 (epoch 13.085) train_loss=444.36724854 time/batch=0.78s
773/1180 (epoch 13.102) train_loss=484.34683228 time/batch=0.42s
774/1180 (epoch 13.119) train_loss=656.34497070 time/batch=0.61s
775/1180 (epoch 13.136) train_loss=308.94641113 time/batch=0.35s
776/1180 (epoch 13.153) train_loss=446.13549805 time/batch=0.42s
777/1180 (epoch 13.169) train_loss=352.72930908 time/batch=0.36s
778/1180 (epoch 13.186) train_loss=221.33984375 time/batch=0.28s
779/1180 (epoch 13.203) train_loss=261.92974854 time/batch=0.28s
780/1180 (epoch 13.220) train_loss=260.79528809 time/batch=0.30s
781/1180 (epoch 13.237) train_loss=221.80918884 time/batch=0.27s
782/1180 (epoch 13.254) train_loss=388.53509521 time/batch=0.37s
783/1180 (epoch 13.271) train_loss=542.56701660 time/batch=0.61s
784/1180 (epoch 13.288) train_loss=118.16429901 time/batch=0.26s
785/1180 (epoch 13.305) train_loss=184.99986267 time/batch=0.21s
786/1180 (epoch 13.322) train_loss=414.99743652 time/batch=0.39s
787/1180 (epoch 13.339) train_loss=534.79565430 time/batch=0.64s
788/1180 (epoch 13.356) train_loss=419.58966064 time/batch=0.47s
789/1180 (epoch 13.373) train_loss=287.70739746 time/batch=0.32s
790/1180 (epoch 13.390) train_loss=343.44256592 time/batch=0.34s
791/1180 (epoch 13.407) train_loss=357.51367188 time/batch=0.36s
792/1180 (epoch 13.424) train_loss=118.71200562 time/batch=0.22s
793/1180 (epoch 13.441) train_loss=219.41522217 time/batch=0.25s
794/1180 (epoch 13.458) train_loss=375.29522705 time/batch=0.36s
795/1180 (epoch 13.475) train_loss=272.71746826 time/batch=0.30s
796/1180 (epoch 13.492) train_loss=103.01234436 time/batch=0.20s
797/1180 (epoch 13.508) train_loss=267.22460938 time/batch=0.28s
798/1180 (epoch 13.525) train_loss=99.97331238 time/batch=0.20s
799/1180 (epoch 13.542) train_loss=330.10955811 time/batch=0.31s
800/1180 (epoch 13.559) train_loss=364.23532104 time/batch=0.42s
801/1180 (epoch 13.576) train_loss=298.60913086 time/batch=0.34s
802/1180 (epoch 13.593) train_loss=192.11648560 time/batch=0.24s
803/1180 (epoch 13.610) train_loss=305.82141113 time/batch=0.31s
804/1180 (epoch 13.627) train_loss=277.75726318 time/batch=0.32s
805/1180 (epoch 13.644) train_loss=240.42433167 time/batch=0.28s
806/1180 (epoch 13.661) train_loss=313.55169678 time/batch=0.32s
807/1180 (epoch 13.678) train_loss=278.24792480 time/batch=0.34s
808/1180 (epoch 13.695) train_loss=189.66687012 time/batch=0.25s
809/1180 (epoch 13.712) train_loss=111.54118347 time/batch=0.19s
810/1180 (epoch 13.729) train_loss=187.64120483 time/batch=0.26s
811/1180 (epoch 13.746) train_loss=118.91840363 time/batch=0.19s
812/1180 (epoch 13.763) train_loss=106.27703857 time/batch=0.19s
813/1180 (epoch 13.780) train_loss=100.69013977 time/batch=0.17s
814/1180 (epoch 13.797) train_loss=123.37133026 time/batch=0.19s
815/1180 (epoch 13.814) train_loss=121.56825256 time/batch=0.19s
816/1180 (epoch 13.831) train_loss=135.72801208 time/batch=0.27s
817/1180 (epoch 13.847) train_loss=106.60827637 time/batch=0.20s
818/1180 (epoch 13.864) train_loss=104.71596527 time/batch=0.19s
819/1180 (epoch 13.881) train_loss=99.08938599 time/batch=0.17s
820/1180 (epoch 13.898) train_loss=102.01152802 time/batch=0.19s
821/1180 (epoch 13.915) train_loss=101.15303040 time/batch=0.17s
822/1180 (epoch 13.932) train_loss=97.53605652 time/batch=0.19s
823/1180 (epoch 13.949) train_loss=98.41342163 time/batch=0.17s
824/1180 (epoch 13.966) train_loss=98.19625092 time/batch=0.19s
825/1180 (epoch 13.983) train_loss=105.16125488 time/batch=0.19s
826/1180 (epoch 14.000) train_loss=106.57697296 time/batch=0.17s
827/1180 (epoch 14.017) train_loss=316.98352051 time/batch=0.32s
828/1180 (epoch 14.034) train_loss=213.77774048 time/batch=0.26s
829/1180 (epoch 14.051) train_loss=271.17437744 time/batch=0.30s
830/1180 (epoch 14.068) train_loss=433.05261230 time/batch=0.41s
831/1180 (epoch 14.085) train_loss=1413.49169922 time/batch=2.66s
832/1180 (epoch 14.102) train_loss=385.84521484 time/batch=0.80s
833/1180 (epoch 14.119) train_loss=527.17675781 time/batch=0.50s
834/1180 (epoch 14.136) train_loss=366.85644531 time/batch=0.39s
835/1180 (epoch 14.153) train_loss=215.65515137 time/batch=0.25s
836/1180 (epoch 14.169) train_loss=835.20214844 time/batch=1.39s
837/1180 (epoch 14.186) train_loss=215.40699768 time/batch=0.45s
838/1180 (epoch 14.203) train_loss=549.45239258 time/batch=0.50s
839/1180 (epoch 14.220) train_loss=381.45565796 time/batch=0.41s
840/1180 (epoch 14.237) train_loss=233.14807129 time/batch=1.79s
841/1180 (epoch 14.254) train_loss=117.13832855 time/batch=0.45s
842/1180 (epoch 14.271) train_loss=375.07366943 time/batch=0.37s
843/1180 (epoch 14.288) train_loss=301.31738281 time/batch=0.33s
844/1180 (epoch 14.305) train_loss=291.30676270 time/batch=0.32s
845/1180 (epoch 14.322) train_loss=180.99761963 time/batch=0.22s
846/1180 (epoch 14.339) train_loss=468.56408691 time/batch=0.50s
847/1180 (epoch 14.356) train_loss=255.62722778 time/batch=0.33s
848/1180 (epoch 14.373) train_loss=454.19708252 time/batch=0.42s
849/1180 (epoch 14.390) train_loss=253.07591248 time/batch=0.31s
850/1180 (epoch 14.407) train_loss=414.21618652 time/batch=0.39s
851/1180 (epoch 14.424) train_loss=175.62252808 time/batch=0.25s
852/1180 (epoch 14.441) train_loss=308.44354248 time/batch=0.31s
853/1180 (epoch 14.458) train_loss=275.94061279 time/batch=0.30s
854/1180 (epoch 14.475) train_loss=329.00442505 time/batch=0.33s
855/1180 (epoch 14.492) train_loss=266.32125854 time/batch=0.31s
856/1180 (epoch 14.508) train_loss=241.37313843 time/batch=0.28s
857/1180 (epoch 14.525) train_loss=220.96540833 time/batch=1.72s
858/1180 (epoch 14.542) train_loss=284.98651123 time/batch=0.56s
859/1180 (epoch 14.559) train_loss=398.42358398 time/batch=0.39s
860/1180 (epoch 14.576) train_loss=347.76757812 time/batch=0.36s
861/1180 (epoch 14.593) train_loss=319.97323608 time/batch=0.34s
862/1180 (epoch 14.610) train_loss=319.53454590 time/batch=0.36s
863/1180 (epoch 14.627) train_loss=221.96994019 time/batch=0.28s
864/1180 (epoch 14.644) train_loss=300.06015015 time/batch=0.37s
865/1180 (epoch 14.661) train_loss=202.91673279 time/batch=0.29s
866/1180 (epoch 14.678) train_loss=118.19512939 time/batch=0.20s
867/1180 (epoch 14.695) train_loss=125.64976501 time/batch=0.19s
868/1180 (epoch 14.712) train_loss=110.54246521 time/batch=0.19s
869/1180 (epoch 14.729) train_loss=100.69286346 time/batch=0.19s
870/1180 (epoch 14.746) train_loss=97.84826660 time/batch=0.17s
871/1180 (epoch 14.763) train_loss=135.63050842 time/batch=0.19s
872/1180 (epoch 14.780) train_loss=115.86715698 time/batch=0.19s
873/1180 (epoch 14.797) train_loss=104.25769043 time/batch=0.19s
874/1180 (epoch 14.814) train_loss=100.35028076 time/batch=0.17s
875/1180 (epoch 14.831) train_loss=98.19818878 time/batch=0.19s
876/1180 (epoch 14.847) train_loss=103.48270416 time/batch=0.18s
877/1180 (epoch 14.864) train_loss=100.77922058 time/batch=0.18s
878/1180 (epoch 14.881) train_loss=103.81622314 time/batch=0.17s
879/1180 (epoch 14.898) train_loss=119.71620941 time/batch=0.20s
880/1180 (epoch 14.915) train_loss=100.96798706 time/batch=0.17s
881/1180 (epoch 14.932) train_loss=101.63152313 time/batch=0.19s
882/1180 (epoch 14.949) train_loss=95.73978424 time/batch=0.17s
883/1180 (epoch 14.966) train_loss=98.09221649 time/batch=0.19s
884/1180 (epoch 14.983) train_loss=102.81317139 time/batch=0.17s
885/1180 (epoch 15.000) train_loss=102.42193604 time/batch=0.19s
886/1180 (epoch 15.017) train_loss=317.90130615 time/batch=0.31s
887/1180 (epoch 15.034) train_loss=267.89953613 time/batch=0.28s
888/1180 (epoch 15.051) train_loss=138.14459229 time/batch=0.20s
889/1180 (epoch 15.068) train_loss=1470.64038086 time/batch=2.64s
890/1180 (epoch 15.085) train_loss=135.29400635 time/batch=0.64s
891/1180 (epoch 15.102) train_loss=215.58044434 time/batch=0.25s
892/1180 (epoch 15.119) train_loss=718.85632324 time/batch=0.63s
893/1180 (epoch 15.136) train_loss=140.42218018 time/batch=0.28s
894/1180 (epoch 15.153) train_loss=573.19580078 time/batch=0.50s
895/1180 (epoch 15.169) train_loss=343.56723022 time/batch=1.80s
896/1180 (epoch 15.186) train_loss=259.87570190 time/batch=0.56s
897/1180 (epoch 15.203) train_loss=437.74035645 time/batch=0.44s
898/1180 (epoch 15.220) train_loss=142.80198669 time/batch=0.24s
899/1180 (epoch 15.237) train_loss=469.64471436 time/batch=0.45s
900/1180 (epoch 15.254) train_loss=378.00146484 time/batch=0.39s
901/1180 (epoch 15.271) train_loss=318.43255615 time/batch=0.36s
902/1180 (epoch 15.288) train_loss=288.88726807 time/batch=0.33s
903/1180 (epoch 15.305) train_loss=106.08853149 time/batch=0.19s
904/1180 (epoch 15.322) train_loss=443.15344238 time/batch=0.45s
905/1180 (epoch 15.339) train_loss=468.57537842 time/batch=0.50s
906/1180 (epoch 15.356) train_loss=347.92712402 time/batch=0.37s
907/1180 (epoch 15.373) train_loss=383.55395508 time/batch=0.39s
908/1180 (epoch 15.390) train_loss=326.94281006 time/batch=0.36s
909/1180 (epoch 15.407) train_loss=117.83835602 time/batch=0.20s
910/1180 (epoch 15.424) train_loss=268.93511963 time/batch=0.28s
911/1180 (epoch 15.441) train_loss=152.60266113 time/batch=0.23s
912/1180 (epoch 15.458) train_loss=215.85237122 time/batch=0.25s
913/1180 (epoch 15.475) train_loss=224.83840942 time/batch=0.26s
914/1180 (epoch 15.492) train_loss=100.35560608 time/batch=0.19s
915/1180 (epoch 15.508) train_loss=370.54595947 time/batch=0.36s
916/1180 (epoch 15.525) train_loss=171.31947327 time/batch=0.25s
917/1180 (epoch 15.542) train_loss=341.37716675 time/batch=0.34s
918/1180 (epoch 15.559) train_loss=108.85244751 time/batch=0.21s
919/1180 (epoch 15.576) train_loss=97.38766479 time/batch=0.17s
920/1180 (epoch 15.593) train_loss=374.99212646 time/batch=0.36s
921/1180 (epoch 15.610) train_loss=275.61953735 time/batch=0.31s
922/1180 (epoch 15.627) train_loss=99.85670471 time/batch=0.19s
923/1180 (epoch 15.644) train_loss=294.38442993 time/batch=0.30s
924/1180 (epoch 15.661) train_loss=306.33514404 time/batch=0.33s
925/1180 (epoch 15.678) train_loss=302.64318848 time/batch=0.35s
926/1180 (epoch 15.695) train_loss=328.13162231 time/batch=0.38s
927/1180 (epoch 15.712) train_loss=409.39141846 time/batch=0.41s
928/1180 (epoch 15.729) train_loss=250.12481689 time/batch=0.28s
929/1180 (epoch 15.746) train_loss=256.79840088 time/batch=0.28s
930/1180 (epoch 15.763) train_loss=118.20260620 time/batch=0.20s
931/1180 (epoch 15.780) train_loss=103.60493469 time/batch=0.17s
932/1180 (epoch 15.797) train_loss=99.69194794 time/batch=0.17s
933/1180 (epoch 15.814) train_loss=96.80165100 time/batch=0.19s
934/1180 (epoch 15.831) train_loss=98.37889099 time/batch=0.19s
935/1180 (epoch 15.847) train_loss=155.76719666 time/batch=0.22s
936/1180 (epoch 15.864) train_loss=104.09339905 time/batch=0.19s
937/1180 (epoch 15.881) train_loss=136.60893250 time/batch=0.23s
938/1180 (epoch 15.898) train_loss=101.36695862 time/batch=0.19s
939/1180 (epoch 15.915) train_loss=166.71279907 time/batch=0.25s
940/1180 (epoch 15.932) train_loss=277.70623779 time/batch=0.29s
941/1180 (epoch 15.949) train_loss=159.70819092 time/batch=0.39s
942/1180 (epoch 15.966) train_loss=99.88948822 time/batch=0.22s
943/1180 (epoch 15.983) train_loss=98.68358612 time/batch=0.17s
944/1180 (epoch 16.000) train_loss=100.58625793 time/batch=0.19s
945/1180 (epoch 16.017) train_loss=1442.57824707 time/batch=2.64s
946/1180 (epoch 16.034) train_loss=406.66503906 time/batch=0.78s
947/1180 (epoch 16.051) train_loss=308.23242188 time/batch=0.31s
948/1180 (epoch 16.068) train_loss=459.83984375 time/batch=0.42s
949/1180 (epoch 16.085) train_loss=704.40136719 time/batch=0.64s
950/1180 (epoch 16.102) train_loss=210.99121094 time/batch=0.33s
951/1180 (epoch 16.119) train_loss=554.93347168 time/batch=0.50s
952/1180 (epoch 16.136) train_loss=179.47102356 time/batch=0.28s
953/1180 (epoch 16.153) train_loss=490.90036011 time/batch=0.45s
954/1180 (epoch 16.169) train_loss=109.09812927 time/batch=0.23s
955/1180 (epoch 16.186) train_loss=223.06298828 time/batch=0.25s
956/1180 (epoch 16.203) train_loss=444.65252686 time/batch=0.47s
957/1180 (epoch 16.220) train_loss=254.16308594 time/batch=0.32s
958/1180 (epoch 16.237) train_loss=329.77725220 time/batch=0.34s
959/1180 (epoch 16.254) train_loss=98.89187622 time/batch=0.20s
960/1180 (epoch 16.271) train_loss=250.59967041 time/batch=0.27s
961/1180 (epoch 16.288) train_loss=366.12225342 time/batch=0.36s
962/1180 (epoch 16.305) train_loss=326.64651489 time/batch=0.36s
963/1180 (epoch 16.322) train_loss=235.64035034 time/batch=0.28s
964/1180 (epoch 16.339) train_loss=345.66235352 time/batch=0.34s
965/1180 (epoch 16.356) train_loss=145.90734863 time/batch=0.23s
966/1180 (epoch 16.373) train_loss=232.56228638 time/batch=0.25s
967/1180 (epoch 16.390) train_loss=205.46072388 time/batch=0.26s
968/1180 (epoch 16.407) train_loss=106.05317688 time/batch=0.19s
969/1180 (epoch 16.424) train_loss=432.95068359 time/batch=0.41s
970/1180 (epoch 16.441) train_loss=291.39669800 time/batch=0.33s
971/1180 (epoch 16.458) train_loss=399.70501709 time/batch=0.41s
972/1180 (epoch 16.475) train_loss=305.03173828 time/batch=0.34s
973/1180 (epoch 16.492) train_loss=375.50863647 time/batch=0.39s
974/1180 (epoch 16.508) train_loss=167.44874573 time/batch=0.25s
975/1180 (epoch 16.525) train_loss=335.68908691 time/batch=0.33s
976/1180 (epoch 16.542) train_loss=97.50099182 time/batch=0.20s
977/1180 (epoch 16.559) train_loss=273.13806152 time/batch=0.28s
978/1180 (epoch 16.576) train_loss=342.59027100 time/batch=1.78s
979/1180 (epoch 16.593) train_loss=292.79687500 time/batch=0.58s
980/1180 (epoch 16.610) train_loss=309.16198730 time/batch=0.33s
981/1180 (epoch 16.627) train_loss=128.88571167 time/batch=0.20s
982/1180 (epoch 16.644) train_loss=328.92578125 time/batch=0.34s
983/1180 (epoch 16.661) train_loss=100.99655914 time/batch=0.21s
984/1180 (epoch 16.678) train_loss=103.56117249 time/batch=0.17s
985/1180 (epoch 16.695) train_loss=340.81726074 time/batch=0.35s
986/1180 (epoch 16.712) train_loss=310.76800537 time/batch=0.39s
987/1180 (epoch 16.729) train_loss=103.55979156 time/batch=0.20s
988/1180 (epoch 16.746) train_loss=98.13769531 time/batch=0.19s
989/1180 (epoch 16.763) train_loss=254.07638550 time/batch=0.27s
990/1180 (epoch 16.780) train_loss=302.23889160 time/batch=0.40s
991/1180 (epoch 16.797) train_loss=165.94393921 time/batch=0.25s
992/1180 (epoch 16.814) train_loss=100.49174500 time/batch=0.19s
993/1180 (epoch 16.831) train_loss=121.21507263 time/batch=0.19s
994/1180 (epoch 16.847) train_loss=98.51250458 time/batch=0.19s
995/1180 (epoch 16.864) train_loss=98.14280701 time/batch=0.17s
996/1180 (epoch 16.881) train_loss=96.67407227 time/batch=0.19s
997/1180 (epoch 16.898) train_loss=109.22864532 time/batch=0.19s
998/1180 (epoch 16.915) train_loss=112.17872620 time/batch=0.19s
999/1180 (epoch 16.932) train_loss=116.46829224 time/batch=0.19s
Validating
    loss:	221.450343

1000/1180 (epoch 16.949) train_loss=107.73850250 time/batch=0.60s
1001/1180 (epoch 16.966) train_loss=102.91720581 time/batch=0.19s
1002/1180 (epoch 16.983) train_loss=100.17094421 time/batch=0.19s
1003/1180 (epoch 17.000) train_loss=104.93661499 time/batch=0.19s
1004/1180 (epoch 17.017) train_loss=156.10729980 time/batch=0.20s
1005/1180 (epoch 17.034) train_loss=419.26296997 time/batch=0.39s
1006/1180 (epoch 17.051) train_loss=1464.45629883 time/batch=2.67s
1007/1180 (epoch 17.068) train_loss=353.22424316 time/batch=0.78s
1008/1180 (epoch 17.085) train_loss=206.87547302 time/batch=0.26s
1009/1180 (epoch 17.102) train_loss=694.09118652 time/batch=0.61s
1010/1180 (epoch 17.119) train_loss=266.33227539 time/batch=0.36s
1011/1180 (epoch 17.136) train_loss=232.33520508 time/batch=0.27s
1012/1180 (epoch 17.153) train_loss=364.80456543 time/batch=0.39s
1013/1180 (epoch 17.169) train_loss=514.58410645 time/batch=0.50s
1014/1180 (epoch 17.186) train_loss=440.30462646 time/batch=0.45s
1015/1180 (epoch 17.203) train_loss=215.85060120 time/batch=0.28s
1016/1180 (epoch 17.220) train_loss=419.54260254 time/batch=0.44s
1017/1180 (epoch 17.237) train_loss=293.33474731 time/batch=0.34s
1018/1180 (epoch 17.254) train_loss=529.61547852 time/batch=0.52s
1019/1180 (epoch 17.271) train_loss=355.77276611 time/batch=0.41s
1020/1180 (epoch 17.288) train_loss=178.32748413 time/batch=0.25s
1021/1180 (epoch 17.305) train_loss=387.52416992 time/batch=0.38s
1022/1180 (epoch 17.322) train_loss=360.83666992 time/batch=0.38s
1023/1180 (epoch 17.339) train_loss=285.37249756 time/batch=0.33s
1024/1180 (epoch 17.356) train_loss=264.50204468 time/batch=0.30s
1025/1180 (epoch 17.373) train_loss=200.63471985 time/batch=0.26s
1026/1180 (epoch 17.390) train_loss=350.74990845 time/batch=0.36s
1027/1180 (epoch 17.407) train_loss=314.57690430 time/batch=0.34s
1028/1180 (epoch 17.424) train_loss=165.72375488 time/batch=0.25s
1029/1180 (epoch 17.441) train_loss=250.21061707 time/batch=0.28s
1030/1180 (epoch 17.458) train_loss=332.91278076 time/batch=0.34s
1031/1180 (epoch 17.475) train_loss=409.69299316 time/batch=0.44s
1032/1180 (epoch 17.492) train_loss=117.18325043 time/batch=0.23s
1033/1180 (epoch 17.508) train_loss=110.04263306 time/batch=0.19s
1034/1180 (epoch 17.525) train_loss=341.71594238 time/batch=1.78s
1035/1180 (epoch 17.542) train_loss=308.04379272 time/batch=0.59s
1036/1180 (epoch 17.559) train_loss=99.92359924 time/batch=0.20s
1037/1180 (epoch 17.576) train_loss=265.35345459 time/batch=0.28s
1038/1180 (epoch 17.593) train_loss=255.16574097 time/batch=0.28s
1039/1180 (epoch 17.610) train_loss=95.83295441 time/batch=0.20s
1040/1180 (epoch 17.627) train_loss=293.66152954 time/batch=0.30s
1041/1180 (epoch 17.644) train_loss=117.29904175 time/batch=0.20s
1042/1180 (epoch 17.661) train_loss=96.17769623 time/batch=0.18s
1043/1180 (epoch 17.678) train_loss=326.06228638 time/batch=0.32s
1044/1180 (epoch 17.695) train_loss=240.59777832 time/batch=0.30s
1045/1180 (epoch 17.712) train_loss=243.32763672 time/batch=0.30s
1046/1180 (epoch 17.729) train_loss=266.44320679 time/batch=0.33s
1047/1180 (epoch 17.746) train_loss=143.09411621 time/batch=0.27s
1048/1180 (epoch 17.763) train_loss=101.96037292 time/batch=0.19s
1049/1180 (epoch 17.780) train_loss=100.39461517 time/batch=0.17s
1050/1180 (epoch 17.797) train_loss=110.69487762 time/batch=0.19s
1051/1180 (epoch 17.814) train_loss=117.07842255 time/batch=0.19s
1052/1180 (epoch 17.831) train_loss=102.28781128 time/batch=0.19s
1053/1180 (epoch 17.847) train_loss=117.48983002 time/batch=0.19s
1054/1180 (epoch 17.864) train_loss=104.13428497 time/batch=0.19s
1055/1180 (epoch 17.881) train_loss=96.61856079 time/batch=0.17s
1056/1180 (epoch 17.898) train_loss=106.16284180 time/batch=0.19s
1057/1180 (epoch 17.915) train_loss=96.81877136 time/batch=0.19s
1058/1180 (epoch 17.932) train_loss=102.24826050 time/batch=0.19s
1059/1180 (epoch 17.949) train_loss=98.82952881 time/batch=0.17s
1060/1180 (epoch 17.966) train_loss=96.75917816 time/batch=0.19s
1061/1180 (epoch 17.983) train_loss=98.53610229 time/batch=0.17s
1062/1180 (epoch 18.000) train_loss=102.42005920 time/batch=0.19s
1063/1180 (epoch 18.017) train_loss=110.83032227 time/batch=0.19s
1064/1180 (epoch 18.034) train_loss=250.85955811 time/batch=0.27s
1065/1180 (epoch 18.051) train_loss=388.06298828 time/batch=0.39s
1066/1180 (epoch 18.068) train_loss=547.66729736 time/batch=0.53s
1067/1180 (epoch 18.085) train_loss=382.30145264 time/batch=0.38s
1068/1180 (epoch 18.102) train_loss=206.36045837 time/batch=0.25s
1069/1180 (epoch 18.119) train_loss=439.27102661 time/batch=0.42s
1070/1180 (epoch 18.136) train_loss=221.21508789 time/batch=0.28s
1071/1180 (epoch 18.153) train_loss=204.97189331 time/batch=0.25s
1072/1180 (epoch 18.169) train_loss=138.66569519 time/batch=0.22s
1073/1180 (epoch 18.186) train_loss=308.31289673 time/batch=0.31s
1074/1180 (epoch 18.203) train_loss=368.98809814 time/batch=0.40s
1075/1180 (epoch 18.220) train_loss=350.07153320 time/batch=0.39s
1076/1180 (epoch 18.237) train_loss=272.07183838 time/batch=0.31s
1077/1180 (epoch 18.254) train_loss=701.30249023 time/batch=0.70s
1078/1180 (epoch 18.271) train_loss=390.09985352 time/batch=0.47s
1079/1180 (epoch 18.288) train_loss=295.95867920 time/batch=0.34s
1080/1180 (epoch 18.305) train_loss=519.74145508 time/batch=0.55s
1081/1180 (epoch 18.322) train_loss=842.98547363 time/batch=2.08s
1082/1180 (epoch 18.339) train_loss=244.57075500 time/batch=0.61s
1083/1180 (epoch 18.356) train_loss=169.31738281 time/batch=0.22s
1084/1180 (epoch 18.373) train_loss=97.17805481 time/batch=0.19s
1085/1180 (epoch 18.390) train_loss=290.71832275 time/batch=0.30s
1086/1180 (epoch 18.407) train_loss=807.27722168 time/batch=2.66s
1087/1180 (epoch 18.424) train_loss=233.24264526 time/batch=0.72s
1088/1180 (epoch 18.441) train_loss=557.47277832 time/batch=1.39s
1089/1180 (epoch 18.458) train_loss=257.94000244 time/batch=0.50s
1090/1180 (epoch 18.475) train_loss=314.89184570 time/batch=0.33s
1091/1180 (epoch 18.492) train_loss=207.04589844 time/batch=0.28s
1092/1180 (epoch 18.508) train_loss=228.92984009 time/batch=1.78s
1093/1180 (epoch 18.525) train_loss=104.65287781 time/batch=0.45s
1094/1180 (epoch 18.542) train_loss=181.97161865 time/batch=0.23s
1095/1180 (epoch 18.559) train_loss=73.16604614 time/batch=0.19s
1096/1180 (epoch 18.576) train_loss=110.65384674 time/batch=0.19s
1097/1180 (epoch 18.593) train_loss=107.65747070 time/batch=0.17s
1098/1180 (epoch 18.610) train_loss=353.80358887 time/batch=0.34s
1099/1180 (epoch 18.627) train_loss=103.90856934 time/batch=0.20s
1100/1180 (epoch 18.644) train_loss=349.36663818 time/batch=0.34s
1101/1180 (epoch 18.661) train_loss=269.86840820 time/batch=0.33s
1102/1180 (epoch 18.678) train_loss=326.36517334 time/batch=0.35s
1103/1180 (epoch 18.695) train_loss=329.03100586 time/batch=0.37s
1104/1180 (epoch 18.712) train_loss=102.11801147 time/batch=0.21s
1105/1180 (epoch 18.729) train_loss=263.12872314 time/batch=0.28s
1106/1180 (epoch 18.746) train_loss=106.64333344 time/batch=0.20s
1107/1180 (epoch 18.763) train_loss=292.01535034 time/batch=0.30s
1108/1180 (epoch 18.780) train_loss=227.67523193 time/batch=1.73s
1109/1180 (epoch 18.797) train_loss=104.11254120 time/batch=0.45s
1110/1180 (epoch 18.814) train_loss=127.51445007 time/batch=0.20s
1111/1180 (epoch 18.831) train_loss=119.12207031 time/batch=0.19s
1112/1180 (epoch 18.847) train_loss=193.35380554 time/batch=0.25s
1113/1180 (epoch 18.864) train_loss=97.53515625 time/batch=0.19s
1114/1180 (epoch 18.881) train_loss=111.40876007 time/batch=0.19s
1115/1180 (epoch 18.898) train_loss=224.67361450 time/batch=0.30s
1116/1180 (epoch 18.915) train_loss=103.41294861 time/batch=0.20s
1117/1180 (epoch 18.932) train_loss=100.89920807 time/batch=0.19s
1118/1180 (epoch 18.949) train_loss=99.66796112 time/batch=0.17s
1119/1180 (epoch 18.966) train_loss=96.05838013 time/batch=0.19s
1120/1180 (epoch 18.983) train_loss=97.69378662 time/batch=0.17s
1121/1180 (epoch 19.000) train_loss=95.62013245 time/batch=0.17s
1122/1180 (epoch 19.017) train_loss=1288.00170898 time/batch=2.64s
1123/1180 (epoch 19.034) train_loss=360.98583984 time/batch=0.78s
1124/1180 (epoch 19.051) train_loss=802.83666992 time/batch=1.39s
1125/1180 (epoch 19.068) train_loss=546.78637695 time/batch=0.70s
1126/1180 (epoch 19.085) train_loss=292.17114258 time/batch=0.37s
1127/1180 (epoch 19.102) train_loss=337.99664307 time/batch=0.35s
1128/1180 (epoch 19.119) train_loss=406.59814453 time/batch=0.42s
1129/1180 (epoch 19.136) train_loss=442.28271484 time/batch=0.49s
1130/1180 (epoch 19.153) train_loss=286.66516113 time/batch=0.34s
1131/1180 (epoch 19.169) train_loss=282.99902344 time/batch=0.33s
1132/1180 (epoch 19.186) train_loss=365.05029297 time/batch=0.39s
1133/1180 (epoch 19.203) train_loss=232.01095581 time/batch=0.28s
1134/1180 (epoch 19.220) train_loss=94.51596832 time/batch=0.19s
1135/1180 (epoch 19.237) train_loss=199.93295288 time/batch=0.25s
1136/1180 (epoch 19.254) train_loss=475.69134521 time/batch=0.50s
1137/1180 (epoch 19.271) train_loss=380.65173340 time/batch=0.44s
1138/1180 (epoch 19.288) train_loss=183.16702271 time/batch=0.25s
1139/1180 (epoch 19.305) train_loss=205.76696777 time/batch=0.25s
1140/1180 (epoch 19.322) train_loss=330.97869873 time/batch=0.34s
1141/1180 (epoch 19.339) train_loss=293.52154541 time/batch=0.33s
1142/1180 (epoch 19.356) train_loss=132.05242920 time/batch=0.22s
1143/1180 (epoch 19.373) train_loss=248.25556946 time/batch=0.28s
1144/1180 (epoch 19.390) train_loss=311.13949585 time/batch=0.33s
1145/1180 (epoch 19.407) train_loss=220.36199951 time/batch=0.28s
1146/1180 (epoch 19.424) train_loss=201.79191589 time/batch=1.77s
1147/1180 (epoch 19.441) train_loss=317.86984253 time/batch=0.61s
1148/1180 (epoch 19.458) train_loss=437.12945557 time/batch=0.44s
1149/1180 (epoch 19.475) train_loss=174.70948792 time/batch=0.24s
1150/1180 (epoch 19.492) train_loss=239.31134033 time/batch=0.28s
1151/1180 (epoch 19.508) train_loss=118.09552002 time/batch=0.20s
1152/1180 (epoch 19.525) train_loss=393.69396973 time/batch=0.39s
1153/1180 (epoch 19.542) train_loss=134.60305786 time/batch=0.24s
1154/1180 (epoch 19.559) train_loss=231.69458008 time/batch=0.27s
1155/1180 (epoch 19.576) train_loss=354.33203125 time/batch=0.37s
1156/1180 (epoch 19.593) train_loss=332.26977539 time/batch=0.38s
1157/1180 (epoch 19.610) train_loss=107.31420898 time/batch=0.20s
1158/1180 (epoch 19.627) train_loss=280.82067871 time/batch=0.30s
1159/1180 (epoch 19.644) train_loss=189.96670532 time/batch=0.27s
1160/1180 (epoch 19.661) train_loss=98.22395325 time/batch=0.19s
1161/1180 (epoch 19.678) train_loss=108.76683044 time/batch=0.19s
1162/1180 (epoch 19.695) train_loss=95.07189941 time/batch=0.19s
1163/1180 (epoch 19.712) train_loss=96.47819519 time/batch=0.17s
1164/1180 (epoch 19.729) train_loss=109.94241333 time/batch=0.19s
1165/1180 (epoch 19.746) train_loss=259.39465332 time/batch=0.28s
1166/1180 (epoch 19.763) train_loss=251.82791138 time/batch=0.30s
1167/1180 (epoch 19.780) train_loss=264.59448242 time/batch=0.30s
1168/1180 (epoch 19.797) train_loss=100.69946289 time/batch=0.20s
1169/1180 (epoch 19.814) train_loss=220.24380493 time/batch=1.72s
1170/1180 (epoch 19.831) train_loss=169.04489136 time/batch=0.55s
1171/1180 (epoch 19.847) train_loss=109.11045837 time/batch=0.20s
1172/1180 (epoch 19.864) train_loss=102.83118439 time/batch=0.19s
1173/1180 (epoch 19.881) train_loss=101.76445007 time/batch=0.19s
1174/1180 (epoch 19.898) train_loss=99.66202545 time/batch=0.17s
1175/1180 (epoch 19.915) train_loss=97.33482361 time/batch=0.19s
1176/1180 (epoch 19.932) train_loss=94.37832642 time/batch=0.17s
1177/1180 (epoch 19.949) train_loss=111.06408691 time/batch=0.19s
1178/1180 (epoch 19.966) train_loss=103.75155640 time/batch=0.19s
1179/1180 (epoch 19.983) train_loss=102.11048889 time/batch=0.19s
1180/1180 (epoch 20.000) train_loss=98.53111267 time/batch=0.17s
  saved to metadata/config5--20190119-183812.pkl
