set(['^E3/', 'G2>', 'G2<', '1/2=56\n', '1/2=60\n', '_A,3', 'G6', '^C,>', 'G4', 'G3', 'G2', '^g3/', 'G>', "e'3/", 'G<', 'G8', "d'<", 'E>', '1/2=100\n', '_E,3/', 'G/', 'G,', '^f3/', 'g6', 'g4', 'g3', 'g2', 'g>', 'g<', 'F2', 'g8', "g'", '_A4', '1/4=152\n', 'g/', '16/2\n', "^c'", '_A2', '^A2', 'B2>', 'B2<', '^A6', 'G,4<', '^A4', 'G,4>', 'F clef=treble\n', 'e//', '8/4\n', '^A<', 'c4<', '_e2>', '_e2<', '_A>', '3/8=60\n', 'e/8', 'e/>', '3/4=60\n', 'e/<', '1/4=100\n', 'b2>', 'b2<', '^a6', '^c>', '^a4', 'A,2>', 'A2<', '^e/', 'e4<', 'n', 'd4', 'M:', 'G,3/', 'B//>', 'g2>', '^c4', 'g2<', 'E,2>', 'Db clef=treble\n', 'F2>', '3/8=144\n', 'Ab clef=treble\n', 'Z4', 'Z5', 'A clef=treble\n', '3/8=132\n', 'Z2', 'Z3', 'z/', '3/4=63\n', 'G,/', '^c7', 'K', 'z<', '1/2=88\n', 'z>', 'Eb clef=treble\n', 'z8', 'G,>', 'z4', '1/2=54\n', '[', 'G,3', 'G,4', 'z2', 'z3', 'A,/', '_G/', 'g4<', 'E clef=treble\n', 'A,>', 'A,<', '6/8\n', 'c//', 'A,8', 'A,6', 'A,4', 'A,2', 'A,3', '3/2\n', '_G2', "d'2<", "d'2>", "d'4>", '12/2\n', 'A4>', 'B,>', '1/4=96\n', "e'2>", 'G/<', 'e7', '3/8=184\n', '_g2', '7/4\n', "c'//", '6/2\n', 'D clef=bass\n', 'C,2>', 'C,2<', 'F/<', "c'/>", '3/8=92\n', 'd7/', '5/8\n', 'F', 'E2<', '^e2', 'E2>', '^e3', '_A8', 'B,3', 'F4>', '_B,2', 'F,2<', 'F,2>', 'F3', 'F4', 'F6', 'f', 'F8', 'c4>', '1/8=152\n', 'F<', '^E3', 'F>', 'F clef=bass\n', '^E/', '^G,2>', '3/8=126\n', 'F,', '1/4=168\n', 'F/', '^e>', 'B,<', 'f2', 'f3', 'f4', 'B,8', 'f6', 'f8', 'B,4', '^e4', 'B,6', 'f<', 'F4<', 'f>', 'B,2', '^D3/', 'D3/', 'B,/', "f'", '^D,4', 'f/', '!', '^B,', 'x/>', 'z2>', 'z2<', '^C,2>', '1/4=88\n', '^B2', '^E4', 'B7/', 'A', '^C3/', 'w', '_b2', 'B,3/', 'G,<', '^G2>', '^D,2', 'D4<', '^B3/', 'L:', '_A2<', 'a', '3/8=108\n', 'e2<', 'e2>', '^C4', '^E2', 'C,3/', '_G7/', 'C3/', '_G', '_E', '_D', '_B', '_A', '^c4<', '^c4>', 'A//', 'f4<', 'f4>', '^d3/', 'd3/', '3/8=80\n', '_g', 'A/>', '_e', '_d', '_c', '_b', '_a', 'A/8', '^G,4', 'D//', '^A3', 'a//', '1/2=63\n', 'D clef=treble\n', '^C3', '2/4\n', 'D/>', 'x//', 'a/>', 'a/<', '^c3/', "e'>", 'A,4>', "e'3", "e'2", 'l', '1/8=120\n', "e'4", 'A,4<', "e'/", 'd4>', 'd4<', "^c'4", '^B4', '|', 'C,/', '^A>', 'b<', '^A,>', '1/8=168\n', '1/4=112\n', 'C,8', 'C,4', 'C,6', 'G4<', 'C,2', '1/4=92\n', 'G clef=treble\n', '^F6', 'E/', '^F4', '^F3', '^F2', 'p', '5/2\n', '^F>', '^F<', '_A,/>', '^F8', 'E<', 'B3/', '3/8=168\n', 'E8', '3/8=63\n', '^F/', 'E4', '_e3/', 'E6', '3/8=152\n', 'E3', 'E2', '^f6', 'e/', '^f4', '^f3', '^f2', 'G', '^f>', "e'", '^f<', "^f'", 'e<', 'e>', 'e8', 'x', '^f/', 'e4', 'A4<', 'e6', 'e3', 'e2', '_B,4', '1/2=120\n', 'd//', 'g', 'z7/', '^A/', 'G,2>', 'd/8', 'G,2<', 'd/>', '^A,', 'd/<', '_B,/', '^D3', 'D4>', '1/4=126\n', '^a2', 'G//', '^F,', '4/4\n', '^G2<', 'D,2>', 'D,2<', '1/2=152\n', 'G/>', 'G/8', 'K:', '1/4=76\n', 'A,2<', '^C//', '^b', '_D,', '1/2=48\n', 'A3/', 'g4>', '^g2>', '^C,3', 'B', 'x/', '^C,6', '3/8=84\n', '3/8=72\n', 'x8', 'x>', 'b3/', 'x2', 'x3', 'x6', 'x7', 'x4', 'b//>', '_E3/', 'b', 'G,//', '7/8\n', "e'6", '3/4=69\n', 'r', 'G,/>', 'a4>', 'G//>', 'a4<', 'B/8', "d'8", '^G,3', '^G,2', '1/4=176\n', 'Q:', 'D,/', 'D,3', 'D,2', 'F7/', 'D,6', '1/4=160\n', 'D,4', 'D,8', 'D,>', '^d<', 'g//', 'B/>', '^d>', 'D7/', '^a/', 'g/<', 'g/>', 'g/8', 'c7/', "f'4", 'Bb clef=bass\n', 'M', '1/4\n', "f'3", '9/8\n', "f'/", '^A', '^B', '^C', ']', '^E', '^F', '^G', 'D/', 'D,', '^C,', '^C/', 'B4<', 'B4>', 'm', 'D>', 'D<', '^C>', 'E,2<', 'D6', '^a', '^C2', '^c', 'D2', 'D3', '^f', '^g', 'd/', '^c/', "d'", 'B//', '3/8=240\n', 'd>', '3/8=69\n', 'd<', '^C2<', '^c<', 'd8', 'C<', 'd6', '^c2', '^c3', 'd2', 'd3', '^c6', 'F2<', '_B>', '_B3/', '_B<', 'Z', '^C2>', '_B8', '_B6', '(', '_B4', '_B2', '_B3', '_f/', 'A7/', '_B/', "c'2>", 'x2>', '_b>', '_b3/', '_b<', '1/2=52\n', 'D,//', '_b6', '_b4', 'C2>', '_b3', 'C2<', '1/4=84\n', '_b/', '^e/>', '3/8=88\n', 'Z6', 'Z7', '_E/', '_E,', '^F,>', '_E>', '_E3', '_E2', '_E6', '_E4', '_e/', 'z6', "_e'", '_e8', '_e>', '_e<', '_e3', '_e2', '_e6', '^B//', '_e4', '1/8=160\n', '^g2<', 'z//', '^c2>', '^c2<', '_A<', 'f2>', 'z/>', 'f2<', '^A/>', 'C', '^G//', '2/2\n', 'E4>', 'G7/', '^F/>', '3/8=160\n', "d'/", 'E4<', 'C/>', "d'2", '^A//', "d'6", "d'4", '^F//', "d'>", '_E//', '^G4', 'G,8', 'c', 'A//>', '^G2', '^G3', '^G>', 'c2>', 'c2<', 'G clef=bass\n', '3/8=100\n', 's', '_d2<', '^F,2>', '^G,', '3/8=112\n', '^G/', '_a2<', '^g4', '1/2=80\n', '^g6', '^d/>', '^g2', '^g3', '^g>', '^g8', ',', 'G,6', '1/4=138\n', '^d//', 'g//>', '^g/', 'G,2', 'C/', 'C,', '_B/>', '.', 'C//', 'C8', 'C>', '^c/>', '8/8\n', 'C3', 'C2', 'C6', 'C4', '^G,>', 'c/', '1/2=76\n', '^F2>', '^F2<', "c'", '^G6', 'D,3/', 'c8', 'c>', 'c<', 'c3', 'c2', 'c7', 'c6', 'c4', 'A/<', '_A3', '9/4\n', '_a2>', 'c/8', 'g7/', '^f/>', 'e4>', 'c/<', 'A2>', 'c/>', '1/4=120\n', '1/2=96\n', '_A/', '^f//', '_A,', '_e//', '_a4', '_a3', '_a2', '_A2>', '_a>', 'F/>', '^g//', 'a2<', '^A3/', 'a2>', '_A,/', '_e4>', '1/2=66\n', 'F//', ')', 'B,/>', 'D4', '^F3/', '_a//', 'D,<', "d'//", 'I', '3/8=176\n', "c'2<", '3/8=96\n', 'G3/', '1/16\n', 'd//>', '^f2>', '^f2<', 'B clef=treble\n', '^F,/', 'E7/', '3/8=116\n', '_E,/', '3/4=66\n', '_a3/', 'F,//', '_E,>', '^F,4', '^F,6', '1/4=72\n', '^F,2', '^F,3', 'F,3/', 'f/<', 'f/>', 'f/8', 'Eb clef=bass\n', 'f//', '_B,', 'D', '3/8=138\n', 'A6', 'C,//', 'F3/', '1/2=44\n', 'A,3/', '^e2<', 'E,8', '^e2>', '_A,4', '1/2=72\n', '_A,2', 'E,3/', "c'3/", '14/2\n', 'd', 'B,', 'B/', 'B4', '1/4=132\n', 'B6', 'B7', 't', 'B2', 'B3', 'B<', 'B>', 'B8', 'g3/', 'E,/', '1/2=92\n', 'b/', '3/4\n', '4/2\n', 'b4', 'b6', 'E,>', '_b2<', 'b2', 'b3', 'E,2', 'E,3', 'b>', '12/8\n', 'E,6', 'E,4', 'e7/', "d'3", 'F,>', '1/8=144\n', '_a/', '^e//', '1/8=176\n', '^C,2', '_D4', '_B2<', '1/8=240\n', '_d/', '_B2>', 'F,4', 'F,4<', "f'2", '_d>', '_d2', '_d4', "d'3/", '1/4=69\n', '1/4=56\n', 'a3/', '1/8\n', '^c//', '_B,2>', 'o', 'f3/', '^A2>', '^C,4', 'x3/', 'a4', '2/1\n', 'F,/', '^c8', '3/8=120\n', 'A,//', "^c'/", "^c'2", '1/4=60\n', 'E3/', 'A,/>', '1/4=80\n', '5/4\n', '3/8=66\n', 'i', '^D>', '^D', '1/2=104\n', '^D2', '^G,3/', '^D4', 'E/>', '_A3/', '^D/', '2/8\n', '^F,3/', '^D2<', '^D2>', 'C clef=bass\n', 'B/<', 'D2<', "c'/", 'D2>', '1/2=84\n', '^d3', '^d2', '^d4', '^d6', '1/4=144\n', "c'8", 'f7/', "c'<", '^d/', "c'>", 'b/<', "c'3", "c'2", 'C clef=treble\n', "c'4", "c'6", "^d'2", 'B,//', 'C,>', '_B//', '1/4=104\n', '3/8=76\n', 'z', "^d'/", '3/8\n', 'E,<', '^G3/', 'Bb clef=treble\n', '_b2>', '1/8=112\n', '1/4=108\n', 'F/8', '1/4=192\n', 'B,2<', 'B,2>', 'b8', "g'2", 'A,', 'A/', '10/2\n', '1/4=46\n', 'A3', 'A2', 'A4', '6/4\n', 'e3/', 'A8', 'C,3', 'A<', 'A>', '8/16\n', 'E', 'D8', 'E,', 'F,3', 'F,2', 'E//', 'c3/', 'a/', 'F,6', 'a3', 'a2', '_E2>', '1/2=69\n', '_E2<', 'a6', 'a8', 'E/8', 'a<', 'G4>', 'a>', '^d2>', 'z3/', 'e', 'd2<', 'b/>', 'd2>', '^d', '4/8\n', '^e', '^G4>', 'u', "_e'2", 'b//'])
vocabulary size: 872
n tunes: 18107
n train tunes: 17211
n validation tunes: 896
min, max length 18 2378
Building the model
  number of parameters: 3192744
  layer output shapes:               #params:   output shape:
    InputLayer                       0          (32, None)
    EmbeddingLayer                   760384     (32, None, 872)
    InputLayer                       0          (32, None)
    LSTMLayer                        1156608    (32, None, 256)
    DropoutLayer                     0          (32, None, 256)
    LSTMLayer                        525824     (32, None, 256)
    DropoutLayer                     0          (32, None, 256)
    LSTMLayer                        525824     (32, None, 256)
    DropoutLayer                     0          (32, None, 256)
    ReshapeLayer                     0          (None, 256)
    DenseLayer                       224104     (None, 872)
Train model
1/53700 (epoch 0.002) train_loss=1252.58679199 time/batch=0.99s
2/53700 (epoch 0.004) train_loss=5162.07324219 time/batch=1.21s
3/53700 (epoch 0.006) train_loss=2379.64184570 time/batch=0.53s
4/53700 (epoch 0.007) train_loss=657.17126465 time/batch=0.18s
5/53700 (epoch 0.009) train_loss=914.37231445 time/batch=0.21s
6/53700 (epoch 0.011) train_loss=422.73895264 time/batch=0.12s
7/53700 (epoch 0.013) train_loss=532.90905762 time/batch=0.13s
8/53700 (epoch 0.015) train_loss=2034.73583984 time/batch=0.49s
9/53700 (epoch 0.017) train_l